[0.044s] DEBUG:colcon:Command line arguments: ['/usr/bin/colcon', 'list', '-p', '--base-paths', '/home/parallels/Documents/ros2_ws']
[0.044s] DEBUG:colcon:Parsed command line arguments: Namespace(log_base=None, log_level=None, verb_name='list', build_base='build', ignore_user_meta=False, metas=['./colcon.meta'], base_paths=['/home/parallels/Documents/ros2_ws'], packages_ignore=None, packages_ignore_regex=None, paths=None, packages_up_to=None, packages_up_to_regex=None, packages_above=None, packages_above_and_dependencies=None, packages_above_depth=None, packages_select_by_dep=None, packages_skip_by_dep=None, packages_skip_up_to=None, packages_select_build_failed=False, packages_skip_build_finished=False, packages_select_test_failures=False, packages_skip_test_passed=False, packages_select=None, packages_skip=None, packages_select_regex=None, packages_skip_regex=None, packages_start=None, packages_end=None, allow_overriding=[], topological_order=False, names_only=False, paths_only=True, topological_graph=False, topological_graph_dot=False, topological_graph_density=False, topological_graph_legend=False, topological_graph_dot_cluster=False, topological_graph_dot_include_skipped=False, verb_parser=<colcon_defaults.argument_parser.defaults.DefaultArgumentsDecorator object at 0xffff827f58d0>, verb_extension=<colcon_package_information.verb.list.ListVerb object at 0xffff82909c60>, main=<bound method ListVerb.main of <colcon_package_information.verb.list.ListVerb object at 0xffff82909c60>>)
[0.129s] Level 1:colcon.colcon_core.package_discovery:discover_packages(colcon_meta) check parameters
[0.129s] Level 1:colcon.colcon_core.package_discovery:discover_packages(recursive) check parameters
[0.129s] Level 1:colcon.colcon_core.package_discovery:discover_packages(ignore) check parameters
[0.129s] Level 1:colcon.colcon_core.package_discovery:discover_packages(path) check parameters
[0.129s] Level 1:colcon.colcon_core.package_discovery:discover_packages(recursive) discover
[0.129s] INFO:colcon.colcon_core.package_discovery:Crawling recursively for packages in '/home/parallels/Documents/ros2_ws'
[0.129s] Level 1:colcon.colcon_core.package_identification:_identify(/home/parallels/Documents/ros2_ws) by extensions ['ignore', 'ignore_ament_install']
[0.129s] Level 1:colcon.colcon_core.package_identification:_identify(/home/parallels/Documents/ros2_ws) by extension 'ignore'
[0.129s] Level 1:colcon.colcon_core.package_identification:_identify(/home/parallels/Documents/ros2_ws) by extension 'ignore_ament_install'
[0.129s] Level 1:colcon.colcon_core.package_identification:_identify(/home/parallels/Documents/ros2_ws) by extensions ['colcon_pkg']
[0.129s] Level 1:colcon.colcon_core.package_identification:_identify(/home/parallels/Documents/ros2_ws) by extension 'colcon_pkg'
[0.129s] Level 1:colcon.colcon_core.package_identification:_identify(/home/parallels/Documents/ros2_ws) by extensions ['colcon_meta']
[0.129s] Level 1:colcon.colcon_core.package_identification:_identify(/home/parallels/Documents/ros2_ws) by extension 'colcon_meta'
[0.129s] Level 1:colcon.colcon_core.package_identification:_identify(/home/parallels/Documents/ros2_ws) by extensions ['ros']
[0.130s] Level 1:colcon.colcon_core.package_identification:_identify(/home/parallels/Documents/ros2_ws) by extension 'ros'
[0.138s] Level 1:colcon.colcon_core.package_identification:_identify(/home/parallels/Documents/ros2_ws) by extensions ['cmake', 'python']
[0.138s] Level 1:colcon.colcon_core.package_identification:_identify(/home/parallels/Documents/ros2_ws) by extension 'cmake'
[0.138s] Level 1:colcon.colcon_core.package_identification:_identify(/home/parallels/Documents/ros2_ws) by extension 'python'
[0.138s] Level 1:colcon.colcon_core.package_identification:_identify(/home/parallels/Documents/ros2_ws) by extensions ['python_setup_py']
[0.138s] Level 1:colcon.colcon_core.package_identification:_identify(/home/parallels/Documents/ros2_ws) by extension 'python_setup_py'
[0.138s] Level 1:colcon.colcon_core.package_identification:_identify(/home/parallels/Documents/ros2_ws/build) by extensions ['ignore', 'ignore_ament_install']
[0.138s] Level 1:colcon.colcon_core.package_identification:_identify(/home/parallels/Documents/ros2_ws/build) by extension 'ignore'
[0.138s] Level 1:colcon.colcon_core.package_identification:_identify(/home/parallels/Documents/ros2_ws/build) ignored
[0.138s] Level 1:colcon.colcon_core.package_identification:_identify(/home/parallels/Documents/ros2_ws/install) by extensions ['ignore', 'ignore_ament_install']
[0.138s] Level 1:colcon.colcon_core.package_identification:_identify(/home/parallels/Documents/ros2_ws/install) by extension 'ignore'
[0.138s] Level 1:colcon.colcon_core.package_identification:_identify(/home/parallels/Documents/ros2_ws/install) ignored
[0.138s] Level 1:colcon.colcon_core.package_identification:_identify(/home/parallels/Documents/ros2_ws/log) by extensions ['ignore', 'ignore_ament_install']
[0.139s] Level 1:colcon.colcon_core.package_identification:_identify(/home/parallels/Documents/ros2_ws/log) by extension 'ignore'
[0.139s] Level 1:colcon.colcon_core.package_identification:_identify(/home/parallels/Documents/ros2_ws/log) ignored
[0.139s] Level 1:colcon.colcon_core.package_identification:_identify(/home/parallels/Documents/ros2_ws/src) by extensions ['ignore', 'ignore_ament_install']
[0.139s] Level 1:colcon.colcon_core.package_identification:_identify(/home/parallels/Documents/ros2_ws/src) by extension 'ignore'
[0.139s] Level 1:colcon.colcon_core.package_identification:_identify(/home/parallels/Documents/ros2_ws/src) by extension 'ignore_ament_install'
[0.139s] Level 1:colcon.colcon_core.package_identification:_identify(/home/parallels/Documents/ros2_ws/src) by extensions ['colcon_pkg']
[0.139s] Level 1:colcon.colcon_core.package_identification:_identify(/home/parallels/Documents/ros2_ws/src) by extension 'colcon_pkg'
[0.139s] Level 1:colcon.colcon_core.package_identification:_identify(/home/parallels/Documents/ros2_ws/src) by extensions ['colcon_meta']
[0.139s] Level 1:colcon.colcon_core.package_identification:_identify(/home/parallels/Documents/ros2_ws/src) by extension 'colcon_meta'
[0.139s] Level 1:colcon.colcon_core.package_identification:_identify(/home/parallels/Documents/ros2_ws/src) by extensions ['ros']
[0.139s] Level 1:colcon.colcon_core.package_identification:_identify(/home/parallels/Documents/ros2_ws/src) by extension 'ros'
[0.139s] Level 1:colcon.colcon_core.package_identification:_identify(/home/parallels/Documents/ros2_ws/src) by extensions ['cmake', 'python']
[0.139s] Level 1:colcon.colcon_core.package_identification:_identify(/home/parallels/Documents/ros2_ws/src) by extension 'cmake'
[0.139s] Level 1:colcon.colcon_core.package_identification:_identify(/home/parallels/Documents/ros2_ws/src) by extension 'python'
[0.139s] Level 1:colcon.colcon_core.package_identification:_identify(/home/parallels/Documents/ros2_ws/src) by extensions ['python_setup_py']
[0.139s] Level 1:colcon.colcon_core.package_identification:_identify(/home/parallels/Documents/ros2_ws/src) by extension 'python_setup_py'
[0.139s] Level 1:colcon.colcon_core.package_identification:_identify(/home/parallels/Documents/ros2_ws/src/rosbot_ros) by extensions ['ignore', 'ignore_ament_install']
[0.139s] Level 1:colcon.colcon_core.package_identification:_identify(/home/parallels/Documents/ros2_ws/src/rosbot_ros) by extension 'ignore'
[0.139s] Level 1:colcon.colcon_core.package_identification:_identify(/home/parallels/Documents/ros2_ws/src/rosbot_ros) by extension 'ignore_ament_install'
[0.139s] Level 1:colcon.colcon_core.package_identification:_identify(/home/parallels/Documents/ros2_ws/src/rosbot_ros) by extensions ['colcon_pkg']
[0.139s] Level 1:colcon.colcon_core.package_identification:_identify(/home/parallels/Documents/ros2_ws/src/rosbot_ros) by extension 'colcon_pkg'
[0.139s] Level 1:colcon.colcon_core.package_identification:_identify(/home/parallels/Documents/ros2_ws/src/rosbot_ros) by extensions ['colcon_meta']
[0.139s] Level 1:colcon.colcon_core.package_identification:_identify(/home/parallels/Documents/ros2_ws/src/rosbot_ros) by extension 'colcon_meta'
[0.139s] Level 1:colcon.colcon_core.package_identification:_identify(/home/parallels/Documents/ros2_ws/src/rosbot_ros) by extensions ['ros']
[0.139s] Level 1:colcon.colcon_core.package_identification:_identify(/home/parallels/Documents/ros2_ws/src/rosbot_ros) by extension 'ros'
[0.139s] Level 1:colcon.colcon_core.package_identification:_identify(/home/parallels/Documents/ros2_ws/src/rosbot_ros) by extensions ['cmake', 'python']
[0.139s] Level 1:colcon.colcon_core.package_identification:_identify(/home/parallels/Documents/ros2_ws/src/rosbot_ros) by extension 'cmake'
[0.139s] Level 1:colcon.colcon_core.package_identification:_identify(/home/parallels/Documents/ros2_ws/src/rosbot_ros) by extension 'python'
[0.139s] Level 1:colcon.colcon_core.package_identification:_identify(/home/parallels/Documents/ros2_ws/src/rosbot_ros) by extensions ['python_setup_py']
[0.139s] Level 1:colcon.colcon_core.package_identification:_identify(/home/parallels/Documents/ros2_ws/src/rosbot_ros) by extension 'python_setup_py'
[0.139s] Level 1:colcon.colcon_core.package_identification:_identify(/home/parallels/Documents/ros2_ws/src/rosbot_ros/rosbot) by extensions ['ignore', 'ignore_ament_install']
[0.139s] Level 1:colcon.colcon_core.package_identification:_identify(/home/parallels/Documents/ros2_ws/src/rosbot_ros/rosbot) by extension 'ignore'
[0.139s] Level 1:colcon.colcon_core.package_identification:_identify(/home/parallels/Documents/ros2_ws/src/rosbot_ros/rosbot) by extension 'ignore_ament_install'
[0.139s] Level 1:colcon.colcon_core.package_identification:_identify(/home/parallels/Documents/ros2_ws/src/rosbot_ros/rosbot) by extensions ['colcon_pkg']
[0.139s] Level 1:colcon.colcon_core.package_identification:_identify(/home/parallels/Documents/ros2_ws/src/rosbot_ros/rosbot) by extension 'colcon_pkg'
[0.139s] Level 1:colcon.colcon_core.package_identification:_identify(/home/parallels/Documents/ros2_ws/src/rosbot_ros/rosbot) by extensions ['colcon_meta']
[0.139s] Level 1:colcon.colcon_core.package_identification:_identify(/home/parallels/Documents/ros2_ws/src/rosbot_ros/rosbot) by extension 'colcon_meta'
[0.139s] Level 1:colcon.colcon_core.package_identification:_identify(/home/parallels/Documents/ros2_ws/src/rosbot_ros/rosbot) by extensions ['ros']
[0.139s] Level 1:colcon.colcon_core.package_identification:_identify(/home/parallels/Documents/ros2_ws/src/rosbot_ros/rosbot) by extension 'ros'
[0.143s] DEBUG:colcon.colcon_core.package_identification:Package '/home/parallels/Documents/ros2_ws/src/rosbot_ros/rosbot' with type 'ros.ament_cmake' and name 'rosbot'
[0.143s] Level 1:colcon.colcon_core.package_identification:_identify(/home/parallels/Documents/ros2_ws/src/rosbot_ros/rosbot_bringup) by extensions ['ignore', 'ignore_ament_install']
[0.143s] Level 1:colcon.colcon_core.package_identification:_identify(/home/parallels/Documents/ros2_ws/src/rosbot_ros/rosbot_bringup) by extension 'ignore'
[0.143s] Level 1:colcon.colcon_core.package_identification:_identify(/home/parallels/Documents/ros2_ws/src/rosbot_ros/rosbot_bringup) by extension 'ignore_ament_install'
[0.143s] Level 1:colcon.colcon_core.package_identification:_identify(/home/parallels/Documents/ros2_ws/src/rosbot_ros/rosbot_bringup) by extensions ['colcon_pkg']
[0.143s] Level 1:colcon.colcon_core.package_identification:_identify(/home/parallels/Documents/ros2_ws/src/rosbot_ros/rosbot_bringup) by extension 'colcon_pkg'
[0.143s] Level 1:colcon.colcon_core.package_identification:_identify(/home/parallels/Documents/ros2_ws/src/rosbot_ros/rosbot_bringup) by extensions ['colcon_meta']
[0.143s] Level 1:colcon.colcon_core.package_identification:_identify(/home/parallels/Documents/ros2_ws/src/rosbot_ros/rosbot_bringup) by extension 'colcon_meta'
[0.143s] Level 1:colcon.colcon_core.package_identification:_identify(/home/parallels/Documents/ros2_ws/src/rosbot_ros/rosbot_bringup) by extensions ['ros']
[0.143s] Level 1:colcon.colcon_core.package_identification:_identify(/home/parallels/Documents/ros2_ws/src/rosbot_ros/rosbot_bringup) by extension 'ros'
[0.144s] DEBUG:colcon.colcon_core.package_identification:Package '/home/parallels/Documents/ros2_ws/src/rosbot_ros/rosbot_bringup' with type 'ros.ament_python' and name 'rosbot_bringup'
[0.144s] Level 1:colcon.colcon_core.package_identification:_identify(/home/parallels/Documents/ros2_ws/src/rosbot_ros/rosbot_controller) by extensions ['ignore', 'ignore_ament_install']
[0.144s] Level 1:colcon.colcon_core.package_identification:_identify(/home/parallels/Documents/ros2_ws/src/rosbot_ros/rosbot_controller) by extension 'ignore'
[0.144s] Level 1:colcon.colcon_core.package_identification:_identify(/home/parallels/Documents/ros2_ws/src/rosbot_ros/rosbot_controller) by extension 'ignore_ament_install'
[0.144s] Level 1:colcon.colcon_core.package_identification:_identify(/home/parallels/Documents/ros2_ws/src/rosbot_ros/rosbot_controller) by extensions ['colcon_pkg']
[0.144s] Level 1:colcon.colcon_core.package_identification:_identify(/home/parallels/Documents/ros2_ws/src/rosbot_ros/rosbot_controller) by extension 'colcon_pkg'
[0.144s] Level 1:colcon.colcon_core.package_identification:_identify(/home/parallels/Documents/ros2_ws/src/rosbot_ros/rosbot_controller) by extensions ['colcon_meta']
[0.144s] Level 1:colcon.colcon_core.package_identification:_identify(/home/parallels/Documents/ros2_ws/src/rosbot_ros/rosbot_controller) by extension 'colcon_meta'
[0.144s] Level 1:colcon.colcon_core.package_identification:_identify(/home/parallels/Documents/ros2_ws/src/rosbot_ros/rosbot_controller) by extensions ['ros']
[0.144s] Level 1:colcon.colcon_core.package_identification:_identify(/home/parallels/Documents/ros2_ws/src/rosbot_ros/rosbot_controller) by extension 'ros'
[0.144s] DEBUG:colcon.colcon_core.package_identification:Package '/home/parallels/Documents/ros2_ws/src/rosbot_ros/rosbot_controller' with type 'ros.ament_python' and name 'rosbot_controller'
[0.144s] Level 1:colcon.colcon_core.package_identification:_identify(/home/parallels/Documents/ros2_ws/src/rosbot_ros/rosbot_description) by extensions ['ignore', 'ignore_ament_install']
[0.144s] Level 1:colcon.colcon_core.package_identification:_identify(/home/parallels/Documents/ros2_ws/src/rosbot_ros/rosbot_description) by extension 'ignore'
[0.144s] Level 1:colcon.colcon_core.package_identification:_identify(/home/parallels/Documents/ros2_ws/src/rosbot_ros/rosbot_description) by extension 'ignore_ament_install'
[0.144s] Level 1:colcon.colcon_core.package_identification:_identify(/home/parallels/Documents/ros2_ws/src/rosbot_ros/rosbot_description) by extensions ['colcon_pkg']
[0.144s] Level 1:colcon.colcon_core.package_identification:_identify(/home/parallels/Documents/ros2_ws/src/rosbot_ros/rosbot_description) by extension 'colcon_pkg'
[0.144s] Level 1:colcon.colcon_core.package_identification:_identify(/home/parallels/Documents/ros2_ws/src/rosbot_ros/rosbot_description) by extensions ['colcon_meta']
[0.145s] Level 1:colcon.colcon_core.package_identification:_identify(/home/parallels/Documents/ros2_ws/src/rosbot_ros/rosbot_description) by extension 'colcon_meta'
[0.145s] Level 1:colcon.colcon_core.package_identification:_identify(/home/parallels/Documents/ros2_ws/src/rosbot_ros/rosbot_description) by extensions ['ros']
[0.145s] Level 1:colcon.colcon_core.package_identification:_identify(/home/parallels/Documents/ros2_ws/src/rosbot_ros/rosbot_description) by extension 'ros'
[0.145s] DEBUG:colcon.colcon_core.package_identification:Package '/home/parallels/Documents/ros2_ws/src/rosbot_ros/rosbot_description' with type 'ros.ament_cmake' and name 'rosbot_description'
[0.145s] Level 1:colcon.colcon_core.package_identification:_identify(/home/parallels/Documents/ros2_ws/src/rosbot_ros/rosbot_gazebo) by extensions ['ignore', 'ignore_ament_install']
[0.145s] Level 1:colcon.colcon_core.package_identification:_identify(/home/parallels/Documents/ros2_ws/src/rosbot_ros/rosbot_gazebo) by extension 'ignore'
[0.145s] Level 1:colcon.colcon_core.package_identification:_identify(/home/parallels/Documents/ros2_ws/src/rosbot_ros/rosbot_gazebo) by extension 'ignore_ament_install'
[0.145s] Level 1:colcon.colcon_core.package_identification:_identify(/home/parallels/Documents/ros2_ws/src/rosbot_ros/rosbot_gazebo) by extensions ['colcon_pkg']
[0.145s] Level 1:colcon.colcon_core.package_identification:_identify(/home/parallels/Documents/ros2_ws/src/rosbot_ros/rosbot_gazebo) by extension 'colcon_pkg'
[0.145s] Level 1:colcon.colcon_core.package_identification:_identify(/home/parallels/Documents/ros2_ws/src/rosbot_ros/rosbot_gazebo) by extensions ['colcon_meta']
[0.145s] Level 1:colcon.colcon_core.package_identification:_identify(/home/parallels/Documents/ros2_ws/src/rosbot_ros/rosbot_gazebo) by extension 'colcon_meta'
[0.145s] Level 1:colcon.colcon_core.package_identification:_identify(/home/parallels/Documents/ros2_ws/src/rosbot_ros/rosbot_gazebo) by extensions ['ros']
[0.145s] Level 1:colcon.colcon_core.package_identification:_identify(/home/parallels/Documents/ros2_ws/src/rosbot_ros/rosbot_gazebo) by extension 'ros'
[0.145s] DEBUG:colcon.colcon_core.package_identification:Package '/home/parallels/Documents/ros2_ws/src/rosbot_ros/rosbot_gazebo' with type 'ros.ament_python' and name 'rosbot_gazebo'
[0.145s] Level 1:colcon.colcon_core.package_identification:_identify(/home/parallels/Documents/ros2_ws/src/rosbot_ros/rosbot_utils) by extensions ['ignore', 'ignore_ament_install']
[0.145s] Level 1:colcon.colcon_core.package_identification:_identify(/home/parallels/Documents/ros2_ws/src/rosbot_ros/rosbot_utils) by extension 'ignore'
[0.145s] Level 1:colcon.colcon_core.package_identification:_identify(/home/parallels/Documents/ros2_ws/src/rosbot_ros/rosbot_utils) by extension 'ignore_ament_install'
[0.145s] Level 1:colcon.colcon_core.package_identification:_identify(/home/parallels/Documents/ros2_ws/src/rosbot_ros/rosbot_utils) by extensions ['colcon_pkg']
[0.145s] Level 1:colcon.colcon_core.package_identification:_identify(/home/parallels/Documents/ros2_ws/src/rosbot_ros/rosbot_utils) by extension 'colcon_pkg'
[0.145s] Level 1:colcon.colcon_core.package_identification:_identify(/home/parallels/Documents/ros2_ws/src/rosbot_ros/rosbot_utils) by extensions ['colcon_meta']
[0.146s] Level 1:colcon.colcon_core.package_identification:_identify(/home/parallels/Documents/ros2_ws/src/rosbot_ros/rosbot_utils) by extension 'colcon_meta'
[0.146s] Level 1:colcon.colcon_core.package_identification:_identify(/home/parallels/Documents/ros2_ws/src/rosbot_ros/rosbot_utils) by extensions ['ros']
[0.146s] Level 1:colcon.colcon_core.package_identification:_identify(/home/parallels/Documents/ros2_ws/src/rosbot_ros/rosbot_utils) by extension 'ros'
[0.146s] DEBUG:colcon.colcon_core.package_identification:Package '/home/parallels/Documents/ros2_ws/src/rosbot_ros/rosbot_utils' with type 'ros.ament_python' and name 'rosbot_utils'
[0.146s] Level 1:colcon.colcon_core.package_identification:_identify(/home/parallels/Documents/ros2_ws/src/rosbot_ros/tools) by extensions ['ignore', 'ignore_ament_install']
[0.146s] Level 1:colcon.colcon_core.package_identification:_identify(/home/parallels/Documents/ros2_ws/src/rosbot_ros/tools) by extension 'ignore'
[0.146s] Level 1:colcon.colcon_core.package_identification:_identify(/home/parallels/Documents/ros2_ws/src/rosbot_ros/tools) by extension 'ignore_ament_install'
[0.146s] Level 1:colcon.colcon_core.package_identification:_identify(/home/parallels/Documents/ros2_ws/src/rosbot_ros/tools) by extensions ['colcon_pkg']
[0.146s] Level 1:colcon.colcon_core.package_identification:_identify(/home/parallels/Documents/ros2_ws/src/rosbot_ros/tools) by extension 'colcon_pkg'
[0.146s] Level 1:colcon.colcon_core.package_identification:_identify(/home/parallels/Documents/ros2_ws/src/rosbot_ros/tools) by extensions ['colcon_meta']
[0.146s] Level 1:colcon.colcon_core.package_identification:_identify(/home/parallels/Documents/ros2_ws/src/rosbot_ros/tools) by extension 'colcon_meta'
[0.146s] Level 1:colcon.colcon_core.package_identification:_identify(/home/parallels/Documents/ros2_ws/src/rosbot_ros/tools) by extensions ['ros']
[0.146s] Level 1:colcon.colcon_core.package_identification:_identify(/home/parallels/Documents/ros2_ws/src/rosbot_ros/tools) by extension 'ros'
[0.146s] Level 1:colcon.colcon_core.package_identification:_identify(/home/parallels/Documents/ros2_ws/src/rosbot_ros/tools) by extensions ['cmake', 'python']
[0.146s] Level 1:colcon.colcon_core.package_identification:_identify(/home/parallels/Documents/ros2_ws/src/rosbot_ros/tools) by extension 'cmake'
[0.146s] Level 1:colcon.colcon_core.package_identification:_identify(/home/parallels/Documents/ros2_ws/src/rosbot_ros/tools) by extension 'python'
[0.146s] Level 1:colcon.colcon_core.package_identification:_identify(/home/parallels/Documents/ros2_ws/src/rosbot_ros/tools) by extensions ['python_setup_py']
[0.146s] Level 1:colcon.colcon_core.package_identification:_identify(/home/parallels/Documents/ros2_ws/src/rosbot_ros/tools) by extension 'python_setup_py'
[0.146s] Level 1:colcon.colcon_core.package_discovery:discover_packages(recursive) using defaults
