[0.008s] Invoking command in '/home/parallels/Documents/ros2_ws/build/rosbot_description': CMAKE_PREFIX_PATH=/opt/ros/humble /usr/bin/cmake /home/parallels/Documents/ros2_ws/src/rosbot_ros/rosbot_description -DCMAKE_INSTALL_PREFIX=/home/parallels/Documents/ros2_ws/install/rosbot_description
[0.092s] -- The C compiler identification is GNU 11.4.0
[0.154s] -- The CXX compiler identification is GNU 11.4.0
[0.160s] -- Detecting C compiler ABI info
[0.193s] -- Detecting C compiler ABI info - done
[0.197s] -- Check for working C compiler: /usr/bin/cc - skipped
[0.197s] -- Detecting C compile features
[0.197s] -- Detecting C compile features - done
[0.199s] -- Detecting CXX compiler ABI info
[0.244s] -- Detecting CXX compiler ABI info - done
[0.250s] -- Check for working CXX compiler: /usr/bin/c++ - skipped
[0.250s] -- Detecting CXX compile features
[0.250s] -- Detecting CXX compile features - done
[0.255s] -- Found ament_cmake: 1.3.8 (/opt/ros/humble/share/ament_cmake/cmake)
[0.340s] -- Found Python3: /usr/bin/python3 (found version "3.10.12") found components: Interpreter 
[0.440s] -- Configuring done
[0.441s] -- Generating done
[0.442s] -- Build files have been written to: /home/parallels/Documents/ros2_ws/build/rosbot_description
[0.446s] Invoked command in '/home/parallels/Documents/ros2_ws/build/rosbot_description' returned '0': CMAKE_PREFIX_PATH=/opt/ros/humble /usr/bin/cmake /home/parallels/Documents/ros2_ws/src/rosbot_ros/rosbot_description -DCMAKE_INSTALL_PREFIX=/home/parallels/Documents/ros2_ws/install/rosbot_description
[0.446s] Invoking command in '/home/parallels/Documents/ros2_ws/build/rosbot_description': CMAKE_PREFIX_PATH=/opt/ros/humble /usr/bin/cmake --build /home/parallels/Documents/ros2_ws/build/rosbot_description -- -j4 -l4
[0.463s] Invoked command in '/home/parallels/Documents/ros2_ws/build/rosbot_description' returned '0': CMAKE_PREFIX_PATH=/opt/ros/humble /usr/bin/cmake --build /home/parallels/Documents/ros2_ws/build/rosbot_description -- -j4 -l4
[0.476s] Invoking command in '/home/parallels/Documents/ros2_ws/build/rosbot_description': CMAKE_PREFIX_PATH=/opt/ros/humble /usr/bin/cmake --install /home/parallels/Documents/ros2_ws/build/rosbot_description
[0.478s] -- Install configuration: ""
[0.478s] -- Installing: /home/parallels/Documents/ros2_ws/install/rosbot_description/share/rosbot_description/meshes
[0.478s] -- Installing: /home/parallels/Documents/ros2_ws/install/rosbot_description/share/rosbot_description/meshes/cover.stl
[0.478s] -- Installing: /home/parallels/Documents/ros2_ws/install/rosbot_description/share/rosbot_description/meshes/wheel_a.dae
[0.479s] -- Installing: /home/parallels/Documents/ros2_ws/install/rosbot_description/share/rosbot_description/meshes/body.stl
[0.479s] -- Installing: /home/parallels/Documents/ros2_ws/install/rosbot_description/share/rosbot_description/meshes/mecanum_a.dae
[0.483s] -- Installing: /home/parallels/Documents/ros2_ws/install/rosbot_description/share/rosbot_description/meshes/wheel_b.dae
[0.483s] -- Installing: /home/parallels/Documents/ros2_ws/install/rosbot_description/share/rosbot_description/meshes/mecanum_b.dae
[0.488s] -- Installing: /home/parallels/Documents/ros2_ws/install/rosbot_description/share/rosbot_description/urdf
[0.488s] -- Installing: /home/parallels/Documents/ros2_ws/install/rosbot_description/share/rosbot_description/urdf/rosbot_macro.urdf.xacro
[0.488s] -- Installing: /home/parallels/Documents/ros2_ws/install/rosbot_description/share/rosbot_description/urdf/body.urdf.xacro
[0.489s] -- Installing: /home/parallels/Documents/ros2_ws/install/rosbot_description/share/rosbot_description/urdf/rosbot.urdf.xacro
[0.489s] -- Installing: /home/parallels/Documents/ros2_ws/install/rosbot_description/share/rosbot_description/urdf/wheel.urdf.xacro
[0.489s] -- Installing: /home/parallels/Documents/ros2_ws/install/rosbot_description/share/rosbot_description/urdf/components
[0.489s] -- Installing: /home/parallels/Documents/ros2_ws/install/rosbot_description/share/rosbot_description/urdf/components/vl53lox.urdf.xacro
[0.489s] -- Installing: /home/parallels/Documents/ros2_ws/install/rosbot_description/share/rosbot_description/environment/rosbot_description.sh
[0.489s] -- Installing: /home/parallels/Documents/ros2_ws/install/rosbot_description/share/ament_index/resource_index/package_run_dependencies/rosbot_description
[0.489s] -- Installing: /home/parallels/Documents/ros2_ws/install/rosbot_description/share/ament_index/resource_index/parent_prefix_path/rosbot_description
[0.489s] -- Installing: /home/parallels/Documents/ros2_ws/install/rosbot_description/share/rosbot_description/environment/ament_prefix_path.sh
[0.489s] -- Installing: /home/parallels/Documents/ros2_ws/install/rosbot_description/share/rosbot_description/environment/ament_prefix_path.dsv
[0.489s] -- Installing: /home/parallels/Documents/ros2_ws/install/rosbot_description/share/rosbot_description/environment/path.sh
[0.489s] -- Installing: /home/parallels/Documents/ros2_ws/install/rosbot_description/share/rosbot_description/environment/path.dsv
[0.489s] -- Installing: /home/parallels/Documents/ros2_ws/install/rosbot_description/share/rosbot_description/local_setup.bash
[0.490s] -- Installing: /home/parallels/Documents/ros2_ws/install/rosbot_description/share/rosbot_description/local_setup.sh
[0.490s] -- Installing: /home/parallels/Documents/ros2_ws/install/rosbot_description/share/rosbot_description/local_setup.zsh
[0.490s] -- Installing: /home/parallels/Documents/ros2_ws/install/rosbot_description/share/rosbot_description/local_setup.dsv
[0.490s] -- Installing: /home/parallels/Documents/ros2_ws/install/rosbot_description/share/rosbot_description/package.dsv
[0.490s] -- Installing: /home/parallels/Documents/ros2_ws/install/rosbot_description/share/ament_index/resource_index/packages/rosbot_description
[0.490s] -- Installing: /home/parallels/Documents/ros2_ws/install/rosbot_description/share/rosbot_description/cmake/rosbot_descriptionConfig.cmake
[0.490s] -- Installing: /home/parallels/Documents/ros2_ws/install/rosbot_description/share/rosbot_description/cmake/rosbot_descriptionConfig-version.cmake
[0.490s] -- Installing: /home/parallels/Documents/ros2_ws/install/rosbot_description/share/rosbot_description/package.xml
[0.491s] Invoked command in '/home/parallels/Documents/ros2_ws/build/rosbot_description' returned '0': CMAKE_PREFIX_PATH=/opt/ros/humble /usr/bin/cmake --install /home/parallels/Documents/ros2_ws/build/rosbot_description
