[0.266s] Invoking command in '/home/parallels/Documents/ros2_ws/src/rosbot_ros/rosbot_bringup': AMENT_PREFIX_PATH=/home/parallels/Documents/ros2_ws/install/rosbot_controller:/home/parallels/Documents/ros2_ws/install/rosbot_description:${AMENT_PREFIX_PATH} CMAKE_PREFIX_PATH=/home/parallels/Documents/ros2_ws/install/rosbot_description GAZEBO_MODEL_PATH=/home/parallels/Documents/ros2_ws/install/rosbot_description/share GZ_SIM_RESOURCE_PATH=/home/parallels/Documents/ros2_ws/install/rosbot_description/share IGN_GAZEBO_RESOURCE_PATH=/home/parallels/Documents/ros2_ws/install/rosbot_description/share PYTHONPATH=/home/parallels/Documents/ros2_ws/build/rosbot_bringup/prefix_override:/home/parallels/Documents/ros2_ws/install/rosbot_bringup/lib/python3.10/site-packages:/home/parallels/Documents/ros2_ws/install/rosbot_controller/lib/python3.10/site-packages:${PYTHONPATH} /usr/bin/python3 -W ignore:setup.py install is deprecated setup.py egg_info --egg-base ../../../build/rosbot_bringup build --build-base /home/parallels/Documents/ros2_ws/build/rosbot_bringup/build install --record /home/parallels/Documents/ros2_ws/build/rosbot_bringup/install.log --single-version-externally-managed install_data
[0.364s] running egg_info
[0.364s] creating ../../../build/rosbot_bringup/rosbot_bringup.egg-info
[0.364s] writing ../../../build/rosbot_bringup/rosbot_bringup.egg-info/PKG-INFO
[0.364s] writing dependency_links to ../../../build/rosbot_bringup/rosbot_bringup.egg-info/dependency_links.txt
[0.365s] writing entry points to ../../../build/rosbot_bringup/rosbot_bringup.egg-info/entry_points.txt
[0.365s] writing requirements to ../../../build/rosbot_bringup/rosbot_bringup.egg-info/requires.txt
[0.365s] writing top-level names to ../../../build/rosbot_bringup/rosbot_bringup.egg-info/top_level.txt
[0.365s] writing manifest file '../../../build/rosbot_bringup/rosbot_bringup.egg-info/SOURCES.txt'
[0.365s] reading manifest file '../../../build/rosbot_bringup/rosbot_bringup.egg-info/SOURCES.txt'
[0.365s] writing manifest file '../../../build/rosbot_bringup/rosbot_bringup.egg-info/SOURCES.txt'
[0.365s] running build
[0.365s] running install
[0.365s] running install_data
[0.366s] creating /home/parallels/Documents/ros2_ws/install/rosbot_bringup/share/ament_index
[0.366s] creating /home/parallels/Documents/ros2_ws/install/rosbot_bringup/share/ament_index/resource_index
[0.366s] creating /home/parallels/Documents/ros2_ws/install/rosbot_bringup/share/ament_index/resource_index/packages
[0.366s] copying resource/rosbot_bringup -> /home/parallels/Documents/ros2_ws/install/rosbot_bringup/share/ament_index/resource_index/packages
[0.366s] copying package.xml -> /home/parallels/Documents/ros2_ws/install/rosbot_bringup/share/rosbot_bringup
[0.366s] creating /home/parallels/Documents/ros2_ws/install/rosbot_bringup/share/rosbot_bringup/launch
[0.366s] copying launch/combined.launch.py -> /home/parallels/Documents/ros2_ws/install/rosbot_bringup/share/rosbot_bringup/launch
[0.366s] copying launch/bringup.launch.py -> /home/parallels/Documents/ros2_ws/install/rosbot_bringup/share/rosbot_bringup/launch
[0.366s] creating /home/parallels/Documents/ros2_ws/install/rosbot_bringup/share/rosbot_bringup/config
[0.366s] copying config/ekf.yaml -> /home/parallels/Documents/ros2_ws/install/rosbot_bringup/share/rosbot_bringup/config
[0.366s] copying config/microros_localhost_only.xml -> /home/parallels/Documents/ros2_ws/install/rosbot_bringup/share/rosbot_bringup/config
[0.366s] running install_egg_info
[0.367s] Copying ../../../build/rosbot_bringup/rosbot_bringup.egg-info to /home/parallels/Documents/ros2_ws/install/rosbot_bringup/lib/python3.10/site-packages/rosbot_bringup-0.8.0-py3.10.egg-info
[0.367s] running install_scripts
[0.376s] writing list of installed files to '/home/parallels/Documents/ros2_ws/build/rosbot_bringup/install.log'
[0.387s] Invoked command in '/home/parallels/Documents/ros2_ws/src/rosbot_ros/rosbot_bringup' returned '0': AMENT_PREFIX_PATH=/home/parallels/Documents/ros2_ws/install/rosbot_controller:/home/parallels/Documents/ros2_ws/install/rosbot_description:${AMENT_PREFIX_PATH} CMAKE_PREFIX_PATH=/home/parallels/Documents/ros2_ws/install/rosbot_description GAZEBO_MODEL_PATH=/home/parallels/Documents/ros2_ws/install/rosbot_description/share GZ_SIM_RESOURCE_PATH=/home/parallels/Documents/ros2_ws/install/rosbot_description/share IGN_GAZEBO_RESOURCE_PATH=/home/parallels/Documents/ros2_ws/install/rosbot_description/share PYTHONPATH=/home/parallels/Documents/ros2_ws/build/rosbot_bringup/prefix_override:/home/parallels/Documents/ros2_ws/install/rosbot_bringup/lib/python3.10/site-packages:/home/parallels/Documents/ros2_ws/install/rosbot_controller/lib/python3.10/site-packages:${PYTHONPATH} /usr/bin/python3 -W ignore:setup.py install is deprecated setup.py egg_info --egg-base ../../../build/rosbot_bringup build --build-base /home/parallels/Documents/ros2_ws/build/rosbot_bringup/build install --record /home/parallels/Documents/ros2_ws/build/rosbot_bringup/install.log --single-version-externally-managed install_data
