[0.005s] Invoking command in '/home/parallels/Documents/ros2_ws/build/rosbot_hardware_interfaces': AMENT_PREFIX_PATH=/home/parallels/Documents/ros2_ws/install/imu_sensor_broadcaster:/home/parallels/Documents/ros2_ws/install/diff_drive_controller:${AMENT_PREFIX_PATH} CMAKE_PREFIX_PATH=/home/parallels/Documents/ros2_ws/install/imu_sensor_broadcaster:/home/parallels/Documents/ros2_ws/install/diff_drive_controller:/opt/ros/humble LD_LIBRARY_PATH=/home/parallels/Documents/ros2_ws/install/imu_sensor_broadcaster/lib:/home/parallels/Documents/ros2_ws/install/diff_drive_controller/lib:${LD_LIBRARY_PATH} /usr/bin/cmake /home/parallels/Documents/ros2_ws/src/rosbot_ros/rosbot_hardware_interfaces -DCMAKE_BUILD_TYPE=Release -DCMAKE_INSTALL_PREFIX=/home/parallels/Documents/ros2_ws/install/rosbot_hardware_interfaces
[0.043s] -- The C compiler identification is GNU 11.4.0
[0.076s] -- The CXX compiler identification is GNU 11.4.0
[0.080s] -- Detecting C compiler ABI info
[0.114s] -- Detecting C compiler ABI info - done
[0.118s] -- Check for working C compiler: /usr/bin/cc - skipped
[0.118s] -- Detecting C compile features
[0.119s] -- Detecting C compile features - done
[0.120s] -- Detecting CXX compiler ABI info
[0.177s] -- Detecting CXX compiler ABI info - done
[0.182s] -- Check for working CXX compiler: /usr/bin/c++ - skipped
[0.182s] -- Detecting CXX compile features
[0.182s] -- Detecting CXX compile features - done
[0.182s] -- Found ament_cmake: 1.3.8 (/opt/ros/humble/share/ament_cmake/cmake)
[0.266s] -- Found Python3: /usr/bin/python3 (found version "3.10.12") found components: Interpreter 
[0.316s] -- Found controller_interface: 2.40.0 (/opt/ros/humble/share/controller_interface/cmake)
[0.349s] -- Found rosidl_generator_c: 3.1.5 (/opt/ros/humble/share/rosidl_generator_c/cmake)
[0.352s] -- Found rosidl_adapter: 3.1.5 (/opt/ros/humble/share/rosidl_adapter/cmake)
[0.357s] -- Found rosidl_generator_cpp: 3.1.5 (/opt/ros/humble/share/rosidl_generator_cpp/cmake)
[0.365s] -- Using all available rosidl_typesupport_c: rosidl_typesupport_fastrtps_c;rosidl_typesupport_introspection_c
[0.376s] -- Using all available rosidl_typesupport_cpp: rosidl_typesupport_fastrtps_cpp;rosidl_typesupport_introspection_cpp
[0.825s] -- Found rmw_implementation_cmake: 6.1.1 (/opt/ros/humble/share/rmw_implementation_cmake/cmake)
[0.828s] -- Found rmw_fastrtps_cpp: 6.2.6 (/opt/ros/humble/share/rmw_fastrtps_cpp/cmake)
[0.849s] -- Found TinyXML2 via Config file: TinyXML2_DIR-NOTFOUND
[0.867s] -- Found OpenSSL: /usr/lib/aarch64-linux-gnu/libcrypto.so (found version "3.0.2")  
[0.869s] -- Found TinyXML2 via Config file: TinyXML2_DIR-NOTFOUND
[0.877s] -- Found FastRTPS: /opt/ros/humble/include  
[0.882s] -- Found TinyXML2 via Config file: TinyXML2_DIR-NOTFOUND
[0.887s] -- Found TinyXML2 via Config file: TinyXML2_DIR-NOTFOUND
[0.895s] -- Using RMW implementation 'rmw_fastrtps_cpp' as default
[0.897s] -- Looking for pthread.h
[0.932s] -- Looking for pthread.h - found
[0.932s] -- Performing Test CMAKE_HAVE_LIBC_PTHREAD
[0.963s] -- Performing Test CMAKE_HAVE_LIBC_PTHREAD - Success
[0.963s] -- Found Threads: TRUE  
[1.128s] -- Found realtime_tools: 2.5.0 (/opt/ros/humble/share/realtime_tools/cmake)
[1.348s] -- Configuring done
[1.365s] -- Generating done
[1.365s] -- Build files have been written to: /home/parallels/Documents/ros2_ws/build/rosbot_hardware_interfaces
[1.369s] Invoked command in '/home/parallels/Documents/ros2_ws/build/rosbot_hardware_interfaces' returned '0': AMENT_PREFIX_PATH=/home/parallels/Documents/ros2_ws/install/imu_sensor_broadcaster:/home/parallels/Documents/ros2_ws/install/diff_drive_controller:${AMENT_PREFIX_PATH} CMAKE_PREFIX_PATH=/home/parallels/Documents/ros2_ws/install/imu_sensor_broadcaster:/home/parallels/Documents/ros2_ws/install/diff_drive_controller:/opt/ros/humble LD_LIBRARY_PATH=/home/parallels/Documents/ros2_ws/install/imu_sensor_broadcaster/lib:/home/parallels/Documents/ros2_ws/install/diff_drive_controller/lib:${LD_LIBRARY_PATH} /usr/bin/cmake /home/parallels/Documents/ros2_ws/src/rosbot_ros/rosbot_hardware_interfaces -DCMAKE_BUILD_TYPE=Release -DCMAKE_INSTALL_PREFIX=/home/parallels/Documents/ros2_ws/install/rosbot_hardware_interfaces
[1.369s] Invoking command in '/home/parallels/Documents/ros2_ws/build/rosbot_hardware_interfaces': AMENT_PREFIX_PATH=/home/parallels/Documents/ros2_ws/install/imu_sensor_broadcaster:/home/parallels/Documents/ros2_ws/install/diff_drive_controller:${AMENT_PREFIX_PATH} CMAKE_PREFIX_PATH=/home/parallels/Documents/ros2_ws/install/imu_sensor_broadcaster:/home/parallels/Documents/ros2_ws/install/diff_drive_controller:/opt/ros/humble LD_LIBRARY_PATH=/home/parallels/Documents/ros2_ws/install/imu_sensor_broadcaster/lib:/home/parallels/Documents/ros2_ws/install/diff_drive_controller/lib:${LD_LIBRARY_PATH} /usr/bin/cmake --build /home/parallels/Documents/ros2_ws/build/rosbot_hardware_interfaces -- -j4 -l4
[1.392s] [ 33%] [32mBuilding CXX object CMakeFiles/rosbot_hardware_interfaces.dir/src/rosbot_system.cpp.o[0m
[8.482s] [ 66%] [32mBuilding CXX object CMakeFiles/rosbot_hardware_interfaces.dir/src/rosbot_imu_sensor.cpp.o[0m
[15.131s] [100%] [32m[1mLinking CXX shared library librosbot_hardware_interfaces.so[0m
[15.296s] [100%] Built target rosbot_hardware_interfaces
[15.302s] Invoked command in '/home/parallels/Documents/ros2_ws/build/rosbot_hardware_interfaces' returned '0': AMENT_PREFIX_PATH=/home/parallels/Documents/ros2_ws/install/imu_sensor_broadcaster:/home/parallels/Documents/ros2_ws/install/diff_drive_controller:${AMENT_PREFIX_PATH} CMAKE_PREFIX_PATH=/home/parallels/Documents/ros2_ws/install/imu_sensor_broadcaster:/home/parallels/Documents/ros2_ws/install/diff_drive_controller:/opt/ros/humble LD_LIBRARY_PATH=/home/parallels/Documents/ros2_ws/install/imu_sensor_broadcaster/lib:/home/parallels/Documents/ros2_ws/install/diff_drive_controller/lib:${LD_LIBRARY_PATH} /usr/bin/cmake --build /home/parallels/Documents/ros2_ws/build/rosbot_hardware_interfaces -- -j4 -l4
[15.312s] Invoking command in '/home/parallels/Documents/ros2_ws/build/rosbot_hardware_interfaces': AMENT_PREFIX_PATH=/home/parallels/Documents/ros2_ws/install/imu_sensor_broadcaster:/home/parallels/Documents/ros2_ws/install/diff_drive_controller:${AMENT_PREFIX_PATH} CMAKE_PREFIX_PATH=/home/parallels/Documents/ros2_ws/install/imu_sensor_broadcaster:/home/parallels/Documents/ros2_ws/install/diff_drive_controller:/opt/ros/humble LD_LIBRARY_PATH=/home/parallels/Documents/ros2_ws/install/imu_sensor_broadcaster/lib:/home/parallels/Documents/ros2_ws/install/diff_drive_controller/lib:${LD_LIBRARY_PATH} /usr/bin/cmake --install /home/parallels/Documents/ros2_ws/build/rosbot_hardware_interfaces
[15.328s] -- Install configuration: "Release"
[15.328s] -- Installing: /home/parallels/Documents/ros2_ws/install/rosbot_hardware_interfaces/share/rosbot_hardware_interfaces/rosbot_hardware_interfaces.xml
[15.328s] -- Installing: /home/parallels/Documents/ros2_ws/install/rosbot_hardware_interfaces/include
[15.329s] -- Installing: /home/parallels/Documents/ros2_ws/install/rosbot_hardware_interfaces/include/rosbot_hardware_interfaces
[15.329s] -- Installing: /home/parallels/Documents/ros2_ws/install/rosbot_hardware_interfaces/include/rosbot_hardware_interfaces/rosbot_imu_sensor.hpp
[15.329s] -- Installing: /home/parallels/Documents/ros2_ws/install/rosbot_hardware_interfaces/include/rosbot_hardware_interfaces/rosbot_system.hpp
[15.329s] -- Installing: /home/parallels/Documents/ros2_ws/install/rosbot_hardware_interfaces/include/rosbot_hardware_interfaces/visibility_control.hpp
[15.330s] -- Installing: /home/parallels/Documents/ros2_ws/install/rosbot_hardware_interfaces/share/rosbot_hardware_interfaces/launch
[15.330s] -- Installing: /home/parallels/Documents/ros2_ws/install/rosbot_hardware_interfaces/share/rosbot_hardware_interfaces/launch/example_diff_drive.launch.py
[15.330s] -- Installing: /home/parallels/Documents/ros2_ws/install/rosbot_hardware_interfaces/share/rosbot_hardware_interfaces/config
[15.330s] -- Installing: /home/parallels/Documents/ros2_ws/install/rosbot_hardware_interfaces/share/rosbot_hardware_interfaces/config/example_diff_drive_controller.yaml
[15.331s] -- Installing: /home/parallels/Documents/ros2_ws/install/rosbot_hardware_interfaces/share/rosbot_hardware_interfaces/urdf
[15.331s] -- Installing: /home/parallels/Documents/ros2_ws/install/rosbot_hardware_interfaces/share/rosbot_hardware_interfaces/urdf/ros2_control.urdf.xacro
[15.331s] -- Installing: /home/parallels/Documents/ros2_ws/install/rosbot_hardware_interfaces/lib/librosbot_hardware_interfaces.so
[15.331s] -- Set runtime path of "/home/parallels/Documents/ros2_ws/install/rosbot_hardware_interfaces/lib/librosbot_hardware_interfaces.so" to ""
[15.332s] -- Installing: /home/parallels/Documents/ros2_ws/install/rosbot_hardware_interfaces/share/rosbot_hardware_interfaces/environment/library_path.sh
[15.332s] -- Installing: /home/parallels/Documents/ros2_ws/install/rosbot_hardware_interfaces/share/rosbot_hardware_interfaces/environment/library_path.dsv
[15.332s] -- Installing: /home/parallels/Documents/ros2_ws/install/rosbot_hardware_interfaces/share/ament_index/resource_index/package_run_dependencies/rosbot_hardware_interfaces
[15.333s] -- Installing: /home/parallels/Documents/ros2_ws/install/rosbot_hardware_interfaces/share/ament_index/resource_index/parent_prefix_path/rosbot_hardware_interfaces
[15.333s] -- Installing: /home/parallels/Documents/ros2_ws/install/rosbot_hardware_interfaces/share/rosbot_hardware_interfaces/environment/ament_prefix_path.sh
[15.333s] -- Installing: /home/parallels/Documents/ros2_ws/install/rosbot_hardware_interfaces/share/rosbot_hardware_interfaces/environment/ament_prefix_path.dsv
[15.333s] -- Installing: /home/parallels/Documents/ros2_ws/install/rosbot_hardware_interfaces/share/rosbot_hardware_interfaces/environment/path.sh
[15.334s] -- Installing: /home/parallels/Documents/ros2_ws/install/rosbot_hardware_interfaces/share/rosbot_hardware_interfaces/environment/path.dsv
[15.334s] -- Installing: /home/parallels/Documents/ros2_ws/install/rosbot_hardware_interfaces/share/rosbot_hardware_interfaces/local_setup.bash
[15.334s] -- Installing: /home/parallels/Documents/ros2_ws/install/rosbot_hardware_interfaces/share/rosbot_hardware_interfaces/local_setup.sh
[15.334s] -- Installing: /home/parallels/Documents/ros2_ws/install/rosbot_hardware_interfaces/share/rosbot_hardware_interfaces/local_setup.zsh
[15.334s] -- Installing: /home/parallels/Documents/ros2_ws/install/rosbot_hardware_interfaces/share/rosbot_hardware_interfaces/local_setup.dsv
[15.334s] -- Installing: /home/parallels/Documents/ros2_ws/install/rosbot_hardware_interfaces/share/rosbot_hardware_interfaces/package.dsv
[15.334s] -- Installing: /home/parallels/Documents/ros2_ws/install/rosbot_hardware_interfaces/share/ament_index/resource_index/packages/rosbot_hardware_interfaces
[15.334s] -- Installing: /home/parallels/Documents/ros2_ws/install/rosbot_hardware_interfaces/share/ament_index/resource_index/hardware_interface__pluginlib__plugin/rosbot_hardware_interfaces
[15.334s] -- Installing: /home/parallels/Documents/ros2_ws/install/rosbot_hardware_interfaces/share/rosbot_hardware_interfaces/cmake/ament_cmake_export_include_directories-extras.cmake
[15.335s] -- Installing: /home/parallels/Documents/ros2_ws/install/rosbot_hardware_interfaces/share/rosbot_hardware_interfaces/cmake/ament_cmake_export_libraries-extras.cmake
[15.335s] -- Installing: /home/parallels/Documents/ros2_ws/install/rosbot_hardware_interfaces/share/rosbot_hardware_interfaces/cmake/ament_cmake_export_dependencies-extras.cmake
[15.335s] -- Installing: /home/parallels/Documents/ros2_ws/install/rosbot_hardware_interfaces/share/rosbot_hardware_interfaces/cmake/rosbot_hardware_interfacesConfig.cmake
[15.335s] -- Installing: /home/parallels/Documents/ros2_ws/install/rosbot_hardware_interfaces/share/rosbot_hardware_interfaces/cmake/rosbot_hardware_interfacesConfig-version.cmake
[15.335s] -- Installing: /home/parallels/Documents/ros2_ws/install/rosbot_hardware_interfaces/share/rosbot_hardware_interfaces/package.xml
[15.339s] Invoked command in '/home/parallels/Documents/ros2_ws/build/rosbot_hardware_interfaces' returned '0': AMENT_PREFIX_PATH=/home/parallels/Documents/ros2_ws/install/imu_sensor_broadcaster:/home/parallels/Documents/ros2_ws/install/diff_drive_controller:${AMENT_PREFIX_PATH} CMAKE_PREFIX_PATH=/home/parallels/Documents/ros2_ws/install/imu_sensor_broadcaster:/home/parallels/Documents/ros2_ws/install/diff_drive_controller:/opt/ros/humble LD_LIBRARY_PATH=/home/parallels/Documents/ros2_ws/install/imu_sensor_broadcaster/lib:/home/parallels/Documents/ros2_ws/install/diff_drive_controller/lib:${LD_LIBRARY_PATH} /usr/bin/cmake --install /home/parallels/Documents/ros2_ws/build/rosbot_hardware_interfaces
