[0.277s] Invoking command in '/home/parallels/Documents/ros2_ws/src/rosbot_ros/rosbot_gazebo': AMENT_PREFIX_PATH=/home/parallels/Documents/ros2_ws/install/rosbot_bringup:/home/parallels/Documents/ros2_ws/install/rosbot_controller:/home/parallels/Documents/ros2_ws/install/rosbot_description:${AMENT_PREFIX_PATH} CMAKE_PREFIX_PATH=/home/parallels/Documents/ros2_ws/install/rosbot_description GAZEBO_MODEL_PATH=/home/parallels/Documents/ros2_ws/install/rosbot_description/share GZ_SIM_RESOURCE_PATH=/home/parallels/Documents/ros2_ws/install/rosbot_description/share IGN_GAZEBO_RESOURCE_PATH=/home/parallels/Documents/ros2_ws/install/rosbot_description/share PYTHONPATH=/home/parallels/Documents/ros2_ws/build/rosbot_gazebo/prefix_override:/home/parallels/Documents/ros2_ws/install/rosbot_gazebo/lib/python3.10/site-packages:/home/parallels/Documents/ros2_ws/install/rosbot_bringup/lib/python3.10/site-packages:/home/parallels/Documents/ros2_ws/install/rosbot_controller/lib/python3.10/site-packages:${PYTHONPATH} /usr/bin/python3 -W ignore:setup.py install is deprecated setup.py egg_info --egg-base ../../../build/rosbot_gazebo build --build-base /home/parallels/Documents/ros2_ws/build/rosbot_gazebo/build install --record /home/parallels/Documents/ros2_ws/build/rosbot_gazebo/install.log --single-version-externally-managed install_data
[0.379s] running egg_info
[0.379s] creating ../../../build/rosbot_gazebo/rosbot_gazebo.egg-info
[0.379s] writing ../../../build/rosbot_gazebo/rosbot_gazebo.egg-info/PKG-INFO
[0.379s] writing dependency_links to ../../../build/rosbot_gazebo/rosbot_gazebo.egg-info/dependency_links.txt
[0.380s] writing entry points to ../../../build/rosbot_gazebo/rosbot_gazebo.egg-info/entry_points.txt
[0.380s] writing requirements to ../../../build/rosbot_gazebo/rosbot_gazebo.egg-info/requires.txt
[0.380s] writing top-level names to ../../../build/rosbot_gazebo/rosbot_gazebo.egg-info/top_level.txt
[0.380s] writing manifest file '../../../build/rosbot_gazebo/rosbot_gazebo.egg-info/SOURCES.txt'
[0.380s] reading manifest file '../../../build/rosbot_gazebo/rosbot_gazebo.egg-info/SOURCES.txt'
[0.380s] writing manifest file '../../../build/rosbot_gazebo/rosbot_gazebo.egg-info/SOURCES.txt'
[0.380s] running build
[0.380s] running install
[0.381s] running install_data
[0.381s] creating /home/parallels/Documents/ros2_ws/install/rosbot_gazebo/share/ament_index
[0.381s] creating /home/parallels/Documents/ros2_ws/install/rosbot_gazebo/share/ament_index/resource_index
[0.381s] creating /home/parallels/Documents/ros2_ws/install/rosbot_gazebo/share/ament_index/resource_index/packages
[0.381s] copying resource/rosbot_gazebo -> /home/parallels/Documents/ros2_ws/install/rosbot_gazebo/share/ament_index/resource_index/packages
[0.381s] copying package.xml -> /home/parallels/Documents/ros2_ws/install/rosbot_gazebo/share/rosbot_gazebo
[0.381s] creating /home/parallels/Documents/ros2_ws/install/rosbot_gazebo/share/rosbot_gazebo/launch
[0.381s] copying launch/spawn.launch.py -> /home/parallels/Documents/ros2_ws/install/rosbot_gazebo/share/rosbot_gazebo/launch
[0.381s] copying launch/simulation.launch.py -> /home/parallels/Documents/ros2_ws/install/rosbot_gazebo/share/rosbot_gazebo/launch
[0.381s] creating /home/parallels/Documents/ros2_ws/install/rosbot_gazebo/share/rosbot_gazebo/config
[0.381s] copying config/gz_remappings.yaml -> /home/parallels/Documents/ros2_ws/install/rosbot_gazebo/share/rosbot_gazebo/config
[0.381s] running install_egg_info
[0.382s] Copying ../../../build/rosbot_gazebo/rosbot_gazebo.egg-info to /home/parallels/Documents/ros2_ws/install/rosbot_gazebo/lib/python3.10/site-packages/rosbot_gazebo-0.8.0-py3.10.egg-info
[0.382s] running install_scripts
[0.392s] writing list of installed files to '/home/parallels/Documents/ros2_ws/build/rosbot_gazebo/install.log'
[0.405s] Invoked command in '/home/parallels/Documents/ros2_ws/src/rosbot_ros/rosbot_gazebo' returned '0': AMENT_PREFIX_PATH=/home/parallels/Documents/ros2_ws/install/rosbot_bringup:/home/parallels/Documents/ros2_ws/install/rosbot_controller:/home/parallels/Documents/ros2_ws/install/rosbot_description:${AMENT_PREFIX_PATH} CMAKE_PREFIX_PATH=/home/parallels/Documents/ros2_ws/install/rosbot_description GAZEBO_MODEL_PATH=/home/parallels/Documents/ros2_ws/install/rosbot_description/share GZ_SIM_RESOURCE_PATH=/home/parallels/Documents/ros2_ws/install/rosbot_description/share IGN_GAZEBO_RESOURCE_PATH=/home/parallels/Documents/ros2_ws/install/rosbot_description/share PYTHONPATH=/home/parallels/Documents/ros2_ws/build/rosbot_gazebo/prefix_override:/home/parallels/Documents/ros2_ws/install/rosbot_gazebo/lib/python3.10/site-packages:/home/parallels/Documents/ros2_ws/install/rosbot_bringup/lib/python3.10/site-packages:/home/parallels/Documents/ros2_ws/install/rosbot_controller/lib/python3.10/site-packages:${PYTHONPATH} /usr/bin/python3 -W ignore:setup.py install is deprecated setup.py egg_info --egg-base ../../../build/rosbot_gazebo build --build-base /home/parallels/Documents/ros2_ws/build/rosbot_gazebo/build install --record /home/parallels/Documents/ros2_ws/build/rosbot_gazebo/install.log --single-version-externally-managed install_data
