[0.023s] Invoking command in '/home/parallels/Documents/ros2_ws/build/husarion_office_gz': CMAKE_PREFIX_PATH=/opt/ros/humble /usr/bin/cmake /home/parallels/Documents/ros2_ws/src/rosbot_ros/husarion/husarion_office_gz -DCMAKE_BUILD_TYPE=Release -DCMAKE_INSTALL_PREFIX=/home/parallels/Documents/ros2_ws/install/husarion_office_gz
[0.122s] -- The C compiler identification is GNU 11.4.0
[0.150s] -- The CXX compiler identification is GNU 11.4.0
[0.166s] -- Detecting C compiler ABI info
[0.398s] -- Detecting C compiler ABI info - done
[0.410s] -- Check for working C compiler: /usr/bin/cc - skipped
[0.410s] -- Detecting C compile features
[0.410s] -- Detecting C compile features - done
[0.410s] -- Detecting CXX compiler ABI info
[0.581s] -- Detecting CXX compiler ABI info - done
[0.598s] -- Check for working CXX compiler: /usr/bin/c++ - skipped
[0.598s] -- Detecting CXX compile features
[0.598s] -- Detecting CXX compile features - done
[0.598s] -- Found ament_cmake: 1.3.8 (/opt/ros/humble/share/ament_cmake/cmake)
[0.686s] -- Found Python3: /usr/bin/python3 (found version "3.10.12") found components: Interpreter 
[0.742s] -- Found rclcpp: 16.0.8 (/opt/ros/humble/share/rclcpp/cmake)
[0.826s] -- Found rosidl_generator_c: 3.1.5 (/opt/ros/humble/share/rosidl_generator_c/cmake)
[0.842s] -- Found rosidl_adapter: 3.1.5 (/opt/ros/humble/share/rosidl_adapter/cmake)
[0.850s] -- Found rosidl_generator_cpp: 3.1.5 (/opt/ros/humble/share/rosidl_generator_cpp/cmake)
[0.870s] -- Using all available rosidl_typesupport_c: rosidl_typesupport_fastrtps_c;rosidl_typesupport_introspection_c
[0.898s] -- Using all available rosidl_typesupport_cpp: rosidl_typesupport_fastrtps_cpp;rosidl_typesupport_introspection_cpp
[0.978s] -- Found rmw_implementation_cmake: 6.1.1 (/opt/ros/humble/share/rmw_implementation_cmake/cmake)
[0.982s] -- Found rmw_fastrtps_cpp: 6.2.6 (/opt/ros/humble/share/rmw_fastrtps_cpp/cmake)
[1.245s] -- Found OpenSSL: /usr/lib/aarch64-linux-gnu/libcrypto.so (found version "3.0.2")  
[1.273s] -- Found FastRTPS: /opt/ros/humble/include  
[1.339s] -- Using RMW implementation 'rmw_fastrtps_cpp' as default
[1.353s] -- Looking for pthread.h
[1.532s] -- Looking for pthread.h - found
[1.532s] -- Performing Test CMAKE_HAVE_LIBC_PTHREAD
[1.726s] -- Performing Test CMAKE_HAVE_LIBC_PTHREAD - Success
[1.727s] -- Found Threads: TRUE  
[1.938s] -- Configuring done
[1.938s] -- Generating done
[1.938s] -- Build files have been written to: /home/parallels/Documents/ros2_ws/build/husarion_office_gz
[1.979s] Invoked command in '/home/parallels/Documents/ros2_ws/build/husarion_office_gz' returned '0': CMAKE_PREFIX_PATH=/opt/ros/humble /usr/bin/cmake /home/parallels/Documents/ros2_ws/src/rosbot_ros/husarion/husarion_office_gz -DCMAKE_BUILD_TYPE=Release -DCMAKE_INSTALL_PREFIX=/home/parallels/Documents/ros2_ws/install/husarion_office_gz
[1.979s] Invoking command in '/home/parallels/Documents/ros2_ws/build/husarion_office_gz': CMAKE_PREFIX_PATH=/opt/ros/humble /usr/bin/cmake --build /home/parallels/Documents/ros2_ws/build/husarion_office_gz -- -j4 -l4
[2.064s] Invoked command in '/home/parallels/Documents/ros2_ws/build/husarion_office_gz' returned '0': CMAKE_PREFIX_PATH=/opt/ros/humble /usr/bin/cmake --build /home/parallels/Documents/ros2_ws/build/husarion_office_gz -- -j4 -l4
[2.466s] Invoking command in '/home/parallels/Documents/ros2_ws/build/husarion_office_gz': CMAKE_PREFIX_PATH=/opt/ros/humble /usr/bin/cmake --install /home/parallels/Documents/ros2_ws/build/husarion_office_gz
[2.475s] -- Install configuration: "Release"
[2.485s] -- Installing: /home/parallels/Documents/ros2_ws/install/husarion_office_gz/share/husarion_office_gz
[2.486s] -- Installing: /home/parallels/Documents/ros2_ws/install/husarion_office_gz/share/husarion_office_gz/husarion_office_world.launch.py
[2.486s] -- Installing: /home/parallels/Documents/ros2_ws/install/husarion_office_gz/share/husarion_office_gz/worlds/
[2.486s] -- Installing: /home/parallels/Documents/ros2_ws/install/husarion_office_gz/share/husarion_office_gz/worlds//meshes
[2.486s] -- Installing: /home/parallels/Documents/ros2_ws/install/husarion_office_gz/share/husarion_office_gz/worlds//meshes/husarion_world.dae
[2.487s] -- Installing: /home/parallels/Documents/ros2_ws/install/husarion_office_gz/share/husarion_office_gz/worlds//nav2_maps
[2.487s] -- Installing: /home/parallels/Documents/ros2_ws/install/husarion_office_gz/share/husarion_office_gz/worlds//nav2_maps/office_map.png
[2.487s] -- Installing: /home/parallels/Documents/ros2_ws/install/husarion_office_gz/share/husarion_office_gz/worlds//nav2_maps/office_map.yaml
[2.487s] -- Installing: /home/parallels/Documents/ros2_ws/install/husarion_office_gz/share/husarion_office_gz/worlds//empty_with_plugins.sdf
[2.487s] -- Installing: /home/parallels/Documents/ros2_ws/install/husarion_office_gz/share/husarion_office_gz/worlds//models
[2.488s] -- Installing: /home/parallels/Documents/ros2_ws/install/husarion_office_gz/share/husarion_office_gz/worlds//models/AdjTable
[2.488s] -- Installing: /home/parallels/Documents/ros2_ws/install/husarion_office_gz/share/husarion_office_gz/worlds//models/AdjTable/meshes
[2.488s] -- Installing: /home/parallels/Documents/ros2_ws/install/husarion_office_gz/share/husarion_office_gz/worlds//models/AdjTable/meshes/AdjTable_Col.obj
[2.488s] -- Installing: /home/parallels/Documents/ros2_ws/install/husarion_office_gz/share/husarion_office_gz/worlds//models/AdjTable/meshes/AdjTable.mtl
[2.489s] -- Installing: /home/parallels/Documents/ros2_ws/install/husarion_office_gz/share/husarion_office_gz/worlds//models/AdjTable/meshes/texture.png
[2.502s] -- Installing: /home/parallels/Documents/ros2_ws/install/husarion_office_gz/share/husarion_office_gz/worlds//models/AdjTable/meshes/AdjTable_Col.mtl
[2.511s] -- Installing: /home/parallels/Documents/ros2_ws/install/husarion_office_gz/share/husarion_office_gz/worlds//models/AdjTable/meshes/AdjTable.obj
[2.512s] -- Installing: /home/parallels/Documents/ros2_ws/install/husarion_office_gz/share/husarion_office_gz/worlds//models/AdjTable/thumbnails
[2.513s] -- Installing: /home/parallels/Documents/ros2_ws/install/husarion_office_gz/share/husarion_office_gz/worlds//models/AdjTable/thumbnails/2.png
[2.515s] -- Installing: /home/parallels/Documents/ros2_ws/install/husarion_office_gz/share/husarion_office_gz/worlds//models/AdjTable/thumbnails/3.png
[2.516s] -- Installing: /home/parallels/Documents/ros2_ws/install/husarion_office_gz/share/husarion_office_gz/worlds//models/AdjTable/thumbnails/5.png
[2.516s] -- Installing: /home/parallels/Documents/ros2_ws/install/husarion_office_gz/share/husarion_office_gz/worlds//models/AdjTable/thumbnails/1.png
[2.517s] -- Installing: /home/parallels/Documents/ros2_ws/install/husarion_office_gz/share/husarion_office_gz/worlds//models/AdjTable/thumbnails/4.png
[2.518s] -- Installing: /home/parallels/Documents/ros2_ws/install/husarion_office_gz/share/husarion_office_gz/worlds//models/AdjTable/model.config
[2.518s] -- Installing: /home/parallels/Documents/ros2_ws/install/husarion_office_gz/share/husarion_office_gz/worlds//models/AdjTable/model.sdf
[2.519s] -- Installing: /home/parallels/Documents/ros2_ws/install/husarion_office_gz/share/husarion_office_gz/worlds//models/MopCart2
[2.519s] -- Installing: /home/parallels/Documents/ros2_ws/install/husarion_office_gz/share/husarion_office_gz/worlds//models/MopCart2/meshes
[2.520s] -- Installing: /home/parallels/Documents/ros2_ws/install/husarion_office_gz/share/husarion_office_gz/worlds//models/MopCart2/meshes/MopCart2.mtl
[2.520s] -- Installing: /home/parallels/Documents/ros2_ws/install/husarion_office_gz/share/husarion_office_gz/worlds//models/MopCart2/meshes/Cloth.png
[2.523s] -- Installing: /home/parallels/Documents/ros2_ws/install/husarion_office_gz/share/husarion_office_gz/worlds//models/MopCart2/meshes/Duster.png
[2.523s] -- Installing: /home/parallels/Documents/ros2_ws/install/husarion_office_gz/share/husarion_office_gz/worlds//models/MopCart2/meshes/Mop.png
[2.525s] -- Installing: /home/parallels/Documents/ros2_ws/install/husarion_office_gz/share/husarion_office_gz/worlds//models/MopCart2/meshes/BigRed.png
[2.526s] -- Installing: /home/parallels/Documents/ros2_ws/install/husarion_office_gz/share/husarion_office_gz/worlds//models/MopCart2/meshes/Blue.png
[2.527s] -- Installing: /home/parallels/Documents/ros2_ws/install/husarion_office_gz/share/husarion_office_gz/worlds//models/MopCart2/meshes/Broom.png
[2.528s] -- Installing: /home/parallels/Documents/ros2_ws/install/husarion_office_gz/share/husarion_office_gz/worlds//models/MopCart2/meshes/Tongs.png
[2.529s] -- Installing: /home/parallels/Documents/ros2_ws/install/husarion_office_gz/share/husarion_office_gz/worlds//models/MopCart2/meshes/MopCart2.obj
[2.531s] -- Installing: /home/parallels/Documents/ros2_ws/install/husarion_office_gz/share/husarion_office_gz/worlds//models/MopCart2/meshes/Cart2.png
[2.532s] -- Installing: /home/parallels/Documents/ros2_ws/install/husarion_office_gz/share/husarion_office_gz/worlds//models/MopCart2/thumbnails
[2.533s] -- Installing: /home/parallels/Documents/ros2_ws/install/husarion_office_gz/share/husarion_office_gz/worlds//models/MopCart2/thumbnails/2.png
[2.534s] -- Installing: /home/parallels/Documents/ros2_ws/install/husarion_office_gz/share/husarion_office_gz/worlds//models/MopCart2/thumbnails/3.png
[2.535s] -- Installing: /home/parallels/Documents/ros2_ws/install/husarion_office_gz/share/husarion_office_gz/worlds//models/MopCart2/thumbnails/5.png
[2.536s] -- Installing: /home/parallels/Documents/ros2_ws/install/husarion_office_gz/share/husarion_office_gz/worlds//models/MopCart2/thumbnails/1.png
[2.536s] -- Installing: /home/parallels/Documents/ros2_ws/install/husarion_office_gz/share/husarion_office_gz/worlds//models/MopCart2/thumbnails/4.png
[2.537s] -- Installing: /home/parallels/Documents/ros2_ws/install/husarion_office_gz/share/husarion_office_gz/worlds//models/MopCart2/model.config
[2.537s] -- Installing: /home/parallels/Documents/ros2_ws/install/husarion_office_gz/share/husarion_office_gz/worlds//models/MopCart2/model.sdf
[2.538s] -- Installing: /home/parallels/Documents/ros2_ws/install/husarion_office_gz/share/husarion_office_gz/worlds//models/DeskChair
[2.539s] -- Installing: /home/parallels/Documents/ros2_ws/install/husarion_office_gz/share/husarion_office_gz/worlds//models/DeskChair/meshes
[2.539s] -- Installing: /home/parallels/Documents/ros2_ws/install/husarion_office_gz/share/husarion_office_gz/worlds//models/DeskChair/meshes/DeskChair.obj
[2.540s] -- Installing: /home/parallels/Documents/ros2_ws/install/husarion_office_gz/share/husarion_office_gz/worlds//models/DeskChair/meshes/DeskChair.mtl
[2.542s] -- Installing: /home/parallels/Documents/ros2_ws/install/husarion_office_gz/share/husarion_office_gz/worlds//models/DeskChair/materials
[2.543s] -- Installing: /home/parallels/Documents/ros2_ws/install/husarion_office_gz/share/husarion_office_gz/worlds//models/DeskChair/materials/textures
[2.543s] -- Installing: /home/parallels/Documents/ros2_ws/install/husarion_office_gz/share/husarion_office_gz/worlds//models/DeskChair/materials/textures/DeskChair.png
[2.568s] -- Installing: /home/parallels/Documents/ros2_ws/install/husarion_office_gz/share/husarion_office_gz/worlds//models/DeskChair/thumbnails
[2.569s] -- Installing: /home/parallels/Documents/ros2_ws/install/husarion_office_gz/share/husarion_office_gz/worlds//models/DeskChair/thumbnails/2.png
[2.570s] -- Installing: /home/parallels/Documents/ros2_ws/install/husarion_office_gz/share/husarion_office_gz/worlds//models/DeskChair/thumbnails/3.png
[2.570s] -- Installing: /home/parallels/Documents/ros2_ws/install/husarion_office_gz/share/husarion_office_gz/worlds//models/DeskChair/thumbnails/5.png
[2.570s] -- Installing: /home/parallels/Documents/ros2_ws/install/husarion_office_gz/share/husarion_office_gz/worlds//models/DeskChair/thumbnails/1.png
[2.570s] -- Installing: /home/parallels/Documents/ros2_ws/install/husarion_office_gz/share/husarion_office_gz/worlds//models/DeskChair/thumbnails/4.png
[2.570s] -- Installing: /home/parallels/Documents/ros2_ws/install/husarion_office_gz/share/husarion_office_gz/worlds//models/DeskChair/model.config
[2.570s] -- Installing: /home/parallels/Documents/ros2_ws/install/husarion_office_gz/share/husarion_office_gz/worlds//models/DeskChair/model.sdf
[2.570s] -- Installing: /home/parallels/Documents/ros2_ws/install/husarion_office_gz/share/husarion_office_gz/worlds//models/Stairs
[2.570s] -- Installing: /home/parallels/Documents/ros2_ws/install/husarion_office_gz/share/husarion_office_gz/worlds//models/Stairs/model.config
[2.570s] -- Installing: /home/parallels/Documents/ros2_ws/install/husarion_office_gz/share/husarion_office_gz/worlds//models/Stairs/model.sdf
[2.570s] -- Installing: /home/parallels/Documents/ros2_ws/install/husarion_office_gz/share/husarion_office_gz/worlds//models/TrashBin
[2.570s] -- Installing: /home/parallels/Documents/ros2_ws/install/husarion_office_gz/share/husarion_office_gz/worlds//models/TrashBin/meshes
[2.570s] -- Installing: /home/parallels/Documents/ros2_ws/install/husarion_office_gz/share/husarion_office_gz/worlds//models/TrashBin/meshes/TrashBin.mtl
[2.570s] -- Installing: /home/parallels/Documents/ros2_ws/install/husarion_office_gz/share/husarion_office_gz/worlds//models/TrashBin/meshes/TrashBin_Diffuse.png
[2.570s] -- Installing: /home/parallels/Documents/ros2_ws/install/husarion_office_gz/share/husarion_office_gz/worlds//models/TrashBin/meshes/TrashBin.obj
[2.570s] -- Installing: /home/parallels/Documents/ros2_ws/install/husarion_office_gz/share/husarion_office_gz/worlds//models/TrashBin/thumbnails
[2.570s] -- Installing: /home/parallels/Documents/ros2_ws/install/husarion_office_gz/share/husarion_office_gz/worlds//models/TrashBin/thumbnails/2.png
[2.570s] -- Installing: /home/parallels/Documents/ros2_ws/install/husarion_office_gz/share/husarion_office_gz/worlds//models/TrashBin/thumbnails/3.png
[2.570s] -- Installing: /home/parallels/Documents/ros2_ws/install/husarion_office_gz/share/husarion_office_gz/worlds//models/TrashBin/thumbnails/5.png
[2.570s] -- Installing: /home/parallels/Documents/ros2_ws/install/husarion_office_gz/share/husarion_office_gz/worlds//models/TrashBin/thumbnails/1.png
[2.570s] -- Installing: /home/parallels/Documents/ros2_ws/install/husarion_office_gz/share/husarion_office_gz/worlds//models/TrashBin/thumbnails/4.png
[2.570s] -- Installing: /home/parallels/Documents/ros2_ws/install/husarion_office_gz/share/husarion_office_gz/worlds//models/TrashBin/model.config
[2.570s] -- Installing: /home/parallels/Documents/ros2_ws/install/husarion_office_gz/share/husarion_office_gz/worlds//models/TrashBin/model.sdf
[2.570s] -- Installing: /home/parallels/Documents/ros2_ws/install/husarion_office_gz/share/husarion_office_gz/worlds//models/white_carpet.png
[2.570s] -- Installing: /home/parallels/Documents/ros2_ws/install/husarion_office_gz/share/husarion_office_gz/worlds//models/Drawer
[2.570s] -- Installing: /home/parallels/Documents/ros2_ws/install/husarion_office_gz/share/husarion_office_gz/worlds//models/Drawer/meshes
[2.570s] -- Installing: /home/parallels/Documents/ros2_ws/install/husarion_office_gz/share/husarion_office_gz/worlds//models/Drawer/meshes/Drawer_Col.obj
[2.570s] -- Installing: /home/parallels/Documents/ros2_ws/install/husarion_office_gz/share/husarion_office_gz/worlds//models/Drawer/meshes/Drawer.obj
[2.570s] -- Installing: /home/parallels/Documents/ros2_ws/install/husarion_office_gz/share/husarion_office_gz/worlds//models/Drawer/meshes/Drawer.png
[2.570s] -- Installing: /home/parallels/Documents/ros2_ws/install/husarion_office_gz/share/husarion_office_gz/worlds//models/Drawer/meshes/Drawer.mtl
[2.570s] -- Installing: /home/parallels/Documents/ros2_ws/install/husarion_office_gz/share/husarion_office_gz/worlds//models/Drawer/thumbnails
[2.570s] -- Installing: /home/parallels/Documents/ros2_ws/install/husarion_office_gz/share/husarion_office_gz/worlds//models/Drawer/thumbnails/2.png
[2.570s] -- Installing: /home/parallels/Documents/ros2_ws/install/husarion_office_gz/share/husarion_office_gz/worlds//models/Drawer/thumbnails/3.png
[2.570s] -- Installing: /home/parallels/Documents/ros2_ws/install/husarion_office_gz/share/husarion_office_gz/worlds//models/Drawer/thumbnails/5.png
[2.570s] -- Installing: /home/parallels/Documents/ros2_ws/install/husarion_office_gz/share/husarion_office_gz/worlds//models/Drawer/thumbnails/1.png
[2.570s] -- Installing: /home/parallels/Documents/ros2_ws/install/husarion_office_gz/share/husarion_office_gz/worlds//models/Drawer/thumbnails/4.png
[2.571s] -- Installing: /home/parallels/Documents/ros2_ws/install/husarion_office_gz/share/husarion_office_gz/worlds//models/Drawer/model.config
[2.571s] -- Installing: /home/parallels/Documents/ros2_ws/install/husarion_office_gz/share/husarion_office_gz/worlds//models/Drawer/model.sdf
[2.571s] -- Installing: /home/parallels/Documents/ros2_ws/install/husarion_office_gz/share/husarion_office_gz/worlds//models/Kitchen
[2.571s] -- Installing: /home/parallels/Documents/ros2_ws/install/husarion_office_gz/share/husarion_office_gz/worlds//models/Kitchen/meshes
[2.571s] -- Installing: /home/parallels/Documents/ros2_ws/install/husarion_office_gz/share/husarion_office_gz/worlds//models/Kitchen/meshes/kitchen.stl
[2.571s] -- Installing: /home/parallels/Documents/ros2_ws/install/husarion_office_gz/share/husarion_office_gz/worlds//models/Kitchen/model.config
[2.571s] -- Installing: /home/parallels/Documents/ros2_ws/install/husarion_office_gz/share/husarion_office_gz/worlds//models/Kitchen/model.sdf
[2.571s] -- Installing: /home/parallels/Documents/ros2_ws/install/husarion_office_gz/share/husarion_office_gz/worlds//models/rosbot
[2.571s] -- Installing: /home/parallels/Documents/ros2_ws/install/husarion_office_gz/share/husarion_office_gz/worlds//models/rosbot/meshes
[2.571s] -- Installing: /home/parallels/Documents/ros2_ws/install/husarion_office_gz/share/husarion_office_gz/worlds//models/rosbot/meshes/box.dae
[2.571s] -- Installing: /home/parallels/Documents/ros2_ws/install/husarion_office_gz/share/husarion_office_gz/worlds//models/rosbot/meshes/wheel-v2.stl
[2.576s] -- Installing: /home/parallels/Documents/ros2_ws/install/husarion_office_gz/share/husarion_office_gz/worlds//models/rosbot/meshes/wheel.dae
[2.576s] -- Installing: /home/parallels/Documents/ros2_ws/install/husarion_office_gz/share/husarion_office_gz/worlds//models/rosbot/meshes/astra.dae
[2.577s] -- Installing: /home/parallels/Documents/ros2_ws/install/husarion_office_gz/share/husarion_office_gz/worlds//models/rosbot/meshes/upper.dae
[2.581s] -- Installing: /home/parallels/Documents/ros2_ws/install/husarion_office_gz/share/husarion_office_gz/worlds//models/rosbot/meshes/rplidar.dae
[2.581s] -- Installing: /home/parallels/Documents/ros2_ws/install/husarion_office_gz/share/husarion_office_gz/worlds//models/rosbot/model.config
[2.581s] -- Installing: /home/parallels/Documents/ros2_ws/install/husarion_office_gz/share/husarion_office_gz/worlds//models/rosbot/model.sdf
[2.581s] -- Installing: /home/parallels/Documents/ros2_ws/install/husarion_office_gz/share/husarion_office_gz/worlds//models/Laptop
[2.581s] -- Installing: /home/parallels/Documents/ros2_ws/install/husarion_office_gz/share/husarion_office_gz/worlds//models/Laptop/meshes
[2.581s] -- Installing: /home/parallels/Documents/ros2_ws/install/husarion_office_gz/share/husarion_office_gz/worlds//models/Laptop/meshes/laptop.stl
[2.594s] -- Installing: /home/parallels/Documents/ros2_ws/install/husarion_office_gz/share/husarion_office_gz/worlds//models/Laptop/model.config
[2.595s] -- Installing: /home/parallels/Documents/ros2_ws/install/husarion_office_gz/share/husarion_office_gz/worlds//models/Laptop/model.sdf
[2.595s] -- Installing: /home/parallels/Documents/ros2_ws/install/husarion_office_gz/share/husarion_office_gz/worlds//models/WoodenChair
[2.595s] -- Installing: /home/parallels/Documents/ros2_ws/install/husarion_office_gz/share/husarion_office_gz/worlds//models/WoodenChair/meshes
[2.595s] -- Installing: /home/parallels/Documents/ros2_ws/install/husarion_office_gz/share/husarion_office_gz/worlds//models/WoodenChair/meshes/WoodenChair_Col.mtl
[2.595s] -- Installing: /home/parallels/Documents/ros2_ws/install/husarion_office_gz/share/husarion_office_gz/worlds//models/WoodenChair/meshes/WoodenChair.mtl
[2.596s] -- Installing: /home/parallels/Documents/ros2_ws/install/husarion_office_gz/share/husarion_office_gz/worlds//models/WoodenChair/meshes/WoodenChair_Col.obj
[2.596s] -- Installing: /home/parallels/Documents/ros2_ws/install/husarion_office_gz/share/husarion_office_gz/worlds//models/WoodenChair/meshes/WoodenChair.obj
[2.596s] -- Installing: /home/parallels/Documents/ros2_ws/install/husarion_office_gz/share/husarion_office_gz/worlds//models/WoodenChair/meshes/WoodenChair_Diffuse.png
[2.596s] -- Installing: /home/parallels/Documents/ros2_ws/install/husarion_office_gz/share/husarion_office_gz/worlds//models/WoodenChair/meshes/WoodenChair_Rough.png
[2.614s] -- Installing: /home/parallels/Documents/ros2_ws/install/husarion_office_gz/share/husarion_office_gz/worlds//models/WoodenChair/thumbnails
[2.614s] -- Installing: /home/parallels/Documents/ros2_ws/install/husarion_office_gz/share/husarion_office_gz/worlds//models/WoodenChair/thumbnails/2.png
[2.614s] -- Installing: /home/parallels/Documents/ros2_ws/install/husarion_office_gz/share/husarion_office_gz/worlds//models/WoodenChair/thumbnails/3.png
[2.614s] -- Installing: /home/parallels/Documents/ros2_ws/install/husarion_office_gz/share/husarion_office_gz/worlds//models/WoodenChair/thumbnails/5.png
[2.614s] -- Installing: /home/parallels/Documents/ros2_ws/install/husarion_office_gz/share/husarion_office_gz/worlds//models/WoodenChair/thumbnails/1.png
[2.614s] -- Installing: /home/parallels/Documents/ros2_ws/install/husarion_office_gz/share/husarion_office_gz/worlds//models/WoodenChair/thumbnails/4.png
[2.614s] -- Installing: /home/parallels/Documents/ros2_ws/install/husarion_office_gz/share/husarion_office_gz/worlds//models/WoodenChair/model.config
[2.614s] -- Installing: /home/parallels/Documents/ros2_ws/install/husarion_office_gz/share/husarion_office_gz/worlds//models/WoodenChair/model.sdf
[2.614s] -- Installing: /home/parallels/Documents/ros2_ws/install/husarion_office_gz/share/husarion_office_gz/worlds//models/WaterDispenser
[2.614s] -- Installing: /home/parallels/Documents/ros2_ws/install/husarion_office_gz/share/husarion_office_gz/worlds//models/WaterDispenser/meshes
[2.614s] -- Installing: /home/parallels/Documents/ros2_ws/install/husarion_office_gz/share/husarion_office_gz/worlds//models/WaterDispenser/meshes/WaterDispenser.dae
[2.628s] -- Installing: /home/parallels/Documents/ros2_ws/install/husarion_office_gz/share/husarion_office_gz/worlds//models/WaterDispenser/model.config
[2.631s] -- Installing: /home/parallels/Documents/ros2_ws/install/husarion_office_gz/share/husarion_office_gz/worlds//models/WaterDispenser/model.sdf
[2.631s] -- Installing: /home/parallels/Documents/ros2_ws/install/husarion_office_gz/share/husarion_office_gz/worlds//models/Tv
[2.631s] -- Installing: /home/parallels/Documents/ros2_ws/install/husarion_office_gz/share/husarion_office_gz/worlds//models/Tv/meshes
[2.631s] -- Installing: /home/parallels/Documents/ros2_ws/install/husarion_office_gz/share/husarion_office_gz/worlds//models/Tv/meshes/tv.stl
[2.631s] -- Installing: /home/parallels/Documents/ros2_ws/install/husarion_office_gz/share/husarion_office_gz/worlds//models/Tv/model.config
[2.631s] -- Installing: /home/parallels/Documents/ros2_ws/install/husarion_office_gz/share/husarion_office_gz/worlds//models/Tv/model.sdf
[2.631s] -- Installing: /home/parallels/Documents/ros2_ws/install/husarion_office_gz/share/husarion_office_gz/worlds//models/BathroomSink
[2.631s] -- Installing: /home/parallels/Documents/ros2_ws/install/husarion_office_gz/share/husarion_office_gz/worlds//models/BathroomSink/meshes
[2.631s] -- Installing: /home/parallels/Documents/ros2_ws/install/husarion_office_gz/share/husarion_office_gz/worlds//models/BathroomSink/meshes/BathroomSink.mtl
[2.631s] -- Installing: /home/parallels/Documents/ros2_ws/install/husarion_office_gz/share/husarion_office_gz/worlds//models/BathroomSink/meshes/BathroomSink_Diffuse.png
[2.631s] -- Installing: /home/parallels/Documents/ros2_ws/install/husarion_office_gz/share/husarion_office_gz/worlds//models/BathroomSink/meshes/BathroomSink_Col.obj
[2.631s] -- Installing: /home/parallels/Documents/ros2_ws/install/husarion_office_gz/share/husarion_office_gz/worlds//models/BathroomSink/meshes/BathroomSink_Metal.png
[2.631s] -- Installing: /home/parallels/Documents/ros2_ws/install/husarion_office_gz/share/husarion_office_gz/worlds//models/BathroomSink/meshes/BathroomSink.obj
[2.631s] -- Installing: /home/parallels/Documents/ros2_ws/install/husarion_office_gz/share/husarion_office_gz/worlds//models/BathroomSink/meshes/BathroomSink_Col.mtl
[2.631s] -- Installing: /home/parallels/Documents/ros2_ws/install/husarion_office_gz/share/husarion_office_gz/worlds//models/BathroomSink/meshes/BathroomSink_Rough.png
[2.631s] -- Installing: /home/parallels/Documents/ros2_ws/install/husarion_office_gz/share/husarion_office_gz/worlds//models/BathroomSink/thumbnails
[2.631s] -- Installing: /home/parallels/Documents/ros2_ws/install/husarion_office_gz/share/husarion_office_gz/worlds//models/BathroomSink/thumbnails/2.png
[2.632s] -- Installing: /home/parallels/Documents/ros2_ws/install/husarion_office_gz/share/husarion_office_gz/worlds//models/BathroomSink/thumbnails/3.png
[2.632s] -- Installing: /home/parallels/Documents/ros2_ws/install/husarion_office_gz/share/husarion_office_gz/worlds//models/BathroomSink/thumbnails/5.png
[2.632s] -- Installing: /home/parallels/Documents/ros2_ws/install/husarion_office_gz/share/husarion_office_gz/worlds//models/BathroomSink/thumbnails/1.png
[2.632s] -- Installing: /home/parallels/Documents/ros2_ws/install/husarion_office_gz/share/husarion_office_gz/worlds//models/BathroomSink/thumbnails/4.png
[2.632s] -- Installing: /home/parallels/Documents/ros2_ws/install/husarion_office_gz/share/husarion_office_gz/worlds//models/BathroomSink/model.config
[2.632s] -- Installing: /home/parallels/Documents/ros2_ws/install/husarion_office_gz/share/husarion_office_gz/worlds//models/BathroomSink/model.sdf
[2.632s] -- Installing: /home/parallels/Documents/ros2_ws/install/husarion_office_gz/share/husarion_office_gz/worlds//models/SquareShelf
[2.632s] -- Installing: /home/parallels/Documents/ros2_ws/install/husarion_office_gz/share/husarion_office_gz/worlds//models/SquareShelf/meshes
[2.632s] -- Installing: /home/parallels/Documents/ros2_ws/install/husarion_office_gz/share/husarion_office_gz/worlds//models/SquareShelf/meshes/SquareShelf.mtl
[2.632s] -- Installing: /home/parallels/Documents/ros2_ws/install/husarion_office_gz/share/husarion_office_gz/worlds//models/SquareShelf/meshes/SquareShelf_Col.obj
[2.632s] -- Installing: /home/parallels/Documents/ros2_ws/install/husarion_office_gz/share/husarion_office_gz/worlds//models/SquareShelf/meshes/SquareShelf_Col.mtl
[2.632s] -- Installing: /home/parallels/Documents/ros2_ws/install/husarion_office_gz/share/husarion_office_gz/worlds//models/SquareShelf/meshes/SquareShelf_Diffuse.png
[2.632s] -- Installing: /home/parallels/Documents/ros2_ws/install/husarion_office_gz/share/husarion_office_gz/worlds//models/SquareShelf/meshes/SquareShelf.obj
[2.632s] -- Installing: /home/parallels/Documents/ros2_ws/install/husarion_office_gz/share/husarion_office_gz/worlds//models/SquareShelf/thumbnails
[2.632s] -- Installing: /home/parallels/Documents/ros2_ws/install/husarion_office_gz/share/husarion_office_gz/worlds//models/SquareShelf/thumbnails/2.png
[2.632s] -- Installing: /home/parallels/Documents/ros2_ws/install/husarion_office_gz/share/husarion_office_gz/worlds//models/SquareShelf/thumbnails/3.png
[2.632s] -- Installing: /home/parallels/Documents/ros2_ws/install/husarion_office_gz/share/husarion_office_gz/worlds//models/SquareShelf/thumbnails/5.png
[2.632s] -- Installing: /home/parallels/Documents/ros2_ws/install/husarion_office_gz/share/husarion_office_gz/worlds//models/SquareShelf/thumbnails/1.png
[2.636s] -- Installing: /home/parallels/Documents/ros2_ws/install/husarion_office_gz/share/husarion_office_gz/worlds//models/SquareShelf/thumbnails/4.png
[2.636s] -- Installing: /home/parallels/Documents/ros2_ws/install/husarion_office_gz/share/husarion_office_gz/worlds//models/SquareShelf/model.config
[2.636s] -- Installing: /home/parallels/Documents/ros2_ws/install/husarion_office_gz/share/husarion_office_gz/worlds//models/SquareShelf/model.sdf
[2.636s] -- Installing: /home/parallels/Documents/ros2_ws/install/husarion_office_gz/share/husarion_office_gz/worlds//models/Toilet
[2.636s] -- Installing: /home/parallels/Documents/ros2_ws/install/husarion_office_gz/share/husarion_office_gz/worlds//models/Toilet/meshes
[2.636s] -- Installing: /home/parallels/Documents/ros2_ws/install/husarion_office_gz/share/husarion_office_gz/worlds//models/Toilet/meshes/toilet.mtl
[2.636s] -- Installing: /home/parallels/Documents/ros2_ws/install/husarion_office_gz/share/husarion_office_gz/worlds//models/Toilet/meshes/toilet.obj
[2.636s] -- Installing: /home/parallels/Documents/ros2_ws/install/husarion_office_gz/share/husarion_office_gz/worlds//models/Toilet/thumbnails
[2.636s] -- Installing: /home/parallels/Documents/ros2_ws/install/husarion_office_gz/share/husarion_office_gz/worlds//models/Toilet/thumbnails/2.png
[2.636s] -- Installing: /home/parallels/Documents/ros2_ws/install/husarion_office_gz/share/husarion_office_gz/worlds//models/Toilet/thumbnails/3.png
[2.636s] -- Installing: /home/parallels/Documents/ros2_ws/install/husarion_office_gz/share/husarion_office_gz/worlds//models/Toilet/thumbnails/5.png
[2.637s] -- Installing: /home/parallels/Documents/ros2_ws/install/husarion_office_gz/share/husarion_office_gz/worlds//models/Toilet/thumbnails/1.png
[2.637s] -- Installing: /home/parallels/Documents/ros2_ws/install/husarion_office_gz/share/husarion_office_gz/worlds//models/Toilet/thumbnails/4.png
[2.637s] -- Installing: /home/parallels/Documents/ros2_ws/install/husarion_office_gz/share/husarion_office_gz/worlds//models/Toilet/model.config
[2.637s] -- Installing: /home/parallels/Documents/ros2_ws/install/husarion_office_gz/share/husarion_office_gz/worlds//models/Toilet/model.sdf
[2.637s] -- Installing: /home/parallels/Documents/ros2_ws/install/husarion_office_gz/share/husarion_office_gz/worlds//models/wood1.png
[2.637s] -- Installing: /home/parallels/Documents/ros2_ws/install/husarion_office_gz/share/husarion_office_gz/worlds//models/CoffeeTable
[2.637s] -- Installing: /home/parallels/Documents/ros2_ws/install/husarion_office_gz/share/husarion_office_gz/worlds//models/CoffeeTable/meshes
[2.637s] -- Installing: /home/parallels/Documents/ros2_ws/install/husarion_office_gz/share/husarion_office_gz/worlds//models/CoffeeTable/meshes/CoffeeTable.obj
[2.637s] -- Installing: /home/parallels/Documents/ros2_ws/install/husarion_office_gz/share/husarion_office_gz/worlds//models/CoffeeTable/meshes/CoffeeTable_SpecGloss.png
[2.637s] -- Installing: /home/parallels/Documents/ros2_ws/install/husarion_office_gz/share/husarion_office_gz/worlds//models/CoffeeTable/meshes/CoffeeTable_Diffuse.png
[2.637s] -- Installing: /home/parallels/Documents/ros2_ws/install/husarion_office_gz/share/husarion_office_gz/worlds//models/CoffeeTable/meshes/CoffeeTable_Normal.png
[2.638s] -- Installing: /home/parallels/Documents/ros2_ws/install/husarion_office_gz/share/husarion_office_gz/worlds//models/CoffeeTable/meshes/CoffeeTable.mtl
[2.638s] -- Installing: /home/parallels/Documents/ros2_ws/install/husarion_office_gz/share/husarion_office_gz/worlds//models/CoffeeTable/thumbnails
[2.638s] -- Installing: /home/parallels/Documents/ros2_ws/install/husarion_office_gz/share/husarion_office_gz/worlds//models/CoffeeTable/thumbnails/2.png
[2.638s] -- Installing: /home/parallels/Documents/ros2_ws/install/husarion_office_gz/share/husarion_office_gz/worlds//models/CoffeeTable/thumbnails/3.png
[2.644s] -- Installing: /home/parallels/Documents/ros2_ws/install/husarion_office_gz/share/husarion_office_gz/worlds//models/CoffeeTable/thumbnails/5.png
[2.644s] -- Installing: /home/parallels/Documents/ros2_ws/install/husarion_office_gz/share/husarion_office_gz/worlds//models/CoffeeTable/thumbnails/1.png
[2.644s] -- Installing: /home/parallels/Documents/ros2_ws/install/husarion_office_gz/share/husarion_office_gz/worlds//models/CoffeeTable/thumbnails/4.png
[2.645s] -- Installing: /home/parallels/Documents/ros2_ws/install/husarion_office_gz/share/husarion_office_gz/worlds//models/CoffeeTable/model.config
[2.645s] -- Installing: /home/parallels/Documents/ros2_ws/install/husarion_office_gz/share/husarion_office_gz/worlds//models/CoffeeTable/model.sdf
[2.645s] -- Installing: /home/parallels/Documents/ros2_ws/install/husarion_office_gz/share/husarion_office_gz/worlds//models/Table
[2.645s] -- Installing: /home/parallels/Documents/ros2_ws/install/husarion_office_gz/share/husarion_office_gz/worlds//models/Table/Table_Diffuse.jpg
[2.645s] -- Installing: /home/parallels/Documents/ros2_ws/install/husarion_office_gz/share/husarion_office_gz/worlds//models/Table/thumbnails
[2.645s] -- Installing: /home/parallels/Documents/ros2_ws/install/husarion_office_gz/share/husarion_office_gz/worlds//models/Table/thumbnails/2.png
[2.645s] -- Installing: /home/parallels/Documents/ros2_ws/install/husarion_office_gz/share/husarion_office_gz/worlds//models/Table/thumbnails/3.png
[2.645s] -- Installing: /home/parallels/Documents/ros2_ws/install/husarion_office_gz/share/husarion_office_gz/worlds//models/Table/thumbnails/5.png
[2.645s] -- Installing: /home/parallels/Documents/ros2_ws/install/husarion_office_gz/share/husarion_office_gz/worlds//models/Table/thumbnails/1.png
[2.645s] -- Installing: /home/parallels/Documents/ros2_ws/install/husarion_office_gz/share/husarion_office_gz/worlds//models/Table/thumbnails/4.png
[2.645s] -- Installing: /home/parallels/Documents/ros2_ws/install/husarion_office_gz/share/husarion_office_gz/worlds//models/Table/model.config
[2.645s] -- Installing: /home/parallels/Documents/ros2_ws/install/husarion_office_gz/share/husarion_office_gz/worlds//models/Table/model-1_3.sdf
[2.645s] -- Installing: /home/parallels/Documents/ros2_ws/install/husarion_office_gz/share/husarion_office_gz/worlds//models/Table/model-1_2.sdf
[2.645s] -- Installing: /home/parallels/Documents/ros2_ws/install/husarion_office_gz/share/husarion_office_gz/worlds//models/Table/model.sdf
[2.650s] -- Installing: /home/parallels/Documents/ros2_ws/install/husarion_office_gz/share/husarion_office_gz/worlds//models/Table/model-1_4.sdf
[2.650s] -- Installing: /home/parallels/Documents/ros2_ws/install/husarion_office_gz/share/husarion_office_gz/worlds//models/MopCart3
[2.650s] -- Installing: /home/parallels/Documents/ros2_ws/install/husarion_office_gz/share/husarion_office_gz/worlds//models/MopCart3/meshes
[2.650s] -- Installing: /home/parallels/Documents/ros2_ws/install/husarion_office_gz/share/husarion_office_gz/worlds//models/MopCart3/meshes/Plastic.png
[2.651s] -- Installing: /home/parallels/Documents/ros2_ws/install/husarion_office_gz/share/husarion_office_gz/worlds//models/MopCart3/meshes/MopCart3.mtl
[2.651s] -- Installing: /home/parallels/Documents/ros2_ws/install/husarion_office_gz/share/husarion_office_gz/worlds//models/MopCart3/meshes/Cart.png
[2.652s] -- Installing: /home/parallels/Documents/ros2_ws/install/husarion_office_gz/share/husarion_office_gz/worlds//models/MopCart3/meshes/Sign.png
[2.652s] -- Installing: /home/parallels/Documents/ros2_ws/install/husarion_office_gz/share/husarion_office_gz/worlds//models/MopCart3/meshes/Cloth.png
[2.653s] -- Installing: /home/parallels/Documents/ros2_ws/install/husarion_office_gz/share/husarion_office_gz/worlds//models/MopCart3/meshes/Duster.png
[2.653s] -- Installing: /home/parallels/Documents/ros2_ws/install/husarion_office_gz/share/husarion_office_gz/worlds//models/MopCart3/meshes/MopCart3.obj
[2.662s] -- Installing: /home/parallels/Documents/ros2_ws/install/husarion_office_gz/share/husarion_office_gz/worlds//models/MopCart3/meshes/Mop.png
[2.662s] -- Installing: /home/parallels/Documents/ros2_ws/install/husarion_office_gz/share/husarion_office_gz/worlds//models/MopCart3/meshes/Red.png
[2.662s] -- Installing: /home/parallels/Documents/ros2_ws/install/husarion_office_gz/share/husarion_office_gz/worlds//models/MopCart3/meshes/Blue.png
[2.662s] -- Installing: /home/parallels/Documents/ros2_ws/install/husarion_office_gz/share/husarion_office_gz/worlds//models/MopCart3/meshes/Glove.png
[2.662s] -- Installing: /home/parallels/Documents/ros2_ws/install/husarion_office_gz/share/husarion_office_gz/worlds//models/MopCart3/meshes/Parcel.png
[2.662s] -- Installing: /home/parallels/Documents/ros2_ws/install/husarion_office_gz/share/husarion_office_gz/worlds//models/MopCart3/meshes/Spray.png
[2.662s] -- Installing: /home/parallels/Documents/ros2_ws/install/husarion_office_gz/share/husarion_office_gz/worlds//models/MopCart3/thumbnails
[2.662s] -- Installing: /home/parallels/Documents/ros2_ws/install/husarion_office_gz/share/husarion_office_gz/worlds//models/MopCart3/thumbnails/2.png
[2.663s] -- Installing: /home/parallels/Documents/ros2_ws/install/husarion_office_gz/share/husarion_office_gz/worlds//models/MopCart3/thumbnails/3.png
[2.663s] -- Installing: /home/parallels/Documents/ros2_ws/install/husarion_office_gz/share/husarion_office_gz/worlds//models/MopCart3/thumbnails/5.png
[2.663s] -- Installing: /home/parallels/Documents/ros2_ws/install/husarion_office_gz/share/husarion_office_gz/worlds//models/MopCart3/thumbnails/1.png
[2.663s] -- Installing: /home/parallels/Documents/ros2_ws/install/husarion_office_gz/share/husarion_office_gz/worlds//models/MopCart3/thumbnails/4.png
[2.663s] -- Installing: /home/parallels/Documents/ros2_ws/install/husarion_office_gz/share/husarion_office_gz/worlds//models/MopCart3/model.config
[2.663s] -- Installing: /home/parallels/Documents/ros2_ws/install/husarion_office_gz/share/husarion_office_gz/worlds//models/MopCart3/model.sdf
[2.663s] -- Installing: /home/parallels/Documents/ros2_ws/install/husarion_office_gz/share/husarion_office_gz/worlds//models/WhiteCabinet
[2.663s] -- Installing: /home/parallels/Documents/ros2_ws/install/husarion_office_gz/share/husarion_office_gz/worlds//models/WhiteCabinet/meshes
[2.663s] -- Installing: /home/parallels/Documents/ros2_ws/install/husarion_office_gz/share/husarion_office_gz/worlds//models/WhiteCabinet/meshes/WhiteCabinet.obj
[2.663s] -- Installing: /home/parallels/Documents/ros2_ws/install/husarion_office_gz/share/husarion_office_gz/worlds//models/WhiteCabinet/meshes/WhiteCabinet.mtl
[2.663s] -- Installing: /home/parallels/Documents/ros2_ws/install/husarion_office_gz/share/husarion_office_gz/worlds//models/WhiteCabinet/meshes/WhiteCabinet.png
[2.663s] -- Installing: /home/parallels/Documents/ros2_ws/install/husarion_office_gz/share/husarion_office_gz/worlds//models/WhiteCabinet/thumbnails
[2.663s] -- Installing: /home/parallels/Documents/ros2_ws/install/husarion_office_gz/share/husarion_office_gz/worlds//models/WhiteCabinet/thumbnails/2.png
[2.663s] -- Installing: /home/parallels/Documents/ros2_ws/install/husarion_office_gz/share/husarion_office_gz/worlds//models/WhiteCabinet/thumbnails/3.png
[2.663s] -- Installing: /home/parallels/Documents/ros2_ws/install/husarion_office_gz/share/husarion_office_gz/worlds//models/WhiteCabinet/thumbnails/5.png
[2.663s] -- Installing: /home/parallels/Documents/ros2_ws/install/husarion_office_gz/share/husarion_office_gz/worlds//models/WhiteCabinet/thumbnails/1.png
[2.663s] -- Installing: /home/parallels/Documents/ros2_ws/install/husarion_office_gz/share/husarion_office_gz/worlds//models/WhiteCabinet/thumbnails/4.png
[2.663s] -- Installing: /home/parallels/Documents/ros2_ws/install/husarion_office_gz/share/husarion_office_gz/worlds//models/WhiteCabinet/model.config
[2.663s] -- Installing: /home/parallels/Documents/ros2_ws/install/husarion_office_gz/share/husarion_office_gz/worlds//models/WhiteCabinet/model.sdf
[2.663s] -- Installing: /home/parallels/Documents/ros2_ws/install/husarion_office_gz/share/husarion_office_gz/worlds//models/pradnicka_office_L1
[2.663s] -- Installing: /home/parallels/Documents/ros2_ws/install/husarion_office_gz/share/husarion_office_gz/worlds//models/pradnicka_office_L1/meshes
[2.663s] -- Installing: /home/parallels/Documents/ros2_ws/install/husarion_office_gz/share/husarion_office_gz/worlds//models/pradnicka_office_L1/meshes/floor_11.mtl
[2.663s] -- Installing: /home/parallels/Documents/ros2_ws/install/husarion_office_gz/share/husarion_office_gz/worlds//models/pradnicka_office_L1/meshes/wall_2.obj
[2.663s] -- Installing: /home/parallels/Documents/ros2_ws/install/husarion_office_gz/share/husarion_office_gz/worlds//models/pradnicka_office_L1/meshes/floor_13.mtl
[2.664s] -- Installing: /home/parallels/Documents/ros2_ws/install/husarion_office_gz/share/husarion_office_gz/worlds//models/pradnicka_office_L1/meshes/model.material
[2.664s] -- Installing: /home/parallels/Documents/ros2_ws/install/husarion_office_gz/share/husarion_office_gz/worlds//models/pradnicka_office_L1/meshes/floor_14.mtl
[2.664s] -- Installing: /home/parallels/Documents/ros2_ws/install/husarion_office_gz/share/husarion_office_gz/worlds//models/pradnicka_office_L1/meshes/floor_6.mtl
[2.664s] -- Installing: /home/parallels/Documents/ros2_ws/install/husarion_office_gz/share/husarion_office_gz/worlds//models/pradnicka_office_L1/meshes/floor_2.obj
[2.664s] -- Installing: /home/parallels/Documents/ros2_ws/install/husarion_office_gz/share/husarion_office_gz/worlds//models/pradnicka_office_L1/meshes/floor_8.mtl
[2.664s] -- Installing: /home/parallels/Documents/ros2_ws/install/husarion_office_gz/share/husarion_office_gz/worlds//models/pradnicka_office_L1/meshes/floor_12.obj
[2.664s] -- Installing: /home/parallels/Documents/ros2_ws/install/husarion_office_gz/share/husarion_office_gz/worlds//models/pradnicka_office_L1/meshes/floor_8.obj
[2.664s] -- Installing: /home/parallels/Documents/ros2_ws/install/husarion_office_gz/share/husarion_office_gz/worlds//models/pradnicka_office_L1/meshes/floor_1.mtl
[2.664s] -- Installing: /home/parallels/Documents/ros2_ws/install/husarion_office_gz/share/husarion_office_gz/worlds//models/pradnicka_office_L1/meshes/floor_4.mtl
[2.664s] -- Installing: /home/parallels/Documents/ros2_ws/install/husarion_office_gz/share/husarion_office_gz/worlds//models/pradnicka_office_L1/meshes/floor_12.mtl
[2.664s] -- Installing: /home/parallels/Documents/ros2_ws/install/husarion_office_gz/share/husarion_office_gz/worlds//models/pradnicka_office_L1/meshes/floor_5.obj
[2.664s] -- Installing: /home/parallels/Documents/ros2_ws/install/husarion_office_gz/share/husarion_office_gz/worlds//models/pradnicka_office_L1/meshes/floor_5.mtl
[2.664s] -- Installing: /home/parallels/Documents/ros2_ws/install/husarion_office_gz/share/husarion_office_gz/worlds//models/pradnicka_office_L1/meshes/white_carpet.png
[2.679s] -- Installing: /home/parallels/Documents/ros2_ws/install/husarion_office_gz/share/husarion_office_gz/worlds//models/pradnicka_office_L1/meshes/wall_1.mtl
[2.679s] -- Installing: /home/parallels/Documents/ros2_ws/install/husarion_office_gz/share/husarion_office_gz/worlds//models/pradnicka_office_L1/meshes/floor_10.obj
[2.679s] -- Installing: /home/parallels/Documents/ros2_ws/install/husarion_office_gz/share/husarion_office_gz/worlds//models/pradnicka_office_L1/meshes/floor_7.mtl
[2.679s] -- Installing: /home/parallels/Documents/ros2_ws/install/husarion_office_gz/share/husarion_office_gz/worlds//models/pradnicka_office_L1/meshes/floor_6.obj
[2.679s] -- Installing: /home/parallels/Documents/ros2_ws/install/husarion_office_gz/share/husarion_office_gz/worlds//models/pradnicka_office_L1/meshes/floor_3.mtl
[2.679s] -- Installing: /home/parallels/Documents/ros2_ws/install/husarion_office_gz/share/husarion_office_gz/worlds//models/pradnicka_office_L1/meshes/floor_9.obj
[2.679s] -- Installing: /home/parallels/Documents/ros2_ws/install/husarion_office_gz/share/husarion_office_gz/worlds//models/pradnicka_office_L1/meshes/floor_10.mtl
[2.679s] -- Installing: /home/parallels/Documents/ros2_ws/install/husarion_office_gz/share/husarion_office_gz/worlds//models/pradnicka_office_L1/meshes/floor_11.obj
[2.679s] -- Installing: /home/parallels/Documents/ros2_ws/install/husarion_office_gz/share/husarion_office_gz/worlds//models/pradnicka_office_L1/meshes/floor_4.obj
[2.679s] -- Installing: /home/parallels/Documents/ros2_ws/install/husarion_office_gz/share/husarion_office_gz/worlds//models/pradnicka_office_L1/meshes/white_tiles.png
[2.679s] -- Installing: /home/parallels/Documents/ros2_ws/install/husarion_office_gz/share/husarion_office_gz/worlds//models/pradnicka_office_L1/meshes/floor_3.obj
[2.679s] -- Installing: /home/parallels/Documents/ros2_ws/install/husarion_office_gz/share/husarion_office_gz/worlds//models/pradnicka_office_L1/meshes/floor_2.mtl
[2.679s] -- Installing: /home/parallels/Documents/ros2_ws/install/husarion_office_gz/share/husarion_office_gz/worlds//models/pradnicka_office_L1/meshes/floor_14.obj
[2.679s] -- Installing: /home/parallels/Documents/ros2_ws/install/husarion_office_gz/share/husarion_office_gz/worlds//models/pradnicka_office_L1/meshes/floor_7.obj
[2.679s] -- Installing: /home/parallels/Documents/ros2_ws/install/husarion_office_gz/share/husarion_office_gz/worlds//models/pradnicka_office_L1/meshes/black_concrete.png
[2.679s] -- Installing: /home/parallels/Documents/ros2_ws/install/husarion_office_gz/share/husarion_office_gz/worlds//models/pradnicka_office_L1/meshes/wood1.png
[2.680s] -- Installing: /home/parallels/Documents/ros2_ws/install/husarion_office_gz/share/husarion_office_gz/worlds//models/pradnicka_office_L1/meshes/wall_1.obj
[2.680s] -- Installing: /home/parallels/Documents/ros2_ws/install/husarion_office_gz/share/husarion_office_gz/worlds//models/pradnicka_office_L1/meshes/wall_2.mtl
[2.680s] -- Installing: /home/parallels/Documents/ros2_ws/install/husarion_office_gz/share/husarion_office_gz/worlds//models/pradnicka_office_L1/meshes/floor_1.obj
[2.680s] -- Installing: /home/parallels/Documents/ros2_ws/install/husarion_office_gz/share/husarion_office_gz/worlds//models/pradnicka_office_L1/meshes/floor_13.obj
[2.680s] -- Installing: /home/parallels/Documents/ros2_ws/install/husarion_office_gz/share/husarion_office_gz/worlds//models/pradnicka_office_L1/meshes/white_wall.png
[2.680s] -- Installing: /home/parallels/Documents/ros2_ws/install/husarion_office_gz/share/husarion_office_gz/worlds//models/pradnicka_office_L1/meshes/floor_9.mtl
[2.680s] -- Installing: /home/parallels/Documents/ros2_ws/install/husarion_office_gz/share/husarion_office_gz/worlds//models/pradnicka_office_L1/meshes/wood2.png
[2.681s] -- Installing: /home/parallels/Documents/ros2_ws/install/husarion_office_gz/share/husarion_office_gz/worlds//models/pradnicka_office_L1/model.config
[2.681s] -- Installing: /home/parallels/Documents/ros2_ws/install/husarion_office_gz/share/husarion_office_gz/worlds//models/pradnicka_office_L1/model.sdf
[2.681s] -- Installing: /home/parallels/Documents/ros2_ws/install/husarion_office_gz/share/husarion_office_gz/worlds//models/MopCart4
[2.681s] -- Installing: /home/parallels/Documents/ros2_ws/install/husarion_office_gz/share/husarion_office_gz/worlds//models/MopCart4/meshes
[2.681s] -- Installing: /home/parallels/Documents/ros2_ws/install/husarion_office_gz/share/husarion_office_gz/worlds//models/MopCart4/meshes/Cart.png
[2.682s] -- Installing: /home/parallels/Documents/ros2_ws/install/husarion_office_gz/share/husarion_office_gz/worlds//models/MopCart4/meshes/MopCart4.obj
[2.682s] -- Installing: /home/parallels/Documents/ros2_ws/install/husarion_office_gz/share/husarion_office_gz/worlds//models/MopCart4/meshes/red.png
[2.682s] -- Installing: /home/parallels/Documents/ros2_ws/install/husarion_office_gz/share/husarion_office_gz/worlds//models/MopCart4/meshes/blue.png
[2.682s] -- Installing: /home/parallels/Documents/ros2_ws/install/husarion_office_gz/share/husarion_office_gz/worlds//models/MopCart4/meshes/MopCart4.mtl
[2.682s] -- Installing: /home/parallels/Documents/ros2_ws/install/husarion_office_gz/share/husarion_office_gz/worlds//models/MopCart4/thumbnails
[2.682s] -- Installing: /home/parallels/Documents/ros2_ws/install/husarion_office_gz/share/husarion_office_gz/worlds//models/MopCart4/thumbnails/2.png
[2.694s] -- Installing: /home/parallels/Documents/ros2_ws/install/husarion_office_gz/share/husarion_office_gz/worlds//models/MopCart4/thumbnails/3.png
[2.694s] -- Installing: /home/parallels/Documents/ros2_ws/install/husarion_office_gz/share/husarion_office_gz/worlds//models/MopCart4/thumbnails/5.png
[2.694s] -- Installing: /home/parallels/Documents/ros2_ws/install/husarion_office_gz/share/husarion_office_gz/worlds//models/MopCart4/thumbnails/1.png
[2.694s] -- Installing: /home/parallels/Documents/ros2_ws/install/husarion_office_gz/share/husarion_office_gz/worlds//models/MopCart4/thumbnails/4.png
[2.694s] -- Installing: /home/parallels/Documents/ros2_ws/install/husarion_office_gz/share/husarion_office_gz/worlds//models/MopCart4/model.config
[2.695s] -- Installing: /home/parallels/Documents/ros2_ws/install/husarion_office_gz/share/husarion_office_gz/worlds//models/MopCart4/model.sdf
[2.695s] -- Installing: /home/parallels/Documents/ros2_ws/install/husarion_office_gz/share/husarion_office_gz/worlds//models/Door
[2.695s] -- Installing: /home/parallels/Documents/ros2_ws/install/husarion_office_gz/share/husarion_office_gz/worlds//models/Door/meshes
[2.695s] -- Installing: /home/parallels/Documents/ros2_ws/install/husarion_office_gz/share/husarion_office_gz/worlds//models/Door/meshes/door.stl
[2.706s] -- Installing: /home/parallels/Documents/ros2_ws/install/husarion_office_gz/share/husarion_office_gz/worlds//models/Door/model.config
[2.706s] -- Installing: /home/parallels/Documents/ros2_ws/install/husarion_office_gz/share/husarion_office_gz/worlds//models/Door/model.sdf
[2.706s] -- Installing: /home/parallels/Documents/ros2_ws/install/husarion_office_gz/share/husarion_office_gz/worlds//models/OfficeChairBlack
[2.706s] -- Installing: /home/parallels/Documents/ros2_ws/install/husarion_office_gz/share/husarion_office_gz/worlds//models/OfficeChairBlack/meshes
[2.706s] -- Installing: /home/parallels/Documents/ros2_ws/install/husarion_office_gz/share/husarion_office_gz/worlds//models/OfficeChairBlack/meshes/OfficeChairBlack.mtl
[2.706s] -- Installing: /home/parallels/Documents/ros2_ws/install/husarion_office_gz/share/husarion_office_gz/worlds//models/OfficeChairBlack/meshes/OfficeChairBlack.obj
[2.706s] -- Installing: /home/parallels/Documents/ros2_ws/install/husarion_office_gz/share/husarion_office_gz/worlds//models/OfficeChairBlack/meshes/OfficeChairBlack.png
[2.706s] -- Installing: /home/parallels/Documents/ros2_ws/install/husarion_office_gz/share/husarion_office_gz/worlds//models/OfficeChairBlack/meshes/OfficeChairBlack_Col.mtl
[2.706s] -- Installing: /home/parallels/Documents/ros2_ws/install/husarion_office_gz/share/husarion_office_gz/worlds//models/OfficeChairBlack/meshes/OfficeChairBlack_Col.obj
[2.706s] -- Installing: /home/parallels/Documents/ros2_ws/install/husarion_office_gz/share/husarion_office_gz/worlds//models/OfficeChairBlack/thumbnails
[2.706s] -- Installing: /home/parallels/Documents/ros2_ws/install/husarion_office_gz/share/husarion_office_gz/worlds//models/OfficeChairBlack/thumbnails/meta
[2.706s] -- Installing: /home/parallels/Documents/ros2_ws/install/husarion_office_gz/share/husarion_office_gz/worlds//models/OfficeChairBlack/thumbnails/meta/2.png
[2.706s] -- Installing: /home/parallels/Documents/ros2_ws/install/husarion_office_gz/share/husarion_office_gz/worlds//models/OfficeChairBlack/thumbnails/meta/3.png
[2.706s] -- Installing: /home/parallels/Documents/ros2_ws/install/husarion_office_gz/share/husarion_office_gz/worlds//models/OfficeChairBlack/thumbnails/meta/5.png
[2.706s] -- Installing: /home/parallels/Documents/ros2_ws/install/husarion_office_gz/share/husarion_office_gz/worlds//models/OfficeChairBlack/thumbnails/meta/1.png
[2.706s] -- Installing: /home/parallels/Documents/ros2_ws/install/husarion_office_gz/share/husarion_office_gz/worlds//models/OfficeChairBlack/thumbnails/meta/4.png
[2.707s] -- Installing: /home/parallels/Documents/ros2_ws/install/husarion_office_gz/share/husarion_office_gz/worlds//models/OfficeChairBlack/thumbnails/2.png
[2.707s] -- Installing: /home/parallels/Documents/ros2_ws/install/husarion_office_gz/share/husarion_office_gz/worlds//models/OfficeChairBlack/thumbnails/3.png
[2.707s] -- Installing: /home/parallels/Documents/ros2_ws/install/husarion_office_gz/share/husarion_office_gz/worlds//models/OfficeChairBlack/thumbnails/5.png
[2.707s] -- Installing: /home/parallels/Documents/ros2_ws/install/husarion_office_gz/share/husarion_office_gz/worlds//models/OfficeChairBlack/thumbnails/1.png
[2.707s] -- Installing: /home/parallels/Documents/ros2_ws/install/husarion_office_gz/share/husarion_office_gz/worlds//models/OfficeChairBlack/thumbnails/4.png
[2.707s] -- Installing: /home/parallels/Documents/ros2_ws/install/husarion_office_gz/share/husarion_office_gz/worlds//models/OfficeChairBlack/model.config
[2.707s] -- Installing: /home/parallels/Documents/ros2_ws/install/husarion_office_gz/share/husarion_office_gz/worlds//models/OfficeChairBlack/model.sdf
[2.707s] -- Installing: /home/parallels/Documents/ros2_ws/install/husarion_office_gz/share/husarion_office_gz/worlds//models/white_wall.png
[2.707s] -- Installing: /home/parallels/Documents/ros2_ws/install/husarion_office_gz/share/husarion_office_gz/worlds//models/ConfTable
[2.707s] -- Installing: /home/parallels/Documents/ros2_ws/install/husarion_office_gz/share/husarion_office_gz/worlds//models/ConfTable/meshes
[2.707s] -- Installing: /home/parallels/Documents/ros2_ws/install/husarion_office_gz/share/husarion_office_gz/worlds//models/ConfTable/meshes/ConfTable2.stl
[2.718s] -- Installing: /home/parallels/Documents/ros2_ws/install/husarion_office_gz/share/husarion_office_gz/worlds//models/ConfTable/model.config
[2.718s] -- Installing: /home/parallels/Documents/ros2_ws/install/husarion_office_gz/share/husarion_office_gz/worlds//models/ConfTable/model.sdf
[2.718s] -- Installing: /home/parallels/Documents/ros2_ws/install/husarion_office_gz/share/husarion_office_gz/worlds//models/Fridge
[2.718s] -- Installing: /home/parallels/Documents/ros2_ws/install/husarion_office_gz/share/husarion_office_gz/worlds//models/Fridge/meshes
[2.718s] -- Installing: /home/parallels/Documents/ros2_ws/install/husarion_office_gz/share/husarion_office_gz/worlds//models/Fridge/meshes/Fridge.obj
[2.718s] -- Installing: /home/parallels/Documents/ros2_ws/install/husarion_office_gz/share/husarion_office_gz/worlds//models/Fridge/meshes/Fridge_Col.obj
[2.718s] -- Installing: /home/parallels/Documents/ros2_ws/install/husarion_office_gz/share/husarion_office_gz/worlds//models/Fridge/meshes/Fridge_Diffuse.png
[2.719s] -- Installing: /home/parallels/Documents/ros2_ws/install/husarion_office_gz/share/husarion_office_gz/worlds//models/Fridge/meshes/Fridge_Col.mtl
[2.719s] -- Installing: /home/parallels/Documents/ros2_ws/install/husarion_office_gz/share/husarion_office_gz/worlds//models/Fridge/meshes/Fridge.mtl
[2.719s] -- Installing: /home/parallels/Documents/ros2_ws/install/husarion_office_gz/share/husarion_office_gz/worlds//models/Fridge/thumbnails
[2.719s] -- Installing: /home/parallels/Documents/ros2_ws/install/husarion_office_gz/share/husarion_office_gz/worlds//models/Fridge/thumbnails/2.png
[2.719s] -- Installing: /home/parallels/Documents/ros2_ws/install/husarion_office_gz/share/husarion_office_gz/worlds//models/Fridge/thumbnails/3.png
[2.719s] -- Installing: /home/parallels/Documents/ros2_ws/install/husarion_office_gz/share/husarion_office_gz/worlds//models/Fridge/thumbnails/5.png
[2.719s] -- Installing: /home/parallels/Documents/ros2_ws/install/husarion_office_gz/share/husarion_office_gz/worlds//models/Fridge/thumbnails/1.png
[2.719s] -- Installing: /home/parallels/Documents/ros2_ws/install/husarion_office_gz/share/husarion_office_gz/worlds//models/Fridge/thumbnails/4.png
[2.719s] -- Installing: /home/parallels/Documents/ros2_ws/install/husarion_office_gz/share/husarion_office_gz/worlds//models/Fridge/model.config
[2.719s] -- Installing: /home/parallels/Documents/ros2_ws/install/husarion_office_gz/share/husarion_office_gz/worlds//models/Fridge/model.sdf
[2.720s] -- Installing: /home/parallels/Documents/ros2_ws/install/husarion_office_gz/share/husarion_office_gz/worlds//models/wood2.png
[2.720s] -- Installing: /home/parallels/Documents/ros2_ws/install/husarion_office_gz/share/husarion_office_gz/worlds//husarion_office.world
[2.721s] -- Installing: /home/parallels/Documents/ros2_ws/install/husarion_office_gz/share/husarion_office_gz/worlds//husarion_world.sdf
[2.721s] -- Installing: /home/parallels/Documents/ros2_ws/install/husarion_office_gz/share/ament_index/resource_index/package_run_dependencies/husarion_office_gz
[2.721s] -- Installing: /home/parallels/Documents/ros2_ws/install/husarion_office_gz/share/ament_index/resource_index/parent_prefix_path/husarion_office_gz
[2.721s] -- Installing: /home/parallels/Documents/ros2_ws/install/husarion_office_gz/share/husarion_office_gz/environment/ament_prefix_path.sh
[2.721s] -- Installing: /home/parallels/Documents/ros2_ws/install/husarion_office_gz/share/husarion_office_gz/environment/ament_prefix_path.dsv
[2.721s] -- Installing: /home/parallels/Documents/ros2_ws/install/husarion_office_gz/share/husarion_office_gz/environment/path.sh
[2.721s] -- Installing: /home/parallels/Documents/ros2_ws/install/husarion_office_gz/share/husarion_office_gz/environment/path.dsv
[2.721s] -- Installing: /home/parallels/Documents/ros2_ws/install/husarion_office_gz/share/husarion_office_gz/local_setup.bash
[2.721s] -- Installing: /home/parallels/Documents/ros2_ws/install/husarion_office_gz/share/husarion_office_gz/local_setup.sh
[2.721s] -- Installing: /home/parallels/Documents/ros2_ws/install/husarion_office_gz/share/husarion_office_gz/local_setup.zsh
[2.722s] -- Installing: /home/parallels/Documents/ros2_ws/install/husarion_office_gz/share/husarion_office_gz/local_setup.dsv
[2.722s] -- Installing: /home/parallels/Documents/ros2_ws/install/husarion_office_gz/share/husarion_office_gz/package.dsv
[2.722s] -- Installing: /home/parallels/Documents/ros2_ws/install/husarion_office_gz/share/ament_index/resource_index/packages/husarion_office_gz
[2.722s] -- Installing: /home/parallels/Documents/ros2_ws/install/husarion_office_gz/share/husarion_office_gz/cmake/husarion_office_gzConfig.cmake
[2.722s] -- Installing: /home/parallels/Documents/ros2_ws/install/husarion_office_gz/share/husarion_office_gz/cmake/husarion_office_gzConfig-version.cmake
[2.738s] -- Installing: /home/parallels/Documents/ros2_ws/install/husarion_office_gz/share/husarion_office_gz/package.xml
[2.740s] Invoked command in '/home/parallels/Documents/ros2_ws/build/husarion_office_gz' returned '0': CMAKE_PREFIX_PATH=/opt/ros/humble /usr/bin/cmake --install /home/parallels/Documents/ros2_ws/build/husarion_office_gz
