[0.008s] Invoking command in '/home/parallels/Documents/ros2_ws/build/diff_drive_controller': CMAKE_PREFIX_PATH=/opt/ros/humble /usr/bin/cmake /home/parallels/Documents/ros2_ws/src/diff_drive_controller -DCMAKE_BUILD_TYPE=Release -DCMAKE_INSTALL_PREFIX=/home/parallels/Documents/ros2_ws/install/diff_drive_controller
[0.062s] -- The CXX compiler identification is GNU 11.4.0
[0.069s] -- Detecting CXX compiler ABI info
[0.121s] -- Detecting CXX compiler ABI info - done
[0.125s] -- Check for working CXX compiler: /usr/bin/c++ - skipped
[0.127s] -- Detecting CXX compile features
[0.128s] -- Detecting CXX compile features - done
[0.128s] -- Found ament_cmake: 1.3.8 (/opt/ros/humble/share/ament_cmake/cmake)
[0.213s] -- Found Python3: /usr/bin/python3 (found version "3.10.12") found components: Interpreter 
[0.256s] -- Found backward_ros: 1.0.2 (/opt/ros/humble/share/backward_ros/cmake)
[0.262s] -- Found libdw: /usr/lib/aarch64-linux-gnu/libdw.so  
[0.265s] -- Could NOT find libbfd (missing: LIBBFD_LIBRARY LIBBFD_INCLUDE_DIR) 
[0.265s] -- BACKWARD_HAS_UNWIND=1
[0.266s] -- BACKWARD_HAS_BACKTRACE=0
[0.266s] -- BACKWARD_HAS_BACKTRACE_SYMBOL=0
[0.266s] -- BACKWARD_HAS_DW=1
[0.266s] -- BACKWARD_HAS_BFD=0
[0.267s] -- Found Backward: /opt/ros/humble/share/backward_ros/cmake  
[0.267s] -- Found controller_interface: 2.40.0 (/opt/ros/humble/share/controller_interface/cmake)
[0.290s] -- Found rosidl_generator_c: 3.1.5 (/opt/ros/humble/share/rosidl_generator_c/cmake)
[0.294s] -- Found rosidl_adapter: 3.1.5 (/opt/ros/humble/share/rosidl_adapter/cmake)
[0.300s] -- Found rosidl_generator_cpp: 3.1.5 (/opt/ros/humble/share/rosidl_generator_cpp/cmake)
[0.311s] -- Using all available rosidl_typesupport_c: rosidl_typesupport_fastrtps_c;rosidl_typesupport_introspection_c
[0.325s] -- Using all available rosidl_typesupport_cpp: rosidl_typesupport_fastrtps_cpp;rosidl_typesupport_introspection_cpp
[0.921s] -- Found rmw_implementation_cmake: 6.1.1 (/opt/ros/humble/share/rmw_implementation_cmake/cmake)
[0.922s] -- Found rmw_fastrtps_cpp: 6.2.6 (/opt/ros/humble/share/rmw_fastrtps_cpp/cmake)
[0.965s] -- Found TinyXML2 via Config file: TinyXML2_DIR-NOTFOUND
[1.047s] -- Found OpenSSL: /usr/lib/aarch64-linux-gnu/libcrypto.so (found version "3.0.2")  
[1.047s] -- Found TinyXML2 via Config file: TinyXML2_DIR-NOTFOUND
[1.055s] -- Found FastRTPS: /opt/ros/humble/include  
[1.063s] -- Found TinyXML2 via Config file: TinyXML2_DIR-NOTFOUND
[1.067s] -- Found TinyXML2 via Config file: TinyXML2_DIR-NOTFOUND
[1.090s] -- Using RMW implementation 'rmw_fastrtps_cpp' as default
[1.105s] -- Looking for C++ include pthread.h
[1.237s] -- Looking for C++ include pthread.h - found
[1.238s] -- Performing Test CMAKE_HAVE_LIBC_PTHREAD
[1.407s] -- Performing Test CMAKE_HAVE_LIBC_PTHREAD - Success
[1.407s] -- Found Threads: TRUE  
[1.644s] -- Found generate_parameter_library: 0.3.8 (/opt/ros/humble/share/generate_parameter_library/cmake)
[1.645s] -- Found parameter_traits: 0.3.8 (/opt/ros/humble/share/parameter_traits/cmake)
[1.704s] -- Found nav_msgs: 4.2.3 (/opt/ros/humble/share/nav_msgs/cmake)
[1.786s] -- Found realtime_tools: 2.5.0 (/opt/ros/humble/share/realtime_tools/cmake)
[1.835s] -- Found tf2: 0.25.6 (/opt/ros/humble/share/tf2/cmake)
[1.842s] -- Found tf2_msgs: 0.25.6 (/opt/ros/humble/share/tf2_msgs/cmake)
[2.427s] -- Found ament_cmake_gmock: 1.3.8 (/opt/ros/humble/share/ament_cmake_gmock/cmake)
[2.428s] -- Found controller_manager: 2.40.0 (/opt/ros/humble/share/controller_manager/cmake)
[2.969s] -- Found ros2_control_test_assets: 2.40.0 (/opt/ros/humble/share/ros2_control_test_assets/cmake)
[2.976s] -- Found gmock sources under '/opt/ros/humble/src/gmock_vendor': C++ tests using 'Google Mock' will be built
[3.075s] -- The C compiler identification is GNU 11.4.0
[3.098s] -- Detecting C compiler ABI info
[3.246s] -- Detecting C compiler ABI info - done
[3.249s] -- Check for working C compiler: /usr/bin/cc - skipped
[3.249s] -- Detecting C compile features
[3.249s] -- Detecting C compile features - done
[3.255s] -- Found ament_cmake_gtest: 1.3.8 (/opt/ros/humble/share/ament_cmake_gtest/cmake)
[3.256s] -- Found gtest sources under '/opt/ros/humble/src/gtest_vendor': C++ tests using 'Google Test' will be built
[3.768s] -- Configuring done
[3.896s] -- Generating done
[3.897s] -- Build files have been written to: /home/parallels/Documents/ros2_ws/build/diff_drive_controller
[3.915s] Invoked command in '/home/parallels/Documents/ros2_ws/build/diff_drive_controller' returned '0': CMAKE_PREFIX_PATH=/opt/ros/humble /usr/bin/cmake /home/parallels/Documents/ros2_ws/src/diff_drive_controller -DCMAKE_BUILD_TYPE=Release -DCMAKE_INSTALL_PREFIX=/home/parallels/Documents/ros2_ws/install/diff_drive_controller
[3.916s] Invoking command in '/home/parallels/Documents/ros2_ws/build/diff_drive_controller': CMAKE_PREFIX_PATH=/opt/ros/humble /usr/bin/cmake --build /home/parallels/Documents/ros2_ws/build/diff_drive_controller -- -j4 -l4
[4.019s] [  7%] [32mBuilding CXX object gmock/CMakeFiles/gmock_main.dir/src/gmock_main.cc.o[0m
[4.023s] [ 14%] [34m[1mRunning `/opt/ros/humble/bin/generate_parameter_library_cpp /home/parallels/Documents/ros2_ws/build/diff_drive_controller/diff_drive_controller_parameters/include//diff_drive_controller_parameters.hpp /home/parallels/Documents/ros2_ws/src/diff_drive_controller/src/diff_drive_controller_parameter.yaml `[0m
[4.069s] [ 21%] [32mBuilding CXX object gmock/CMakeFiles/gmock.dir/opt/ros/humble/src/gtest_vendor/src/gtest-all.cc.o[0m
[4.103s] [ 28%] [32mBuilding CXX object gmock/CMakeFiles/gmock.dir/src/gmock-all.cc.o[0m
[5.018s] [ 28%] Built target diff_drive_controller_parameters
[5.151s] [ 35%] [32mBuilding CXX object CMakeFiles/diff_drive_controller.dir/src/diff_drive_controller.cpp.o[0m
[5.992s] [ 42%] [32m[1mLinking CXX static library libgmock_main.a[0m
[6.075s] [ 42%] Built target gmock_main
[6.107s] [ 50%] [32mBuilding CXX object CMakeFiles/diff_drive_controller.dir/src/odometry.cpp.o[0m
[7.387s] [ 57%] [32mBuilding CXX object CMakeFiles/diff_drive_controller.dir/src/speed_limiter.cpp.o[0m
[13.946s] [ 64%] [32m[1mLinking CXX static library libgmock.a[0m
[14.076s] [ 64%] Built target gmock
[14.159s] [ 71%] [32mBuilding CXX object CMakeFiles/test_load_diff_drive_controller.dir/test/test_load_diff_drive_controller.cpp.o[0m
[19.454s] [ 78%] [32m[1mLinking CXX executable test_load_diff_drive_controller[0m
[19.582s] [ 78%] Built target test_load_diff_drive_controller
[29.521s] [ 85%] [32m[1mLinking CXX shared library libdiff_drive_controller.so[0m
[29.673s] [ 85%] Built target diff_drive_controller
[29.681s] [ 92%] [32mBuilding CXX object CMakeFiles/test_diff_drive_controller.dir/test/test_diff_drive_controller.cpp.o[0m
[36.854s] [100%] [32m[1mLinking CXX executable test_diff_drive_controller[0m
[37.022s] [100%] Built target test_diff_drive_controller
[37.029s] Invoked command in '/home/parallels/Documents/ros2_ws/build/diff_drive_controller' returned '0': CMAKE_PREFIX_PATH=/opt/ros/humble /usr/bin/cmake --build /home/parallels/Documents/ros2_ws/build/diff_drive_controller -- -j4 -l4
[37.044s] Invoking command in '/home/parallels/Documents/ros2_ws/build/diff_drive_controller': CMAKE_PREFIX_PATH=/opt/ros/humble /usr/bin/cmake --install /home/parallels/Documents/ros2_ws/build/diff_drive_controller
[37.048s] -- Install configuration: "Release"
[37.048s] -- Installing: /home/parallels/Documents/ros2_ws/install/diff_drive_controller/include/diff_drive_controller_parameters
[37.048s] -- Installing: /home/parallels/Documents/ros2_ws/install/diff_drive_controller/include/diff_drive_controller_parameters/diff_drive_controller_parameters.hpp
[37.048s] -- Installing: /home/parallels/Documents/ros2_ws/install/diff_drive_controller/share/diff_drive_controller/diff_drive_plugin.xml
[37.048s] -- Installing: /home/parallels/Documents/ros2_ws/install/diff_drive_controller/include/diff_drive_controller
[37.048s] -- Installing: /home/parallels/Documents/ros2_ws/install/diff_drive_controller/include/diff_drive_controller/diff_drive_controller
[37.048s] -- Installing: /home/parallels/Documents/ros2_ws/install/diff_drive_controller/include/diff_drive_controller/diff_drive_controller/diff_drive_controller.hpp
[37.048s] -- Installing: /home/parallels/Documents/ros2_ws/install/diff_drive_controller/include/diff_drive_controller/diff_drive_controller/odometry.hpp
[37.048s] -- Installing: /home/parallels/Documents/ros2_ws/install/diff_drive_controller/include/diff_drive_controller/diff_drive_controller/visibility_control.h
[37.048s] -- Installing: /home/parallels/Documents/ros2_ws/install/diff_drive_controller/include/diff_drive_controller/diff_drive_controller/speed_limiter.hpp
[37.048s] -- Installing: /home/parallels/Documents/ros2_ws/install/diff_drive_controller/lib/libdiff_drive_controller.so
[37.049s] -- Set runtime path of "/home/parallels/Documents/ros2_ws/install/diff_drive_controller/lib/libdiff_drive_controller.so" to ""
[37.050s] -- Installing: /home/parallels/Documents/ros2_ws/install/diff_drive_controller/share/diff_drive_controller/environment/library_path.sh
[37.050s] -- Installing: /home/parallels/Documents/ros2_ws/install/diff_drive_controller/share/diff_drive_controller/environment/library_path.dsv
[37.050s] -- Installing: /home/parallels/Documents/ros2_ws/install/diff_drive_controller/share/ament_index/resource_index/package_run_dependencies/diff_drive_controller
[37.050s] -- Installing: /home/parallels/Documents/ros2_ws/install/diff_drive_controller/share/ament_index/resource_index/parent_prefix_path/diff_drive_controller
[37.050s] -- Installing: /home/parallels/Documents/ros2_ws/install/diff_drive_controller/share/diff_drive_controller/environment/ament_prefix_path.sh
[37.050s] -- Installing: /home/parallels/Documents/ros2_ws/install/diff_drive_controller/share/diff_drive_controller/environment/ament_prefix_path.dsv
[37.050s] -- Installing: /home/parallels/Documents/ros2_ws/install/diff_drive_controller/share/diff_drive_controller/environment/path.sh
[37.050s] -- Installing: /home/parallels/Documents/ros2_ws/install/diff_drive_controller/share/diff_drive_controller/environment/path.dsv
[37.050s] -- Installing: /home/parallels/Documents/ros2_ws/install/diff_drive_controller/share/diff_drive_controller/local_setup.bash
[37.050s] -- Installing: /home/parallels/Documents/ros2_ws/install/diff_drive_controller/share/diff_drive_controller/local_setup.sh
[37.050s] -- Installing: /home/parallels/Documents/ros2_ws/install/diff_drive_controller/share/diff_drive_controller/local_setup.zsh
[37.050s] -- Installing: /home/parallels/Documents/ros2_ws/install/diff_drive_controller/share/diff_drive_controller/local_setup.dsv
[37.050s] -- Installing: /home/parallels/Documents/ros2_ws/install/diff_drive_controller/share/diff_drive_controller/package.dsv
[37.050s] -- Installing: /home/parallels/Documents/ros2_ws/install/diff_drive_controller/share/ament_index/resource_index/packages/diff_drive_controller
[37.051s] -- Installing: /home/parallels/Documents/ros2_ws/install/diff_drive_controller/share/ament_index/resource_index/controller_interface__pluginlib__plugin/diff_drive_controller
[37.051s] -- Installing: /home/parallels/Documents/ros2_ws/install/diff_drive_controller/share/diff_drive_controller/cmake/export_diff_drive_controllerExport.cmake
[37.051s] -- Installing: /home/parallels/Documents/ros2_ws/install/diff_drive_controller/share/diff_drive_controller/cmake/export_diff_drive_controllerExport-release.cmake
[37.051s] -- Installing: /home/parallels/Documents/ros2_ws/install/diff_drive_controller/share/diff_drive_controller/cmake/ament_cmake_export_targets-extras.cmake
[37.051s] -- Installing: /home/parallels/Documents/ros2_ws/install/diff_drive_controller/share/diff_drive_controller/cmake/ament_cmake_export_dependencies-extras.cmake
[37.051s] -- Installing: /home/parallels/Documents/ros2_ws/install/diff_drive_controller/share/diff_drive_controller/cmake/diff_drive_controllerConfig.cmake
[37.051s] -- Installing: /home/parallels/Documents/ros2_ws/install/diff_drive_controller/share/diff_drive_controller/cmake/diff_drive_controllerConfig-version.cmake
[37.051s] -- Installing: /home/parallels/Documents/ros2_ws/install/diff_drive_controller/share/diff_drive_controller/package.xml
[37.052s] Invoked command in '/home/parallels/Documents/ros2_ws/build/diff_drive_controller' returned '0': CMAKE_PREFIX_PATH=/opt/ros/humble /usr/bin/cmake --install /home/parallels/Documents/ros2_ws/build/diff_drive_controller
