[0.069s] Invoking command in '/home/parallels/Documents/ros2_ws/build/rosbot_description': CMAKE_PREFIX_PATH=/opt/ros/humble /usr/bin/cmake /home/parallels/Documents/ros2_ws/src/rosbot_ros/rosbot_description -DCMAKE_BUILD_TYPE=Release -DCMAKE_INSTALL_PREFIX=/home/parallels/Documents/ros2_ws/install/rosbot_description
[0.081s] -- Found ament_cmake: 1.3.8 (/opt/ros/humble/share/ament_cmake/cmake)
[0.361s] -- Configuring done
[0.361s] -- Generating done
[0.361s] -- Build files have been written to: /home/parallels/Documents/ros2_ws/build/rosbot_description
[0.369s] Invoked command in '/home/parallels/Documents/ros2_ws/build/rosbot_description' returned '0': CMAKE_PREFIX_PATH=/opt/ros/humble /usr/bin/cmake /home/parallels/Documents/ros2_ws/src/rosbot_ros/rosbot_description -DCMAKE_BUILD_TYPE=Release -DCMAKE_INSTALL_PREFIX=/home/parallels/Documents/ros2_ws/install/rosbot_description
[0.370s] Invoking command in '/home/parallels/Documents/ros2_ws/build/rosbot_description': CMAKE_PREFIX_PATH=/opt/ros/humble /usr/bin/cmake --build /home/parallels/Documents/ros2_ws/build/rosbot_description -- -j4 -l4
[0.459s] Invoked command in '/home/parallels/Documents/ros2_ws/build/rosbot_description' returned '0': CMAKE_PREFIX_PATH=/opt/ros/humble /usr/bin/cmake --build /home/parallels/Documents/ros2_ws/build/rosbot_description -- -j4 -l4
[0.619s] Invoking command in '/home/parallels/Documents/ros2_ws/build/rosbot_description': CMAKE_PREFIX_PATH=/opt/ros/humble /usr/bin/cmake --install /home/parallels/Documents/ros2_ws/build/rosbot_description
[0.625s] -- Install configuration: "Release"
[0.627s] -- Up-to-date: /home/parallels/Documents/ros2_ws/install/rosbot_description/share/rosbot_description/meshes
[0.627s] -- Up-to-date: /home/parallels/Documents/ros2_ws/install/rosbot_description/share/rosbot_description/meshes/cover.stl
[0.628s] -- Up-to-date: /home/parallels/Documents/ros2_ws/install/rosbot_description/share/rosbot_description/meshes/wheel_a.dae
[0.628s] -- Up-to-date: /home/parallels/Documents/ros2_ws/install/rosbot_description/share/rosbot_description/meshes/body.stl
[0.628s] -- Up-to-date: /home/parallels/Documents/ros2_ws/install/rosbot_description/share/rosbot_description/meshes/mecanum_a.dae
[0.628s] -- Up-to-date: /home/parallels/Documents/ros2_ws/install/rosbot_description/share/rosbot_description/meshes/wheel_b.dae
[0.629s] -- Up-to-date: /home/parallels/Documents/ros2_ws/install/rosbot_description/share/rosbot_description/meshes/mecanum_b.dae
[0.629s] -- Up-to-date: /home/parallels/Documents/ros2_ws/install/rosbot_description/share/rosbot_description/urdf
[0.629s] -- Up-to-date: /home/parallels/Documents/ros2_ws/install/rosbot_description/share/rosbot_description/urdf/rosbot_macro.urdf.xacro
[0.629s] -- Up-to-date: /home/parallels/Documents/ros2_ws/install/rosbot_description/share/rosbot_description/urdf/body.urdf.xacro
[0.630s] -- Up-to-date: /home/parallels/Documents/ros2_ws/install/rosbot_description/share/rosbot_description/urdf/rosbot.urdf.xacro
[0.630s] -- Up-to-date: /home/parallels/Documents/ros2_ws/install/rosbot_description/share/rosbot_description/urdf/wheel.urdf.xacro
[0.630s] -- Up-to-date: /home/parallels/Documents/ros2_ws/install/rosbot_description/share/rosbot_description/urdf/components
[0.630s] -- Up-to-date: /home/parallels/Documents/ros2_ws/install/rosbot_description/share/rosbot_description/urdf/components/vl53lox.urdf.xacro
[0.631s] -- Up-to-date: /home/parallels/Documents/ros2_ws/install/rosbot_description/share/rosbot_description/environment/rosbot_description.sh
[0.631s] -- Up-to-date: /home/parallels/Documents/ros2_ws/install/rosbot_description/share/ament_index/resource_index/package_run_dependencies/rosbot_description
[0.631s] -- Up-to-date: /home/parallels/Documents/ros2_ws/install/rosbot_description/share/ament_index/resource_index/parent_prefix_path/rosbot_description
[0.631s] -- Up-to-date: /home/parallels/Documents/ros2_ws/install/rosbot_description/share/rosbot_description/environment/ament_prefix_path.sh
[0.632s] -- Installing: /home/parallels/Documents/ros2_ws/install/rosbot_description/share/rosbot_description/environment/ament_prefix_path.dsv
[0.632s] -- Up-to-date: /home/parallels/Documents/ros2_ws/install/rosbot_description/share/rosbot_description/environment/path.sh
[0.632s] -- Installing: /home/parallels/Documents/ros2_ws/install/rosbot_description/share/rosbot_description/environment/path.dsv
[0.633s] -- Up-to-date: /home/parallels/Documents/ros2_ws/install/rosbot_description/share/rosbot_description/local_setup.bash
[0.633s] -- Up-to-date: /home/parallels/Documents/ros2_ws/install/rosbot_description/share/rosbot_description/local_setup.sh
[0.633s] -- Up-to-date: /home/parallels/Documents/ros2_ws/install/rosbot_description/share/rosbot_description/local_setup.zsh
[0.633s] -- Installing: /home/parallels/Documents/ros2_ws/install/rosbot_description/share/rosbot_description/local_setup.dsv
[0.634s] -- Installing: /home/parallels/Documents/ros2_ws/install/rosbot_description/share/rosbot_description/package.dsv
[0.634s] -- Up-to-date: /home/parallels/Documents/ros2_ws/install/rosbot_description/share/ament_index/resource_index/packages/rosbot_description
[0.634s] -- Up-to-date: /home/parallels/Documents/ros2_ws/install/rosbot_description/share/rosbot_description/cmake/rosbot_descriptionConfig.cmake
[0.634s] -- Up-to-date: /home/parallels/Documents/ros2_ws/install/rosbot_description/share/rosbot_description/cmake/rosbot_descriptionConfig-version.cmake
[0.635s] -- Up-to-date: /home/parallels/Documents/ros2_ws/install/rosbot_description/share/rosbot_description/package.xml
[0.645s] Invoked command in '/home/parallels/Documents/ros2_ws/build/rosbot_description' returned '0': CMAKE_PREFIX_PATH=/opt/ros/humble /usr/bin/cmake --install /home/parallels/Documents/ros2_ws/build/rosbot_description
