-- Found ament_cmake: 1.3.8 (/opt/ros/humble/share/ament_cmake/cmake)
-- Configuring done
-- Generating done
-- Build files have been written to: /home/parallels/Documents/ros2_ws/build/rosbot
-- Install configuration: "Release"
-- Installing: /home/parallels/Documents/ros2_ws/install/rosbot/share/ament_index/resource_index/package_run_dependencies/rosbot
-- Installing: /home/parallels/Documents/ros2_ws/install/rosbot/share/ament_index/resource_index/parent_prefix_path/rosbot
-- Up-to-date: /home/parallels/Documents/ros2_ws/install/rosbot/share/rosbot/environment/ament_prefix_path.sh
-- Installing: /home/parallels/Documents/ros2_ws/install/rosbot/share/rosbot/environment/ament_prefix_path.dsv
-- Up-to-date: /home/parallels/Documents/ros2_ws/install/rosbot/share/rosbot/environment/path.sh
-- Installing: /home/parallels/Documents/ros2_ws/install/rosbot/share/rosbot/environment/path.dsv
-- Up-to-date: /home/parallels/Documents/ros2_ws/install/rosbot/share/rosbot/local_setup.bash
-- Up-to-date: /home/parallels/Documents/ros2_ws/install/rosbot/share/rosbot/local_setup.sh
-- Up-to-date: /home/parallels/Documents/ros2_ws/install/rosbot/share/rosbot/local_setup.zsh
-- Installing: /home/parallels/Documents/ros2_ws/install/rosbot/share/rosbot/local_setup.dsv
-- Installing: /home/parallels/Documents/ros2_ws/install/rosbot/share/rosbot/package.dsv
-- Up-to-date: /home/parallels/Documents/ros2_ws/install/rosbot/share/ament_index/resource_index/packages/rosbot
-- Up-to-date: /home/parallels/Documents/ros2_ws/install/rosbot/share/rosbot/cmake/rosbotConfig.cmake
-- Up-to-date: /home/parallels/Documents/ros2_ws/install/rosbot/share/rosbot/cmake/rosbotConfig-version.cmake
-- Up-to-date: /home/parallels/Documents/ros2_ws/install/rosbot/share/rosbot/package.xml
