[0.055s] Invoking command in '/home/parallels/Documents/ros2_ws/build/ros_components_description': CMAKE_PREFIX_PATH=/opt/ros/humble /usr/bin/cmake /home/parallels/Documents/ros2_ws/src/rosbot_ros/ros_components_description -DCMAKE_BUILD_TYPE=Release -DCMAKE_INSTALL_PREFIX=/home/parallels/Documents/ros2_ws/install/ros_components_description
[0.155s] -- The C compiler identification is GNU 11.4.0
[0.277s] -- The CXX compiler identification is GNU 11.4.0
[0.286s] -- Detecting C compiler ABI info
[0.543s] -- Detecting C compiler ABI info - done
[0.547s] -- Check for working C compiler: /usr/bin/cc - skipped
[0.547s] -- Detecting C compile features
[0.548s] -- Detecting C compile features - done
[0.550s] -- Detecting CXX compiler ABI info
[0.732s] -- Detecting CXX compiler ABI info - done
[0.735s] -- Check for working CXX compiler: /usr/bin/c++ - skipped
[0.736s] -- Detecting CXX compile features
[0.736s] -- Detecting CXX compile features - done
[0.736s] -- Found ament_cmake: 1.3.8 (/opt/ros/humble/share/ament_cmake/cmake)
[0.818s] -- Found Python3: /usr/bin/python3 (found version "3.10.12") found components: Interpreter 
[0.910s] -- Configuring done
[0.910s] -- Generating done
[0.910s] -- Build files have been written to: /home/parallels/Documents/ros2_ws/build/ros_components_description
[0.911s] Invoked command in '/home/parallels/Documents/ros2_ws/build/ros_components_description' returned '0': CMAKE_PREFIX_PATH=/opt/ros/humble /usr/bin/cmake /home/parallels/Documents/ros2_ws/src/rosbot_ros/ros_components_description -DCMAKE_BUILD_TYPE=Release -DCMAKE_INSTALL_PREFIX=/home/parallels/Documents/ros2_ws/install/ros_components_description
[0.911s] Invoking command in '/home/parallels/Documents/ros2_ws/build/ros_components_description': CMAKE_PREFIX_PATH=/opt/ros/humble /usr/bin/cmake --build /home/parallels/Documents/ros2_ws/build/ros_components_description -- -j4 -l4
[0.979s] Invoked command in '/home/parallels/Documents/ros2_ws/build/ros_components_description' returned '0': CMAKE_PREFIX_PATH=/opt/ros/humble /usr/bin/cmake --build /home/parallels/Documents/ros2_ws/build/ros_components_description -- -j4 -l4
[1.124s] Invoking command in '/home/parallels/Documents/ros2_ws/build/ros_components_description': CMAKE_PREFIX_PATH=/opt/ros/humble /usr/bin/cmake --install /home/parallels/Documents/ros2_ws/build/ros_components_description
[1.130s] -- Install configuration: "Release"
[1.131s] -- Installing: /home/parallels/Documents/ros2_ws/install/ros_components_description/share/ros_components_description/meshes
[1.131s] -- Installing: /home/parallels/Documents/ros2_ws/install/ros_components_description/share/ros_components_description/meshes/zedm.stl
[1.131s] -- Installing: /home/parallels/Documents/ros2_ws/install/ros_components_description/share/ros_components_description/meshes/zedx.stl
[1.149s] -- Installing: /home/parallels/Documents/ros2_ws/install/ros_components_description/share/ros_components_description/meshes/ouster_os1_32.dae
[1.151s] -- Installing: /home/parallels/Documents/ros2_ws/install/ros_components_description/share/ros_components_description/meshes/intel_realsense_d435.dae
[1.152s] -- Installing: /home/parallels/Documents/ros2_ws/install/ros_components_description/share/ros_components_description/meshes/slamtec_rplidar_s2.dae
[1.153s] -- Installing: /home/parallels/Documents/ros2_ws/install/ros_components_description/share/ros_components_description/meshes/slamtec_rplidar_a2m8.dae
[1.154s] -- Installing: /home/parallels/Documents/ros2_ws/install/ros_components_description/share/ros_components_description/meshes/slamtec_rplidar_ax.dae
[1.155s] -- Installing: /home/parallels/Documents/ros2_ws/install/ros_components_description/share/ros_components_description/meshes/zedxm.stl
[1.176s] -- Installing: /home/parallels/Documents/ros2_ws/install/ros_components_description/share/ros_components_description/meshes/zed2i.stl
[1.179s] -- Installing: /home/parallels/Documents/ros2_ws/install/ros_components_description/share/ros_components_description/meshes/slamtec_rplidar_s1.dae
[1.180s] -- Installing: /home/parallels/Documents/ros2_ws/install/ros_components_description/share/ros_components_description/meshes/zed.stl
[1.181s] -- Installing: /home/parallels/Documents/ros2_ws/install/ros_components_description/share/ros_components_description/meshes/zed2.stl
[1.181s] -- Installing: /home/parallels/Documents/ros2_ws/install/ros_components_description/share/ros_components_description/meshes/orbbec_astra.dae
[1.187s] -- Installing: /home/parallels/Documents/ros2_ws/install/ros_components_description/share/ros_components_description/meshes/slamtec_rplidar_s3.dae
[1.188s] -- Installing: /home/parallels/Documents/ros2_ws/install/ros_components_description/share/ros_components_description/meshes/velodyne_puck.dae
[1.189s] -- Installing: /home/parallels/Documents/ros2_ws/install/ros_components_description/share/ros_components_description/urdf
[1.190s] -- Installing: /home/parallels/Documents/ros2_ws/install/ros_components_description/share/ros_components_description/urdf/ouster_os1_32.urdf.xacro
[1.191s] -- Installing: /home/parallels/Documents/ros2_ws/install/ros_components_description/share/ros_components_description/urdf/slamtec_rplidar_s2.urdf.xacro
[1.192s] -- Installing: /home/parallels/Documents/ros2_ws/install/ros_components_description/share/ros_components_description/urdf/stereolabs_zed.urdf.xacro
[1.192s] -- Installing: /home/parallels/Documents/ros2_ws/install/ros_components_description/share/ros_components_description/urdf/slamtec_rplidar_s3.urdf.xacro
[1.193s] -- Installing: /home/parallels/Documents/ros2_ws/install/ros_components_description/share/ros_components_description/urdf/slamtec_rplidar_a2.urdf.xacro
[1.194s] -- Installing: /home/parallels/Documents/ros2_ws/install/ros_components_description/share/ros_components_description/urdf/slamtec_rplidar_s1.urdf.xacro
[1.196s] -- Installing: /home/parallels/Documents/ros2_ws/install/ros_components_description/share/ros_components_description/urdf/intel_realsense_d435.urdf.xacro
[1.197s] -- Installing: /home/parallels/Documents/ros2_ws/install/ros_components_description/share/ros_components_description/urdf/orbbec_astra.urdf.xacro
[1.197s] -- Installing: /home/parallels/Documents/ros2_ws/install/ros_components_description/share/ros_components_description/urdf/velodyne_puck.urdf.xacro
[1.198s] -- Installing: /home/parallels/Documents/ros2_ws/install/ros_components_description/share/ros_components_description/urdf/slamtec_rplidar_a3.urdf.xacro
[1.199s] -- Installing: /home/parallels/Documents/ros2_ws/install/ros_components_description/share/ros_components_description/environment/ros_components_description.sh
[1.200s] -- Installing: /home/parallels/Documents/ros2_ws/install/ros_components_description/share/ament_index/resource_index/package_run_dependencies/ros_components_description
[1.200s] -- Installing: /home/parallels/Documents/ros2_ws/install/ros_components_description/share/ament_index/resource_index/parent_prefix_path/ros_components_description
[1.200s] -- Installing: /home/parallels/Documents/ros2_ws/install/ros_components_description/share/ros_components_description/environment/ament_prefix_path.sh
[1.201s] -- Installing: /home/parallels/Documents/ros2_ws/install/ros_components_description/share/ros_components_description/environment/ament_prefix_path.dsv
[1.202s] -- Installing: /home/parallels/Documents/ros2_ws/install/ros_components_description/share/ros_components_description/environment/path.sh
[1.202s] -- Installing: /home/parallels/Documents/ros2_ws/install/ros_components_description/share/ros_components_description/environment/path.dsv
[1.203s] -- Installing: /home/parallels/Documents/ros2_ws/install/ros_components_description/share/ros_components_description/local_setup.bash
[1.203s] -- Installing: /home/parallels/Documents/ros2_ws/install/ros_components_description/share/ros_components_description/local_setup.sh
[1.203s] -- Installing: /home/parallels/Documents/ros2_ws/install/ros_components_description/share/ros_components_description/local_setup.zsh
[1.203s] -- Installing: /home/parallels/Documents/ros2_ws/install/ros_components_description/share/ros_components_description/local_setup.dsv
[1.203s] -- Installing: /home/parallels/Documents/ros2_ws/install/ros_components_description/share/ros_components_description/package.dsv
[1.206s] -- Installing: /home/parallels/Documents/ros2_ws/install/ros_components_description/share/ament_index/resource_index/packages/ros_components_description
[1.206s] -- Installing: /home/parallels/Documents/ros2_ws/install/ros_components_description/share/ros_components_description/cmake/ros_components_descriptionConfig.cmake
[1.206s] -- Installing: /home/parallels/Documents/ros2_ws/install/ros_components_description/share/ros_components_description/cmake/ros_components_descriptionConfig-version.cmake
[1.206s] -- Installing: /home/parallels/Documents/ros2_ws/install/ros_components_description/share/ros_components_description/package.xml
[1.212s] Invoked command in '/home/parallels/Documents/ros2_ws/build/ros_components_description' returned '0': CMAKE_PREFIX_PATH=/opt/ros/humble /usr/bin/cmake --install /home/parallels/Documents/ros2_ws/build/ros_components_description
