[0.005s] Invoking command in '/home/parallels/Documents/ros2_ws/build/rosbot': AMENT_PREFIX_PATH=/home/parallels/Documents/ros2_ws/install/rosbot_bringup:/home/parallels/Documents/ros2_ws/install/rosbot_controller:/home/parallels/Documents/ros2_ws/install/rosbot_utils:/home/parallels/Documents/ros2_ws/install/rosbot_description:${AMENT_PREFIX_PATH} CMAKE_PREFIX_PATH=/home/parallels/Documents/ros2_ws/install/rosbot_description:/opt/ros/humble GAZEBO_MODEL_PATH=/home/parallels/Documents/ros2_ws/install/rosbot_description/share GZ_SIM_RESOURCE_PATH=/home/parallels/Documents/ros2_ws/install/rosbot_description/share IGN_GAZEBO_RESOURCE_PATH=/home/parallels/Documents/ros2_ws/install/rosbot_description/share PYTHONPATH=/home/parallels/Documents/ros2_ws/install/rosbot_bringup/lib/python3.10/site-packages:/home/parallels/Documents/ros2_ws/install/rosbot_controller/lib/python3.10/site-packages:/home/parallels/Documents/ros2_ws/install/rosbot_utils/lib/python3.10/site-packages:${PYTHONPATH} /usr/bin/cmake /home/parallels/Documents/ros2_ws/src/rosbot_ros/rosbot -DCMAKE_INSTALL_PREFIX=/home/parallels/Documents/ros2_ws/install/rosbot
[0.030s] -- The C compiler identification is GNU 11.4.0
[0.063s] -- The CXX compiler identification is GNU 11.4.0
[0.067s] -- Detecting C compiler ABI info
[0.111s] -- Detecting C compiler ABI info - done
[0.114s] -- Check for working C compiler: /usr/bin/cc - skipped
[0.114s] -- Detecting C compile features
[0.114s] -- Detecting C compile features - done
[0.115s] -- Detecting CXX compiler ABI info
[0.158s] -- Detecting CXX compiler ABI info - done
[0.162s] -- Check for working CXX compiler: /usr/bin/c++ - skipped
[0.162s] -- Detecting CXX compile features
[0.162s] -- Detecting CXX compile features - done
[0.163s] -- Found ament_cmake: 1.3.8 (/opt/ros/humble/share/ament_cmake/cmake)
[0.234s] -- Found Python3: /usr/bin/python3 (found version "3.10.12") found components: Interpreter 
[0.308s] -- Configuring done
[0.310s] -- Generating done
[0.311s] -- Build files have been written to: /home/parallels/Documents/ros2_ws/build/rosbot
[0.318s] Invoked command in '/home/parallels/Documents/ros2_ws/build/rosbot' returned '0': AMENT_PREFIX_PATH=/home/parallels/Documents/ros2_ws/install/rosbot_bringup:/home/parallels/Documents/ros2_ws/install/rosbot_controller:/home/parallels/Documents/ros2_ws/install/rosbot_utils:/home/parallels/Documents/ros2_ws/install/rosbot_description:${AMENT_PREFIX_PATH} CMAKE_PREFIX_PATH=/home/parallels/Documents/ros2_ws/install/rosbot_description:/opt/ros/humble GAZEBO_MODEL_PATH=/home/parallels/Documents/ros2_ws/install/rosbot_description/share GZ_SIM_RESOURCE_PATH=/home/parallels/Documents/ros2_ws/install/rosbot_description/share IGN_GAZEBO_RESOURCE_PATH=/home/parallels/Documents/ros2_ws/install/rosbot_description/share PYTHONPATH=/home/parallels/Documents/ros2_ws/install/rosbot_bringup/lib/python3.10/site-packages:/home/parallels/Documents/ros2_ws/install/rosbot_controller/lib/python3.10/site-packages:/home/parallels/Documents/ros2_ws/install/rosbot_utils/lib/python3.10/site-packages:${PYTHONPATH} /usr/bin/cmake /home/parallels/Documents/ros2_ws/src/rosbot_ros/rosbot -DCMAKE_INSTALL_PREFIX=/home/parallels/Documents/ros2_ws/install/rosbot
[0.319s] Invoking command in '/home/parallels/Documents/ros2_ws/build/rosbot': AMENT_PREFIX_PATH=/home/parallels/Documents/ros2_ws/install/rosbot_bringup:/home/parallels/Documents/ros2_ws/install/rosbot_controller:/home/parallels/Documents/ros2_ws/install/rosbot_utils:/home/parallels/Documents/ros2_ws/install/rosbot_description:${AMENT_PREFIX_PATH} CMAKE_PREFIX_PATH=/home/parallels/Documents/ros2_ws/install/rosbot_description:/opt/ros/humble GAZEBO_MODEL_PATH=/home/parallels/Documents/ros2_ws/install/rosbot_description/share GZ_SIM_RESOURCE_PATH=/home/parallels/Documents/ros2_ws/install/rosbot_description/share IGN_GAZEBO_RESOURCE_PATH=/home/parallels/Documents/ros2_ws/install/rosbot_description/share PYTHONPATH=/home/parallels/Documents/ros2_ws/install/rosbot_bringup/lib/python3.10/site-packages:/home/parallels/Documents/ros2_ws/install/rosbot_controller/lib/python3.10/site-packages:/home/parallels/Documents/ros2_ws/install/rosbot_utils/lib/python3.10/site-packages:${PYTHONPATH} /usr/bin/cmake --build /home/parallels/Documents/ros2_ws/build/rosbot -- -j4 -l4
[0.334s] Invoked command in '/home/parallels/Documents/ros2_ws/build/rosbot' returned '0': AMENT_PREFIX_PATH=/home/parallels/Documents/ros2_ws/install/rosbot_bringup:/home/parallels/Documents/ros2_ws/install/rosbot_controller:/home/parallels/Documents/ros2_ws/install/rosbot_utils:/home/parallels/Documents/ros2_ws/install/rosbot_description:${AMENT_PREFIX_PATH} CMAKE_PREFIX_PATH=/home/parallels/Documents/ros2_ws/install/rosbot_description:/opt/ros/humble GAZEBO_MODEL_PATH=/home/parallels/Documents/ros2_ws/install/rosbot_description/share GZ_SIM_RESOURCE_PATH=/home/parallels/Documents/ros2_ws/install/rosbot_description/share IGN_GAZEBO_RESOURCE_PATH=/home/parallels/Documents/ros2_ws/install/rosbot_description/share PYTHONPATH=/home/parallels/Documents/ros2_ws/install/rosbot_bringup/lib/python3.10/site-packages:/home/parallels/Documents/ros2_ws/install/rosbot_controller/lib/python3.10/site-packages:/home/parallels/Documents/ros2_ws/install/rosbot_utils/lib/python3.10/site-packages:${PYTHONPATH} /usr/bin/cmake --build /home/parallels/Documents/ros2_ws/build/rosbot -- -j4 -l4
[0.345s] Invoking command in '/home/parallels/Documents/ros2_ws/build/rosbot': AMENT_PREFIX_PATH=/home/parallels/Documents/ros2_ws/install/rosbot_bringup:/home/parallels/Documents/ros2_ws/install/rosbot_controller:/home/parallels/Documents/ros2_ws/install/rosbot_utils:/home/parallels/Documents/ros2_ws/install/rosbot_description:${AMENT_PREFIX_PATH} CMAKE_PREFIX_PATH=/home/parallels/Documents/ros2_ws/install/rosbot_description:/opt/ros/humble GAZEBO_MODEL_PATH=/home/parallels/Documents/ros2_ws/install/rosbot_description/share GZ_SIM_RESOURCE_PATH=/home/parallels/Documents/ros2_ws/install/rosbot_description/share IGN_GAZEBO_RESOURCE_PATH=/home/parallels/Documents/ros2_ws/install/rosbot_description/share PYTHONPATH=/home/parallels/Documents/ros2_ws/install/rosbot_bringup/lib/python3.10/site-packages:/home/parallels/Documents/ros2_ws/install/rosbot_controller/lib/python3.10/site-packages:/home/parallels/Documents/ros2_ws/install/rosbot_utils/lib/python3.10/site-packages:${PYTHONPATH} /usr/bin/cmake --install /home/parallels/Documents/ros2_ws/build/rosbot
[0.348s] -- Install configuration: ""
[0.348s] -- Installing: /home/parallels/Documents/ros2_ws/install/rosbot/share/ament_index/resource_index/package_run_dependencies/rosbot
[0.348s] -- Installing: /home/parallels/Documents/ros2_ws/install/rosbot/share/ament_index/resource_index/parent_prefix_path/rosbot
[0.348s] -- Installing: /home/parallels/Documents/ros2_ws/install/rosbot/share/rosbot/environment/ament_prefix_path.sh
[0.349s] -- Installing: /home/parallels/Documents/ros2_ws/install/rosbot/share/rosbot/environment/ament_prefix_path.dsv
[0.349s] -- Installing: /home/parallels/Documents/ros2_ws/install/rosbot/share/rosbot/environment/path.sh
[0.349s] -- Installing: /home/parallels/Documents/ros2_ws/install/rosbot/share/rosbot/environment/path.dsv
[0.349s] -- Installing: /home/parallels/Documents/ros2_ws/install/rosbot/share/rosbot/local_setup.bash
[0.349s] -- Installing: /home/parallels/Documents/ros2_ws/install/rosbot/share/rosbot/local_setup.sh
[0.349s] -- Installing: /home/parallels/Documents/ros2_ws/install/rosbot/share/rosbot/local_setup.zsh
[0.349s] -- Installing: /home/parallels/Documents/ros2_ws/install/rosbot/share/rosbot/local_setup.dsv
[0.349s] -- Installing: /home/parallels/Documents/ros2_ws/install/rosbot/share/rosbot/package.dsv
[0.349s] -- Installing: /home/parallels/Documents/ros2_ws/install/rosbot/share/ament_index/resource_index/packages/rosbot
[0.349s] -- Installing: /home/parallels/Documents/ros2_ws/install/rosbot/share/rosbot/cmake/rosbotConfig.cmake
[0.349s] -- Installing: /home/parallels/Documents/ros2_ws/install/rosbot/share/rosbot/cmake/rosbotConfig-version.cmake
[0.349s] -- Installing: /home/parallels/Documents/ros2_ws/install/rosbot/share/rosbot/package.xml
[0.350s] Invoked command in '/home/parallels/Documents/ros2_ws/build/rosbot' returned '0': AMENT_PREFIX_PATH=/home/parallels/Documents/ros2_ws/install/rosbot_bringup:/home/parallels/Documents/ros2_ws/install/rosbot_controller:/home/parallels/Documents/ros2_ws/install/rosbot_utils:/home/parallels/Documents/ros2_ws/install/rosbot_description:${AMENT_PREFIX_PATH} CMAKE_PREFIX_PATH=/home/parallels/Documents/ros2_ws/install/rosbot_description:/opt/ros/humble GAZEBO_MODEL_PATH=/home/parallels/Documents/ros2_ws/install/rosbot_description/share GZ_SIM_RESOURCE_PATH=/home/parallels/Documents/ros2_ws/install/rosbot_description/share IGN_GAZEBO_RESOURCE_PATH=/home/parallels/Documents/ros2_ws/install/rosbot_description/share PYTHONPATH=/home/parallels/Documents/ros2_ws/install/rosbot_bringup/lib/python3.10/site-packages:/home/parallels/Documents/ros2_ws/install/rosbot_controller/lib/python3.10/site-packages:/home/parallels/Documents/ros2_ws/install/rosbot_utils/lib/python3.10/site-packages:${PYTHONPATH} /usr/bin/cmake --install /home/parallels/Documents/ros2_ws/build/rosbot
