-- The C compiler identification is GNU 11.4.0
-- The CXX compiler identification is GNU 11.4.0
-- Detecting C compiler ABI info
-- Detecting C compiler ABI info - done
-- Check for working C compiler: /usr/bin/cc - skipped
-- Detecting C compile features
-- Detecting C compile features - done
-- Detecting CXX compiler ABI info
-- Detecting CXX compiler ABI info - done
-- Check for working CXX compiler: /usr/bin/c++ - skipped
-- Detecting CXX compile features
-- Detecting CXX compile features - done
-- Found ament_cmake: 1.3.8 (/opt/ros/humble/share/ament_cmake/cmake)
-- Found Python3: /usr/bin/python3 (found version "3.10.12") found components: Interpreter 
-- Found controller_interface: 2.40.0 (/opt/ros/humble/share/controller_interface/cmake)
-- Found rosidl_generator_c: 3.1.5 (/opt/ros/humble/share/rosidl_generator_c/cmake)
-- Found rosidl_adapter: 3.1.5 (/opt/ros/humble/share/rosidl_adapter/cmake)
-- Found rosidl_generator_cpp: 3.1.5 (/opt/ros/humble/share/rosidl_generator_cpp/cmake)
-- Using all available rosidl_typesupport_c: rosidl_typesupport_fastrtps_c;rosidl_typesupport_introspection_c
-- Using all available rosidl_typesupport_cpp: rosidl_typesupport_fastrtps_cpp;rosidl_typesupport_introspection_cpp
-- Found rmw_implementation_cmake: 6.1.1 (/opt/ros/humble/share/rmw_implementation_cmake/cmake)
-- Found rmw_fastrtps_cpp: 6.2.6 (/opt/ros/humble/share/rmw_fastrtps_cpp/cmake)
-- Found TinyXML2 via Config file: TinyXML2_DIR-NOTFOUND
-- Found OpenSSL: /usr/lib/aarch64-linux-gnu/libcrypto.so (found version "3.0.2")  
-- Found TinyXML2 via Config file: TinyXML2_DIR-NOTFOUND
-- Found FastRTPS: /opt/ros/humble/include  
-- Found TinyXML2 via Config file: TinyXML2_DIR-NOTFOUND
-- Found TinyXML2 via Config file: TinyXML2_DIR-NOTFOUND
-- Using RMW implementation 'rmw_fastrtps_cpp' as default
-- Looking for pthread.h
-- Looking for pthread.h - found
-- Performing Test CMAKE_HAVE_LIBC_PTHREAD
-- Performing Test CMAKE_HAVE_LIBC_PTHREAD - Success
-- Found Threads: TRUE  
-- Found generate_parameter_library: 0.3.8 (/opt/ros/humble/share/generate_parameter_library/cmake)
-- Found parameter_traits: 0.3.8 (/opt/ros/humble/share/parameter_traits/cmake)
-- Found nav_msgs: 4.2.3 (/opt/ros/humble/share/nav_msgs/cmake)
-- Found realtime_tools: 2.5.0 (/opt/ros/humble/share/realtime_tools/cmake)
-- Found tf2: 0.25.6 (/opt/ros/humble/share/tf2/cmake)
-- Found tf2_msgs: 0.25.6 (/opt/ros/humble/share/tf2_msgs/cmake)
-- Configuring done
-- Generating done
-- Build files have been written to: /home/parallels/Documents/ros2_ws/build/mecanum_drive_controller
[ 20%] [34m[1mRunning `/opt/ros/humble/bin/generate_parameter_library_cpp /home/parallels/Documents/ros2_ws/build/mecanum_drive_controller/mecanum_drive_controller_parameters/include//mecanum_drive_controller_parameters.hpp /home/parallels/Documents/ros2_ws/src/rosbot_ros/husarion_controllers/mecanum_drive_controller/src/mecanum_drive_controller_parameter.yaml `[0m
[ 20%] Built target mecanum_drive_controller_parameters
[ 40%] [32mBuilding CXX object CMakeFiles/mecanum_drive_controller.dir/src/mecanum_drive_controller.cpp.o[0m
[ 60%] [32mBuilding CXX object CMakeFiles/mecanum_drive_controller.dir/src/speed_limiter.cpp.o[0m
[ 80%] [32mBuilding CXX object CMakeFiles/mecanum_drive_controller.dir/src/odometry.cpp.o[0m
[100%] [32m[1mLinking CXX shared library libmecanum_drive_controller.so[0m
[100%] Built target mecanum_drive_controller
-- Install configuration: "Release"
-- Installing: /home/parallels/Documents/ros2_ws/install/mecanum_drive_controller/include/mecanum_drive_controller_parameters
-- Installing: /home/parallels/Documents/ros2_ws/install/mecanum_drive_controller/include/mecanum_drive_controller_parameters/mecanum_drive_controller_parameters.hpp
-- Installing: /home/parallels/Documents/ros2_ws/install/mecanum_drive_controller/share/mecanum_drive_controller/mecanum_drive_plugin.xml
-- Installing: /home/parallels/Documents/ros2_ws/install/mecanum_drive_controller/include/mecanum_drive_controller
-- Installing: /home/parallels/Documents/ros2_ws/install/mecanum_drive_controller/include/mecanum_drive_controller/mecanum_drive_controller
-- Installing: /home/parallels/Documents/ros2_ws/install/mecanum_drive_controller/include/mecanum_drive_controller/mecanum_drive_controller/mecanum_drive_controller.hpp
-- Installing: /home/parallels/Documents/ros2_ws/install/mecanum_drive_controller/include/mecanum_drive_controller/mecanum_drive_controller/odometry.hpp
-- Installing: /home/parallels/Documents/ros2_ws/install/mecanum_drive_controller/include/mecanum_drive_controller/mecanum_drive_controller/visibility_control.h
-- Installing: /home/parallels/Documents/ros2_ws/install/mecanum_drive_controller/include/mecanum_drive_controller/mecanum_drive_controller/speed_limiter.hpp
-- Installing: /home/parallels/Documents/ros2_ws/install/mecanum_drive_controller/lib/libmecanum_drive_controller.so
-- Set runtime path of "/home/parallels/Documents/ros2_ws/install/mecanum_drive_controller/lib/libmecanum_drive_controller.so" to ""
-- Installing: /home/parallels/Documents/ros2_ws/install/mecanum_drive_controller/share/mecanum_drive_controller/environment/library_path.sh
-- Installing: /home/parallels/Documents/ros2_ws/install/mecanum_drive_controller/share/mecanum_drive_controller/environment/library_path.dsv
-- Installing: /home/parallels/Documents/ros2_ws/install/mecanum_drive_controller/share/ament_index/resource_index/package_run_dependencies/mecanum_drive_controller
-- Installing: /home/parallels/Documents/ros2_ws/install/mecanum_drive_controller/share/ament_index/resource_index/parent_prefix_path/mecanum_drive_controller
-- Installing: /home/parallels/Documents/ros2_ws/install/mecanum_drive_controller/share/mecanum_drive_controller/environment/ament_prefix_path.sh
-- Installing: /home/parallels/Documents/ros2_ws/install/mecanum_drive_controller/share/mecanum_drive_controller/environment/ament_prefix_path.dsv
-- Installing: /home/parallels/Documents/ros2_ws/install/mecanum_drive_controller/share/mecanum_drive_controller/environment/path.sh
-- Installing: /home/parallels/Documents/ros2_ws/install/mecanum_drive_controller/share/mecanum_drive_controller/environment/path.dsv
-- Installing: /home/parallels/Documents/ros2_ws/install/mecanum_drive_controller/share/mecanum_drive_controller/local_setup.bash
-- Installing: /home/parallels/Documents/ros2_ws/install/mecanum_drive_controller/share/mecanum_drive_controller/local_setup.sh
-- Installing: /home/parallels/Documents/ros2_ws/install/mecanum_drive_controller/share/mecanum_drive_controller/local_setup.zsh
-- Installing: /home/parallels/Documents/ros2_ws/install/mecanum_drive_controller/share/mecanum_drive_controller/local_setup.dsv
-- Installing: /home/parallels/Documents/ros2_ws/install/mecanum_drive_controller/share/mecanum_drive_controller/package.dsv
-- Installing: /home/parallels/Documents/ros2_ws/install/mecanum_drive_controller/share/ament_index/resource_index/packages/mecanum_drive_controller
-- Installing: /home/parallels/Documents/ros2_ws/install/mecanum_drive_controller/share/ament_index/resource_index/controller_interface__pluginlib__plugin/mecanum_drive_controller
-- Installing: /home/parallels/Documents/ros2_ws/install/mecanum_drive_controller/share/mecanum_drive_controller/cmake/export_mecanum_drive_controllerExport.cmake
-- Installing: /home/parallels/Documents/ros2_ws/install/mecanum_drive_controller/share/mecanum_drive_controller/cmake/export_mecanum_drive_controllerExport-release.cmake
-- Installing: /home/parallels/Documents/ros2_ws/install/mecanum_drive_controller/share/mecanum_drive_controller/cmake/ament_cmake_export_targets-extras.cmake
-- Installing: /home/parallels/Documents/ros2_ws/install/mecanum_drive_controller/share/mecanum_drive_controller/cmake/ament_cmake_export_dependencies-extras.cmake
-- Installing: /home/parallels/Documents/ros2_ws/install/mecanum_drive_controller/share/mecanum_drive_controller/cmake/mecanum_drive_controllerConfig.cmake
-- Installing: /home/parallels/Documents/ros2_ws/install/mecanum_drive_controller/share/mecanum_drive_controller/cmake/mecanum_drive_controllerConfig-version.cmake
-- Installing: /home/parallels/Documents/ros2_ws/install/mecanum_drive_controller/share/mecanum_drive_controller/package.xml
