[0.008s] Invoking command in '/home/parallels/Documents/ros2_ws/build/imu_sensor_broadcaster': CMAKE_PREFIX_PATH=/opt/ros/humble /usr/bin/cmake /home/parallels/Documents/ros2_ws/src/imu_sensor_broadcaster -DCMAKE_BUILD_TYPE=Release -DCMAKE_INSTALL_PREFIX=/home/parallels/Documents/ros2_ws/install/imu_sensor_broadcaster
[0.050s] -- The CXX compiler identification is GNU 11.4.0
[0.054s] -- Detecting CXX compiler ABI info
[0.113s] -- Detecting CXX compiler ABI info - done
[0.115s] -- Check for working CXX compiler: /usr/bin/c++ - skipped
[0.115s] -- Detecting CXX compile features
[0.115s] -- Detecting CXX compile features - done
[0.117s] -- Found ament_cmake: 1.3.8 (/opt/ros/humble/share/ament_cmake/cmake)
[0.203s] -- Found Python3: /usr/bin/python3 (found version "3.10.12") found components: Interpreter 
[0.244s] -- Found backward_ros: 1.0.2 (/opt/ros/humble/share/backward_ros/cmake)
[0.250s] -- Found libdw: /usr/lib/aarch64-linux-gnu/libdw.so  
[0.254s] -- Could NOT find libbfd (missing: LIBBFD_LIBRARY LIBBFD_INCLUDE_DIR) 
[0.255s] -- BACKWARD_HAS_UNWIND=1
[0.255s] -- BACKWARD_HAS_BACKTRACE=0
[0.255s] -- BACKWARD_HAS_BACKTRACE_SYMBOL=0
[0.255s] -- BACKWARD_HAS_DW=1
[0.255s] -- BACKWARD_HAS_BFD=0
[0.255s] -- Found Backward: /opt/ros/humble/share/backward_ros/cmake  
[0.256s] -- Found controller_interface: 2.40.0 (/opt/ros/humble/share/controller_interface/cmake)
[0.287s] -- Found rosidl_generator_c: 3.1.5 (/opt/ros/humble/share/rosidl_generator_c/cmake)
[0.291s] -- Found rosidl_adapter: 3.1.5 (/opt/ros/humble/share/rosidl_adapter/cmake)
[0.298s] -- Found rosidl_generator_cpp: 3.1.5 (/opt/ros/humble/share/rosidl_generator_cpp/cmake)
[0.308s] -- Using all available rosidl_typesupport_c: rosidl_typesupport_fastrtps_c;rosidl_typesupport_introspection_c
[0.324s] -- Using all available rosidl_typesupport_cpp: rosidl_typesupport_fastrtps_cpp;rosidl_typesupport_introspection_cpp
[0.919s] -- Found rmw_implementation_cmake: 6.1.1 (/opt/ros/humble/share/rmw_implementation_cmake/cmake)
[0.921s] -- Found rmw_fastrtps_cpp: 6.2.6 (/opt/ros/humble/share/rmw_fastrtps_cpp/cmake)
[0.962s] -- Found TinyXML2 via Config file: TinyXML2_DIR-NOTFOUND
[1.008s] -- Found OpenSSL: /usr/lib/aarch64-linux-gnu/libcrypto.so (found version "3.0.2")  
[1.013s] -- Found TinyXML2 via Config file: TinyXML2_DIR-NOTFOUND
[1.020s] -- Found FastRTPS: /opt/ros/humble/include  
[1.029s] -- Found TinyXML2 via Config file: TinyXML2_DIR-NOTFOUND
[1.037s] -- Found TinyXML2 via Config file: TinyXML2_DIR-NOTFOUND
[1.044s] -- Using RMW implementation 'rmw_fastrtps_cpp' as default
[1.059s] -- Looking for C++ include pthread.h
[1.185s] -- Looking for C++ include pthread.h - found
[1.185s] -- Performing Test CMAKE_HAVE_LIBC_PTHREAD
[1.378s] -- Performing Test CMAKE_HAVE_LIBC_PTHREAD - Success
[1.378s] -- Found Threads: TRUE  
[1.692s] -- Found generate_parameter_library: 0.3.8 (/opt/ros/humble/share/generate_parameter_library/cmake)
[1.702s] -- Found parameter_traits: 0.3.8 (/opt/ros/humble/share/parameter_traits/cmake)
[1.717s] -- Found realtime_tools: 2.5.0 (/opt/ros/humble/share/realtime_tools/cmake)
[2.023s] -- Found ament_cmake_gmock: 1.3.8 (/opt/ros/humble/share/ament_cmake_gmock/cmake)
[2.024s] -- Found controller_manager: 2.40.0 (/opt/ros/humble/share/controller_manager/cmake)
[2.456s] -- Found ros2_control_test_assets: 2.40.0 (/opt/ros/humble/share/ros2_control_test_assets/cmake)
[2.465s] -- Found gmock sources under '/opt/ros/humble/src/gmock_vendor': C++ tests using 'Google Mock' will be built
[2.557s] -- The C compiler identification is GNU 11.4.0
[2.567s] -- Detecting C compiler ABI info
[2.769s] -- Detecting C compiler ABI info - done
[2.775s] -- Check for working C compiler: /usr/bin/cc - skipped
[2.775s] -- Detecting C compile features
[2.775s] -- Detecting C compile features - done
[2.778s] -- Found ament_cmake_gtest: 1.3.8 (/opt/ros/humble/share/ament_cmake_gtest/cmake)
[2.781s] -- Found gtest sources under '/opt/ros/humble/src/gtest_vendor': C++ tests using 'Google Test' will be built
[3.468s] -- Found gmock sources under '/opt/ros/humble/src/gmock_vendor': C++ tests using 'Google Mock' will be built
[3.468s] -- Found ament_cmake_gtest: 1.3.8 (/opt/ros/humble/share/ament_cmake_gtest/cmake)
[3.469s] -- Found gtest sources under '/opt/ros/humble/src/gtest_vendor': C++ tests using 'Google Test' will be built
[3.546s] -- Configuring done
[3.608s] -- Generating done
[3.608s] -- Build files have been written to: /home/parallels/Documents/ros2_ws/build/imu_sensor_broadcaster
[3.633s] Invoked command in '/home/parallels/Documents/ros2_ws/build/imu_sensor_broadcaster' returned '0': CMAKE_PREFIX_PATH=/opt/ros/humble /usr/bin/cmake /home/parallels/Documents/ros2_ws/src/imu_sensor_broadcaster -DCMAKE_BUILD_TYPE=Release -DCMAKE_INSTALL_PREFIX=/home/parallels/Documents/ros2_ws/install/imu_sensor_broadcaster
[3.633s] Invoking command in '/home/parallels/Documents/ros2_ws/build/imu_sensor_broadcaster': CMAKE_PREFIX_PATH=/opt/ros/humble /usr/bin/cmake --build /home/parallels/Documents/ros2_ws/build/imu_sensor_broadcaster -- -j4 -l4
[3.750s] [ 10%] [32mBuilding CXX object gmock/CMakeFiles/gmock.dir/opt/ros/humble/src/gtest_vendor/src/gtest-all.cc.o[0m
[3.750s] [ 20%] [34m[1mRunning `/opt/ros/humble/bin/generate_parameter_library_cpp /home/parallels/Documents/ros2_ws/build/imu_sensor_broadcaster/imu_sensor_broadcaster_parameters/include//imu_sensor_broadcaster_parameters.hpp /home/parallels/Documents/ros2_ws/src/imu_sensor_broadcaster/src/imu_sensor_broadcaster_parameters.yaml `[0m
[3.793s] [ 30%] [32mBuilding CXX object gmock/CMakeFiles/gmock.dir/src/gmock-all.cc.o[0m
[3.975s] [ 30%] Built target imu_sensor_broadcaster_parameters
[3.984s] [ 40%] [32mBuilding CXX object CMakeFiles/imu_sensor_broadcaster.dir/src/imu_sensor_broadcaster.cpp.o[0m
[13.157s] [ 50%] [32m[1mLinking CXX static library libgmock.a[0m
[13.178s] [ 50%] Built target gmock
[13.704s] [ 60%] [32m[1mLinking CXX shared library libimu_sensor_broadcaster.so[0m
[13.947s] [ 60%] Built target imu_sensor_broadcaster
[13.957s] [ 70%] [32mBuilding CXX object CMakeFiles/test_imu_sensor_broadcaster.dir/test/test_imu_sensor_broadcaster.cpp.o[0m
[14.030s] [ 80%] [32mBuilding CXX object CMakeFiles/test_load_imu_sensor_broadcaster.dir/test/test_load_imu_sensor_broadcaster.cpp.o[0m
[19.101s] [ 90%] [32m[1mLinking CXX executable test_load_imu_sensor_broadcaster[0m
[19.420s] [ 90%] Built target test_load_imu_sensor_broadcaster
[27.431s] [100%] [32m[1mLinking CXX executable test_imu_sensor_broadcaster[0m
[27.849s] [100%] Built target test_imu_sensor_broadcaster
[27.877s] Invoked command in '/home/parallels/Documents/ros2_ws/build/imu_sensor_broadcaster' returned '0': CMAKE_PREFIX_PATH=/opt/ros/humble /usr/bin/cmake --build /home/parallels/Documents/ros2_ws/build/imu_sensor_broadcaster -- -j4 -l4
[28.248s] Invoking command in '/home/parallels/Documents/ros2_ws/build/imu_sensor_broadcaster': CMAKE_PREFIX_PATH=/opt/ros/humble /usr/bin/cmake --install /home/parallels/Documents/ros2_ws/build/imu_sensor_broadcaster
[28.262s] -- Install configuration: "Release"
[28.262s] -- Installing: /home/parallels/Documents/ros2_ws/install/imu_sensor_broadcaster/include/imu_sensor_broadcaster_parameters
[28.263s] -- Installing: /home/parallels/Documents/ros2_ws/install/imu_sensor_broadcaster/include/imu_sensor_broadcaster_parameters/imu_sensor_broadcaster_parameters.hpp
[28.263s] -- Installing: /home/parallels/Documents/ros2_ws/install/imu_sensor_broadcaster/share/imu_sensor_broadcaster/imu_sensor_broadcaster.xml
[28.263s] -- Installing: /home/parallels/Documents/ros2_ws/install/imu_sensor_broadcaster/include/imu_sensor_broadcaster
[28.263s] -- Installing: /home/parallels/Documents/ros2_ws/install/imu_sensor_broadcaster/include/imu_sensor_broadcaster/imu_sensor_broadcaster
[28.264s] -- Installing: /home/parallels/Documents/ros2_ws/install/imu_sensor_broadcaster/include/imu_sensor_broadcaster/imu_sensor_broadcaster/visibility_control.h
[28.264s] -- Installing: /home/parallels/Documents/ros2_ws/install/imu_sensor_broadcaster/include/imu_sensor_broadcaster/imu_sensor_broadcaster/imu_sensor_broadcaster.hpp
[28.264s] -- Installing: /home/parallels/Documents/ros2_ws/install/imu_sensor_broadcaster/lib/libimu_sensor_broadcaster.so
[28.264s] -- Set runtime path of "/home/parallels/Documents/ros2_ws/install/imu_sensor_broadcaster/lib/libimu_sensor_broadcaster.so" to ""
[28.264s] -- Installing: /home/parallels/Documents/ros2_ws/install/imu_sensor_broadcaster/share/imu_sensor_broadcaster/environment/library_path.sh
[28.264s] -- Installing: /home/parallels/Documents/ros2_ws/install/imu_sensor_broadcaster/share/imu_sensor_broadcaster/environment/library_path.dsv
[28.264s] -- Installing: /home/parallels/Documents/ros2_ws/install/imu_sensor_broadcaster/share/ament_index/resource_index/package_run_dependencies/imu_sensor_broadcaster
[28.264s] -- Installing: /home/parallels/Documents/ros2_ws/install/imu_sensor_broadcaster/share/ament_index/resource_index/parent_prefix_path/imu_sensor_broadcaster
[28.266s] -- Installing: /home/parallels/Documents/ros2_ws/install/imu_sensor_broadcaster/share/imu_sensor_broadcaster/environment/ament_prefix_path.sh
[28.266s] -- Installing: /home/parallels/Documents/ros2_ws/install/imu_sensor_broadcaster/share/imu_sensor_broadcaster/environment/ament_prefix_path.dsv
[28.266s] -- Installing: /home/parallels/Documents/ros2_ws/install/imu_sensor_broadcaster/share/imu_sensor_broadcaster/environment/path.sh
[28.266s] -- Installing: /home/parallels/Documents/ros2_ws/install/imu_sensor_broadcaster/share/imu_sensor_broadcaster/environment/path.dsv
[28.266s] -- Installing: /home/parallels/Documents/ros2_ws/install/imu_sensor_broadcaster/share/imu_sensor_broadcaster/local_setup.bash
[28.266s] -- Installing: /home/parallels/Documents/ros2_ws/install/imu_sensor_broadcaster/share/imu_sensor_broadcaster/local_setup.sh
[28.266s] -- Installing: /home/parallels/Documents/ros2_ws/install/imu_sensor_broadcaster/share/imu_sensor_broadcaster/local_setup.zsh
[28.266s] -- Installing: /home/parallels/Documents/ros2_ws/install/imu_sensor_broadcaster/share/imu_sensor_broadcaster/local_setup.dsv
[28.266s] -- Installing: /home/parallels/Documents/ros2_ws/install/imu_sensor_broadcaster/share/imu_sensor_broadcaster/package.dsv
[28.266s] -- Installing: /home/parallels/Documents/ros2_ws/install/imu_sensor_broadcaster/share/ament_index/resource_index/packages/imu_sensor_broadcaster
[28.266s] -- Installing: /home/parallels/Documents/ros2_ws/install/imu_sensor_broadcaster/share/ament_index/resource_index/controller_interface__pluginlib__plugin/imu_sensor_broadcaster
[28.266s] -- Installing: /home/parallels/Documents/ros2_ws/install/imu_sensor_broadcaster/share/imu_sensor_broadcaster/cmake/export_imu_sensor_broadcasterExport.cmake
[28.266s] -- Installing: /home/parallels/Documents/ros2_ws/install/imu_sensor_broadcaster/share/imu_sensor_broadcaster/cmake/export_imu_sensor_broadcasterExport-release.cmake
[28.266s] -- Installing: /home/parallels/Documents/ros2_ws/install/imu_sensor_broadcaster/share/imu_sensor_broadcaster/cmake/ament_cmake_export_targets-extras.cmake
[28.266s] -- Installing: /home/parallels/Documents/ros2_ws/install/imu_sensor_broadcaster/share/imu_sensor_broadcaster/cmake/ament_cmake_export_dependencies-extras.cmake
[28.266s] -- Installing: /home/parallels/Documents/ros2_ws/install/imu_sensor_broadcaster/share/imu_sensor_broadcaster/cmake/imu_sensor_broadcasterConfig.cmake
[28.266s] -- Installing: /home/parallels/Documents/ros2_ws/install/imu_sensor_broadcaster/share/imu_sensor_broadcaster/cmake/imu_sensor_broadcasterConfig-version.cmake
[28.266s] -- Installing: /home/parallels/Documents/ros2_ws/install/imu_sensor_broadcaster/share/imu_sensor_broadcaster/package.xml
[28.266s] Invoked command in '/home/parallels/Documents/ros2_ws/build/imu_sensor_broadcaster' returned '0': CMAKE_PREFIX_PATH=/opt/ros/humble /usr/bin/cmake --install /home/parallels/Documents/ros2_ws/build/imu_sensor_broadcaster
