[0.070s] DEBUG:colcon:Command line arguments: ['/usr/bin/colcon', 'build']
[0.070s] DEBUG:colcon:Parsed command line arguments: Namespace(log_base=None, log_level=None, verb_name='build', build_base='build', install_base='install', merge_install=False, symlink_install=False, test_result_base=None, continue_on_error=False, executor='parallel', parallel_workers=4, event_handlers=None, ignore_user_meta=False, metas=['./colcon.meta'], base_paths=['.'], packages_ignore=None, packages_ignore_regex=None, paths=None, packages_up_to=None, packages_up_to_regex=None, packages_above=None, packages_above_and_dependencies=None, packages_above_depth=None, packages_select_by_dep=None, packages_skip_by_dep=None, packages_skip_up_to=None, packages_select_build_failed=False, packages_skip_build_finished=False, packages_select_test_failures=False, packages_skip_test_passed=False, packages_select=None, packages_skip=None, packages_select_regex=None, packages_skip_regex=None, packages_start=None, packages_end=None, allow_overriding=[], cmake_args=None, cmake_target=None, cmake_target_skip_unavailable=False, cmake_clean_cache=False, cmake_clean_first=False, cmake_force_configure=False, ament_cmake_args=None, catkin_cmake_args=None, catkin_skip_building_tests=False, verb_parser=<colcon_defaults.argument_parser.defaults.DefaultArgumentsDecorator object at 0xffff99b70f70>, verb_extension=<colcon_core.verb.build.BuildVerb object at 0xffff99b709a0>, main=<bound method BuildVerb.main of <colcon_core.verb.build.BuildVerb object at 0xffff99b709a0>>)
[0.216s] Level 1:colcon.colcon_core.package_discovery:discover_packages(colcon_meta) check parameters
[0.216s] Level 1:colcon.colcon_core.package_discovery:discover_packages(recursive) check parameters
[0.216s] Level 1:colcon.colcon_core.package_discovery:discover_packages(ignore) check parameters
[0.216s] Level 1:colcon.colcon_core.package_discovery:discover_packages(path) check parameters
[0.216s] Level 1:colcon.colcon_core.package_discovery:discover_packages(colcon_meta) discover
[0.216s] Level 1:colcon.colcon_core.package_discovery:discover_packages(recursive) discover
[0.216s] INFO:colcon.colcon_core.package_discovery:Crawling recursively for packages in '/home/parallels/Documents/ros2_ws'
[0.216s] Level 1:colcon.colcon_core.package_identification:_identify(.) by extensions ['ignore', 'ignore_ament_install']
[0.216s] Level 1:colcon.colcon_core.package_identification:_identify(.) by extension 'ignore'
[0.216s] Level 1:colcon.colcon_core.package_identification:_identify(.) by extension 'ignore_ament_install'
[0.216s] Level 1:colcon.colcon_core.package_identification:_identify(.) by extensions ['colcon_pkg']
[0.216s] Level 1:colcon.colcon_core.package_identification:_identify(.) by extension 'colcon_pkg'
[0.216s] Level 1:colcon.colcon_core.package_identification:_identify(.) by extensions ['colcon_meta']
[0.216s] Level 1:colcon.colcon_core.package_identification:_identify(.) by extension 'colcon_meta'
[0.216s] Level 1:colcon.colcon_core.package_identification:_identify(.) by extensions ['ros']
[0.216s] Level 1:colcon.colcon_core.package_identification:_identify(.) by extension 'ros'
[0.222s] Level 1:colcon.colcon_core.package_identification:_identify(.) by extensions ['cmake', 'python']
[0.222s] Level 1:colcon.colcon_core.package_identification:_identify(.) by extension 'cmake'
[0.222s] Level 1:colcon.colcon_core.package_identification:_identify(.) by extension 'python'
[0.222s] Level 1:colcon.colcon_core.package_identification:_identify(.) by extensions ['python_setup_py']
[0.222s] Level 1:colcon.colcon_core.package_identification:_identify(.) by extension 'python_setup_py'
[0.222s] Level 1:colcon.colcon_core.package_identification:_identify(build) by extensions ['ignore', 'ignore_ament_install']
[0.223s] Level 1:colcon.colcon_core.package_identification:_identify(build) by extension 'ignore'
[0.223s] Level 1:colcon.colcon_core.package_identification:_identify(build) ignored
[0.223s] Level 1:colcon.colcon_core.package_identification:_identify(install) by extensions ['ignore', 'ignore_ament_install']
[0.223s] Level 1:colcon.colcon_core.package_identification:_identify(install) by extension 'ignore'
[0.223s] Level 1:colcon.colcon_core.package_identification:_identify(install) ignored
[0.223s] Level 1:colcon.colcon_core.package_identification:_identify(log) by extensions ['ignore', 'ignore_ament_install']
[0.223s] Level 1:colcon.colcon_core.package_identification:_identify(log) by extension 'ignore'
[0.223s] Level 1:colcon.colcon_core.package_identification:_identify(log) ignored
[0.223s] Level 1:colcon.colcon_core.package_identification:_identify(src) by extensions ['ignore', 'ignore_ament_install']
[0.223s] Level 1:colcon.colcon_core.package_identification:_identify(src) by extension 'ignore'
[0.223s] Level 1:colcon.colcon_core.package_identification:_identify(src) by extension 'ignore_ament_install'
[0.223s] Level 1:colcon.colcon_core.package_identification:_identify(src) by extensions ['colcon_pkg']
[0.223s] Level 1:colcon.colcon_core.package_identification:_identify(src) by extension 'colcon_pkg'
[0.223s] Level 1:colcon.colcon_core.package_identification:_identify(src) by extensions ['colcon_meta']
[0.223s] Level 1:colcon.colcon_core.package_identification:_identify(src) by extension 'colcon_meta'
[0.223s] Level 1:colcon.colcon_core.package_identification:_identify(src) by extensions ['ros']
[0.223s] Level 1:colcon.colcon_core.package_identification:_identify(src) by extension 'ros'
[0.223s] Level 1:colcon.colcon_core.package_identification:_identify(src) by extensions ['cmake', 'python']
[0.223s] Level 1:colcon.colcon_core.package_identification:_identify(src) by extension 'cmake'
[0.223s] Level 1:colcon.colcon_core.package_identification:_identify(src) by extension 'python'
[0.223s] Level 1:colcon.colcon_core.package_identification:_identify(src) by extensions ['python_setup_py']
[0.223s] Level 1:colcon.colcon_core.package_identification:_identify(src) by extension 'python_setup_py'
[0.223s] Level 1:colcon.colcon_core.package_identification:_identify(src/rosbot_ros) by extensions ['ignore', 'ignore_ament_install']
[0.223s] Level 1:colcon.colcon_core.package_identification:_identify(src/rosbot_ros) by extension 'ignore'
[0.223s] Level 1:colcon.colcon_core.package_identification:_identify(src/rosbot_ros) by extension 'ignore_ament_install'
[0.223s] Level 1:colcon.colcon_core.package_identification:_identify(src/rosbot_ros) by extensions ['colcon_pkg']
[0.223s] Level 1:colcon.colcon_core.package_identification:_identify(src/rosbot_ros) by extension 'colcon_pkg'
[0.223s] Level 1:colcon.colcon_core.package_identification:_identify(src/rosbot_ros) by extensions ['colcon_meta']
[0.223s] Level 1:colcon.colcon_core.package_identification:_identify(src/rosbot_ros) by extension 'colcon_meta'
[0.223s] Level 1:colcon.colcon_core.package_identification:_identify(src/rosbot_ros) by extensions ['ros']
[0.223s] Level 1:colcon.colcon_core.package_identification:_identify(src/rosbot_ros) by extension 'ros'
[0.223s] Level 1:colcon.colcon_core.package_identification:_identify(src/rosbot_ros) by extensions ['cmake', 'python']
[0.223s] Level 1:colcon.colcon_core.package_identification:_identify(src/rosbot_ros) by extension 'cmake'
[0.223s] Level 1:colcon.colcon_core.package_identification:_identify(src/rosbot_ros) by extension 'python'
[0.223s] Level 1:colcon.colcon_core.package_identification:_identify(src/rosbot_ros) by extensions ['python_setup_py']
[0.223s] Level 1:colcon.colcon_core.package_identification:_identify(src/rosbot_ros) by extension 'python_setup_py'
[0.223s] Level 1:colcon.colcon_core.package_identification:_identify(src/rosbot_ros/rosbot) by extensions ['ignore', 'ignore_ament_install']
[0.223s] Level 1:colcon.colcon_core.package_identification:_identify(src/rosbot_ros/rosbot) by extension 'ignore'
[0.223s] Level 1:colcon.colcon_core.package_identification:_identify(src/rosbot_ros/rosbot) by extension 'ignore_ament_install'
[0.223s] Level 1:colcon.colcon_core.package_identification:_identify(src/rosbot_ros/rosbot) by extensions ['colcon_pkg']
[0.223s] Level 1:colcon.colcon_core.package_identification:_identify(src/rosbot_ros/rosbot) by extension 'colcon_pkg'
[0.223s] Level 1:colcon.colcon_core.package_identification:_identify(src/rosbot_ros/rosbot) by extensions ['colcon_meta']
[0.223s] Level 1:colcon.colcon_core.package_identification:_identify(src/rosbot_ros/rosbot) by extension 'colcon_meta'
[0.223s] Level 1:colcon.colcon_core.package_identification:_identify(src/rosbot_ros/rosbot) by extensions ['ros']
[0.223s] Level 1:colcon.colcon_core.package_identification:_identify(src/rosbot_ros/rosbot) by extension 'ros'
[0.227s] DEBUG:colcon.colcon_core.package_identification:Package 'src/rosbot_ros/rosbot' with type 'ros.ament_cmake' and name 'rosbot'
[0.227s] Level 1:colcon.colcon_core.package_identification:_identify(src/rosbot_ros/rosbot_bringup) by extensions ['ignore', 'ignore_ament_install']
[0.227s] Level 1:colcon.colcon_core.package_identification:_identify(src/rosbot_ros/rosbot_bringup) by extension 'ignore'
[0.227s] Level 1:colcon.colcon_core.package_identification:_identify(src/rosbot_ros/rosbot_bringup) by extension 'ignore_ament_install'
[0.227s] Level 1:colcon.colcon_core.package_identification:_identify(src/rosbot_ros/rosbot_bringup) by extensions ['colcon_pkg']
[0.227s] Level 1:colcon.colcon_core.package_identification:_identify(src/rosbot_ros/rosbot_bringup) by extension 'colcon_pkg'
[0.227s] Level 1:colcon.colcon_core.package_identification:_identify(src/rosbot_ros/rosbot_bringup) by extensions ['colcon_meta']
[0.227s] Level 1:colcon.colcon_core.package_identification:_identify(src/rosbot_ros/rosbot_bringup) by extension 'colcon_meta'
[0.227s] Level 1:colcon.colcon_core.package_identification:_identify(src/rosbot_ros/rosbot_bringup) by extensions ['ros']
[0.227s] Level 1:colcon.colcon_core.package_identification:_identify(src/rosbot_ros/rosbot_bringup) by extension 'ros'
[0.227s] DEBUG:colcon.colcon_core.package_identification:Package 'src/rosbot_ros/rosbot_bringup' with type 'ros.ament_python' and name 'rosbot_bringup'
[0.227s] Level 1:colcon.colcon_core.package_identification:_identify(src/rosbot_ros/rosbot_controller) by extensions ['ignore', 'ignore_ament_install']
[0.227s] Level 1:colcon.colcon_core.package_identification:_identify(src/rosbot_ros/rosbot_controller) by extension 'ignore'
[0.227s] Level 1:colcon.colcon_core.package_identification:_identify(src/rosbot_ros/rosbot_controller) by extension 'ignore_ament_install'
[0.227s] Level 1:colcon.colcon_core.package_identification:_identify(src/rosbot_ros/rosbot_controller) by extensions ['colcon_pkg']
[0.227s] Level 1:colcon.colcon_core.package_identification:_identify(src/rosbot_ros/rosbot_controller) by extension 'colcon_pkg'
[0.227s] Level 1:colcon.colcon_core.package_identification:_identify(src/rosbot_ros/rosbot_controller) by extensions ['colcon_meta']
[0.227s] Level 1:colcon.colcon_core.package_identification:_identify(src/rosbot_ros/rosbot_controller) by extension 'colcon_meta'
[0.227s] Level 1:colcon.colcon_core.package_identification:_identify(src/rosbot_ros/rosbot_controller) by extensions ['ros']
[0.227s] Level 1:colcon.colcon_core.package_identification:_identify(src/rosbot_ros/rosbot_controller) by extension 'ros'
[0.228s] DEBUG:colcon.colcon_core.package_identification:Package 'src/rosbot_ros/rosbot_controller' with type 'ros.ament_python' and name 'rosbot_controller'
[0.228s] Level 1:colcon.colcon_core.package_identification:_identify(src/rosbot_ros/rosbot_description) by extensions ['ignore', 'ignore_ament_install']
[0.228s] Level 1:colcon.colcon_core.package_identification:_identify(src/rosbot_ros/rosbot_description) by extension 'ignore'
[0.228s] Level 1:colcon.colcon_core.package_identification:_identify(src/rosbot_ros/rosbot_description) by extension 'ignore_ament_install'
[0.228s] Level 1:colcon.colcon_core.package_identification:_identify(src/rosbot_ros/rosbot_description) by extensions ['colcon_pkg']
[0.228s] Level 1:colcon.colcon_core.package_identification:_identify(src/rosbot_ros/rosbot_description) by extension 'colcon_pkg'
[0.228s] Level 1:colcon.colcon_core.package_identification:_identify(src/rosbot_ros/rosbot_description) by extensions ['colcon_meta']
[0.228s] Level 1:colcon.colcon_core.package_identification:_identify(src/rosbot_ros/rosbot_description) by extension 'colcon_meta'
[0.228s] Level 1:colcon.colcon_core.package_identification:_identify(src/rosbot_ros/rosbot_description) by extensions ['ros']
[0.228s] Level 1:colcon.colcon_core.package_identification:_identify(src/rosbot_ros/rosbot_description) by extension 'ros'
[0.228s] DEBUG:colcon.colcon_core.package_identification:Package 'src/rosbot_ros/rosbot_description' with type 'ros.ament_cmake' and name 'rosbot_description'
[0.228s] Level 1:colcon.colcon_core.package_identification:_identify(src/rosbot_ros/rosbot_gazebo) by extensions ['ignore', 'ignore_ament_install']
[0.228s] Level 1:colcon.colcon_core.package_identification:_identify(src/rosbot_ros/rosbot_gazebo) by extension 'ignore'
[0.228s] Level 1:colcon.colcon_core.package_identification:_identify(src/rosbot_ros/rosbot_gazebo) by extension 'ignore_ament_install'
[0.228s] Level 1:colcon.colcon_core.package_identification:_identify(src/rosbot_ros/rosbot_gazebo) by extensions ['colcon_pkg']
[0.228s] Level 1:colcon.colcon_core.package_identification:_identify(src/rosbot_ros/rosbot_gazebo) by extension 'colcon_pkg'
[0.228s] Level 1:colcon.colcon_core.package_identification:_identify(src/rosbot_ros/rosbot_gazebo) by extensions ['colcon_meta']
[0.228s] Level 1:colcon.colcon_core.package_identification:_identify(src/rosbot_ros/rosbot_gazebo) by extension 'colcon_meta'
[0.228s] Level 1:colcon.colcon_core.package_identification:_identify(src/rosbot_ros/rosbot_gazebo) by extensions ['ros']
[0.228s] Level 1:colcon.colcon_core.package_identification:_identify(src/rosbot_ros/rosbot_gazebo) by extension 'ros'
[0.229s] DEBUG:colcon.colcon_core.package_identification:Package 'src/rosbot_ros/rosbot_gazebo' with type 'ros.ament_python' and name 'rosbot_gazebo'
[0.229s] Level 1:colcon.colcon_core.package_identification:_identify(src/rosbot_ros/rosbot_utils) by extensions ['ignore', 'ignore_ament_install']
[0.229s] Level 1:colcon.colcon_core.package_identification:_identify(src/rosbot_ros/rosbot_utils) by extension 'ignore'
[0.229s] Level 1:colcon.colcon_core.package_identification:_identify(src/rosbot_ros/rosbot_utils) by extension 'ignore_ament_install'
[0.229s] Level 1:colcon.colcon_core.package_identification:_identify(src/rosbot_ros/rosbot_utils) by extensions ['colcon_pkg']
[0.229s] Level 1:colcon.colcon_core.package_identification:_identify(src/rosbot_ros/rosbot_utils) by extension 'colcon_pkg'
[0.229s] Level 1:colcon.colcon_core.package_identification:_identify(src/rosbot_ros/rosbot_utils) by extensions ['colcon_meta']
[0.229s] Level 1:colcon.colcon_core.package_identification:_identify(src/rosbot_ros/rosbot_utils) by extension 'colcon_meta'
[0.229s] Level 1:colcon.colcon_core.package_identification:_identify(src/rosbot_ros/rosbot_utils) by extensions ['ros']
[0.229s] Level 1:colcon.colcon_core.package_identification:_identify(src/rosbot_ros/rosbot_utils) by extension 'ros'
[0.229s] DEBUG:colcon.colcon_core.package_identification:Package 'src/rosbot_ros/rosbot_utils' with type 'ros.ament_python' and name 'rosbot_utils'
[0.229s] Level 1:colcon.colcon_core.package_identification:_identify(src/rosbot_ros/tools) by extensions ['ignore', 'ignore_ament_install']
[0.229s] Level 1:colcon.colcon_core.package_identification:_identify(src/rosbot_ros/tools) by extension 'ignore'
[0.229s] Level 1:colcon.colcon_core.package_identification:_identify(src/rosbot_ros/tools) by extension 'ignore_ament_install'
[0.229s] Level 1:colcon.colcon_core.package_identification:_identify(src/rosbot_ros/tools) by extensions ['colcon_pkg']
[0.229s] Level 1:colcon.colcon_core.package_identification:_identify(src/rosbot_ros/tools) by extension 'colcon_pkg'
[0.229s] Level 1:colcon.colcon_core.package_identification:_identify(src/rosbot_ros/tools) by extensions ['colcon_meta']
[0.229s] Level 1:colcon.colcon_core.package_identification:_identify(src/rosbot_ros/tools) by extension 'colcon_meta'
[0.229s] Level 1:colcon.colcon_core.package_identification:_identify(src/rosbot_ros/tools) by extensions ['ros']
[0.229s] Level 1:colcon.colcon_core.package_identification:_identify(src/rosbot_ros/tools) by extension 'ros'
[0.229s] Level 1:colcon.colcon_core.package_identification:_identify(src/rosbot_ros/tools) by extensions ['cmake', 'python']
[0.229s] Level 1:colcon.colcon_core.package_identification:_identify(src/rosbot_ros/tools) by extension 'cmake'
[0.229s] Level 1:colcon.colcon_core.package_identification:_identify(src/rosbot_ros/tools) by extension 'python'
[0.229s] Level 1:colcon.colcon_core.package_identification:_identify(src/rosbot_ros/tools) by extensions ['python_setup_py']
[0.229s] Level 1:colcon.colcon_core.package_identification:_identify(src/rosbot_ros/tools) by extension 'python_setup_py'
[0.230s] Level 1:colcon.colcon_core.package_discovery:discover_packages(recursive) using defaults
[0.230s] Level 1:colcon.colcon_core.package_discovery:discover_packages(ignore) discover
[0.230s] Level 1:colcon.colcon_core.package_discovery:discover_packages(ignore) using defaults
[0.230s] Level 1:colcon.colcon_core.package_discovery:discover_packages(path) discover
[0.230s] Level 1:colcon.colcon_core.package_discovery:discover_packages(path) using defaults
[0.250s] Level 1:colcon.colcon_core.package_discovery:discover_packages(prefix_path) check parameters
[0.250s] Level 1:colcon.colcon_core.package_discovery:discover_packages(prefix_path) discover
[0.252s] DEBUG:colcon.colcon_installed_package_information.package_discovery:Found 326 installed packages in /opt/ros/humble
[0.253s] Level 1:colcon.colcon_core.package_discovery:discover_packages(prefix_path) using defaults
[0.274s] Level 5:colcon.colcon_core.verb:set package 'rosbot_description' build argument 'cmake_args' from command line to 'None'
[0.274s] Level 5:colcon.colcon_core.verb:set package 'rosbot_description' build argument 'cmake_target' from command line to 'None'
[0.274s] Level 5:colcon.colcon_core.verb:set package 'rosbot_description' build argument 'cmake_target_skip_unavailable' from command line to 'False'
[0.274s] Level 5:colcon.colcon_core.verb:set package 'rosbot_description' build argument 'cmake_clean_cache' from command line to 'False'
[0.274s] Level 5:colcon.colcon_core.verb:set package 'rosbot_description' build argument 'cmake_clean_first' from command line to 'False'
[0.274s] Level 5:colcon.colcon_core.verb:set package 'rosbot_description' build argument 'cmake_force_configure' from command line to 'False'
[0.274s] Level 5:colcon.colcon_core.verb:set package 'rosbot_description' build argument 'ament_cmake_args' from command line to 'None'
[0.274s] Level 5:colcon.colcon_core.verb:set package 'rosbot_description' build argument 'catkin_cmake_args' from command line to 'None'
[0.274s] Level 5:colcon.colcon_core.verb:set package 'rosbot_description' build argument 'catkin_skip_building_tests' from command line to 'False'
[0.274s] DEBUG:colcon.colcon_core.verb:Building package 'rosbot_description' with the following arguments: {'ament_cmake_args': None, 'build_base': '/home/parallels/Documents/ros2_ws/build/rosbot_description', 'catkin_cmake_args': None, 'catkin_skip_building_tests': False, 'cmake_args': None, 'cmake_clean_cache': False, 'cmake_clean_first': False, 'cmake_force_configure': False, 'cmake_target': None, 'cmake_target_skip_unavailable': False, 'install_base': '/home/parallels/Documents/ros2_ws/install/rosbot_description', 'merge_install': False, 'path': '/home/parallels/Documents/ros2_ws/src/rosbot_ros/rosbot_description', 'symlink_install': False, 'test_result_base': None}
[0.275s] Level 5:colcon.colcon_core.verb:set package 'rosbot_utils' build argument 'cmake_args' from command line to 'None'
[0.275s] Level 5:colcon.colcon_core.verb:set package 'rosbot_utils' build argument 'cmake_target' from command line to 'None'
[0.275s] Level 5:colcon.colcon_core.verb:set package 'rosbot_utils' build argument 'cmake_target_skip_unavailable' from command line to 'False'
[0.275s] Level 5:colcon.colcon_core.verb:set package 'rosbot_utils' build argument 'cmake_clean_cache' from command line to 'False'
[0.275s] Level 5:colcon.colcon_core.verb:set package 'rosbot_utils' build argument 'cmake_clean_first' from command line to 'False'
[0.275s] Level 5:colcon.colcon_core.verb:set package 'rosbot_utils' build argument 'cmake_force_configure' from command line to 'False'
[0.275s] Level 5:colcon.colcon_core.verb:set package 'rosbot_utils' build argument 'ament_cmake_args' from command line to 'None'
[0.275s] Level 5:colcon.colcon_core.verb:set package 'rosbot_utils' build argument 'catkin_cmake_args' from command line to 'None'
[0.275s] Level 5:colcon.colcon_core.verb:set package 'rosbot_utils' build argument 'catkin_skip_building_tests' from command line to 'False'
[0.275s] DEBUG:colcon.colcon_core.verb:Building package 'rosbot_utils' with the following arguments: {'ament_cmake_args': None, 'build_base': '/home/parallels/Documents/ros2_ws/build/rosbot_utils', 'catkin_cmake_args': None, 'catkin_skip_building_tests': False, 'cmake_args': None, 'cmake_clean_cache': False, 'cmake_clean_first': False, 'cmake_force_configure': False, 'cmake_target': None, 'cmake_target_skip_unavailable': False, 'install_base': '/home/parallels/Documents/ros2_ws/install/rosbot_utils', 'merge_install': False, 'path': '/home/parallels/Documents/ros2_ws/src/rosbot_ros/rosbot_utils', 'symlink_install': False, 'test_result_base': None}
[0.275s] Level 5:colcon.colcon_core.verb:set package 'rosbot_controller' build argument 'cmake_args' from command line to 'None'
[0.275s] Level 5:colcon.colcon_core.verb:set package 'rosbot_controller' build argument 'cmake_target' from command line to 'None'
[0.275s] Level 5:colcon.colcon_core.verb:set package 'rosbot_controller' build argument 'cmake_target_skip_unavailable' from command line to 'False'
[0.275s] Level 5:colcon.colcon_core.verb:set package 'rosbot_controller' build argument 'cmake_clean_cache' from command line to 'False'
[0.275s] Level 5:colcon.colcon_core.verb:set package 'rosbot_controller' build argument 'cmake_clean_first' from command line to 'False'
[0.275s] Level 5:colcon.colcon_core.verb:set package 'rosbot_controller' build argument 'cmake_force_configure' from command line to 'False'
[0.275s] Level 5:colcon.colcon_core.verb:set package 'rosbot_controller' build argument 'ament_cmake_args' from command line to 'None'
[0.275s] Level 5:colcon.colcon_core.verb:set package 'rosbot_controller' build argument 'catkin_cmake_args' from command line to 'None'
[0.275s] Level 5:colcon.colcon_core.verb:set package 'rosbot_controller' build argument 'catkin_skip_building_tests' from command line to 'False'
[0.275s] DEBUG:colcon.colcon_core.verb:Building package 'rosbot_controller' with the following arguments: {'ament_cmake_args': None, 'build_base': '/home/parallels/Documents/ros2_ws/build/rosbot_controller', 'catkin_cmake_args': None, 'catkin_skip_building_tests': False, 'cmake_args': None, 'cmake_clean_cache': False, 'cmake_clean_first': False, 'cmake_force_configure': False, 'cmake_target': None, 'cmake_target_skip_unavailable': False, 'install_base': '/home/parallels/Documents/ros2_ws/install/rosbot_controller', 'merge_install': False, 'path': '/home/parallels/Documents/ros2_ws/src/rosbot_ros/rosbot_controller', 'symlink_install': False, 'test_result_base': None}
[0.275s] Level 5:colcon.colcon_core.verb:set package 'rosbot_bringup' build argument 'cmake_args' from command line to 'None'
[0.275s] Level 5:colcon.colcon_core.verb:set package 'rosbot_bringup' build argument 'cmake_target' from command line to 'None'
[0.275s] Level 5:colcon.colcon_core.verb:set package 'rosbot_bringup' build argument 'cmake_target_skip_unavailable' from command line to 'False'
[0.275s] Level 5:colcon.colcon_core.verb:set package 'rosbot_bringup' build argument 'cmake_clean_cache' from command line to 'False'
[0.275s] Level 5:colcon.colcon_core.verb:set package 'rosbot_bringup' build argument 'cmake_clean_first' from command line to 'False'
[0.275s] Level 5:colcon.colcon_core.verb:set package 'rosbot_bringup' build argument 'cmake_force_configure' from command line to 'False'
[0.275s] Level 5:colcon.colcon_core.verb:set package 'rosbot_bringup' build argument 'ament_cmake_args' from command line to 'None'
[0.275s] Level 5:colcon.colcon_core.verb:set package 'rosbot_bringup' build argument 'catkin_cmake_args' from command line to 'None'
[0.275s] Level 5:colcon.colcon_core.verb:set package 'rosbot_bringup' build argument 'catkin_skip_building_tests' from command line to 'False'
[0.275s] DEBUG:colcon.colcon_core.verb:Building package 'rosbot_bringup' with the following arguments: {'ament_cmake_args': None, 'build_base': '/home/parallels/Documents/ros2_ws/build/rosbot_bringup', 'catkin_cmake_args': None, 'catkin_skip_building_tests': False, 'cmake_args': None, 'cmake_clean_cache': False, 'cmake_clean_first': False, 'cmake_force_configure': False, 'cmake_target': None, 'cmake_target_skip_unavailable': False, 'install_base': '/home/parallels/Documents/ros2_ws/install/rosbot_bringup', 'merge_install': False, 'path': '/home/parallels/Documents/ros2_ws/src/rosbot_ros/rosbot_bringup', 'symlink_install': False, 'test_result_base': None}
[0.275s] Level 5:colcon.colcon_core.verb:set package 'rosbot' build argument 'cmake_args' from command line to 'None'
[0.275s] Level 5:colcon.colcon_core.verb:set package 'rosbot' build argument 'cmake_target' from command line to 'None'
[0.275s] Level 5:colcon.colcon_core.verb:set package 'rosbot' build argument 'cmake_target_skip_unavailable' from command line to 'False'
[0.275s] Level 5:colcon.colcon_core.verb:set package 'rosbot' build argument 'cmake_clean_cache' from command line to 'False'
[0.275s] Level 5:colcon.colcon_core.verb:set package 'rosbot' build argument 'cmake_clean_first' from command line to 'False'
[0.275s] Level 5:colcon.colcon_core.verb:set package 'rosbot' build argument 'cmake_force_configure' from command line to 'False'
[0.275s] Level 5:colcon.colcon_core.verb:set package 'rosbot' build argument 'ament_cmake_args' from command line to 'None'
[0.275s] Level 5:colcon.colcon_core.verb:set package 'rosbot' build argument 'catkin_cmake_args' from command line to 'None'
[0.275s] Level 5:colcon.colcon_core.verb:set package 'rosbot' build argument 'catkin_skip_building_tests' from command line to 'False'
[0.275s] DEBUG:colcon.colcon_core.verb:Building package 'rosbot' with the following arguments: {'ament_cmake_args': None, 'build_base': '/home/parallels/Documents/ros2_ws/build/rosbot', 'catkin_cmake_args': None, 'catkin_skip_building_tests': False, 'cmake_args': None, 'cmake_clean_cache': False, 'cmake_clean_first': False, 'cmake_force_configure': False, 'cmake_target': None, 'cmake_target_skip_unavailable': False, 'install_base': '/home/parallels/Documents/ros2_ws/install/rosbot', 'merge_install': False, 'path': '/home/parallels/Documents/ros2_ws/src/rosbot_ros/rosbot', 'symlink_install': False, 'test_result_base': None}
[0.275s] Level 5:colcon.colcon_core.verb:set package 'rosbot_gazebo' build argument 'cmake_args' from command line to 'None'
[0.275s] Level 5:colcon.colcon_core.verb:set package 'rosbot_gazebo' build argument 'cmake_target' from command line to 'None'
[0.275s] Level 5:colcon.colcon_core.verb:set package 'rosbot_gazebo' build argument 'cmake_target_skip_unavailable' from command line to 'False'
[0.275s] Level 5:colcon.colcon_core.verb:set package 'rosbot_gazebo' build argument 'cmake_clean_cache' from command line to 'False'
[0.275s] Level 5:colcon.colcon_core.verb:set package 'rosbot_gazebo' build argument 'cmake_clean_first' from command line to 'False'
[0.275s] Level 5:colcon.colcon_core.verb:set package 'rosbot_gazebo' build argument 'cmake_force_configure' from command line to 'False'
[0.275s] Level 5:colcon.colcon_core.verb:set package 'rosbot_gazebo' build argument 'ament_cmake_args' from command line to 'None'
[0.275s] Level 5:colcon.colcon_core.verb:set package 'rosbot_gazebo' build argument 'catkin_cmake_args' from command line to 'None'
[0.275s] Level 5:colcon.colcon_core.verb:set package 'rosbot_gazebo' build argument 'catkin_skip_building_tests' from command line to 'False'
[0.275s] DEBUG:colcon.colcon_core.verb:Building package 'rosbot_gazebo' with the following arguments: {'ament_cmake_args': None, 'build_base': '/home/parallels/Documents/ros2_ws/build/rosbot_gazebo', 'catkin_cmake_args': None, 'catkin_skip_building_tests': False, 'cmake_args': None, 'cmake_clean_cache': False, 'cmake_clean_first': False, 'cmake_force_configure': False, 'cmake_target': None, 'cmake_target_skip_unavailable': False, 'install_base': '/home/parallels/Documents/ros2_ws/install/rosbot_gazebo', 'merge_install': False, 'path': '/home/parallels/Documents/ros2_ws/src/rosbot_ros/rosbot_gazebo', 'symlink_install': False, 'test_result_base': None}
[0.276s] INFO:colcon.colcon_core.executor:Executing jobs using 'parallel' executor
[0.276s] DEBUG:colcon.colcon_parallel_executor.executor.parallel:run_until_complete
[0.276s] INFO:colcon.colcon_ros.task.ament_cmake.build:Building ROS package in '/home/parallels/Documents/ros2_ws/src/rosbot_ros/rosbot_description' with build type 'ament_cmake'
[0.276s] INFO:colcon.colcon_cmake.task.cmake.build:Building CMake package in '/home/parallels/Documents/ros2_ws/src/rosbot_ros/rosbot_description'
[0.279s] INFO:colcon.colcon_core.plugin_system:Skipping extension 'colcon_core.shell.bat': Not used on non-Windows systems
[0.279s] INFO:colcon.colcon_core.shell:Skip shell extension 'powershell' for command environment: Not usable outside of PowerShell
[0.279s] DEBUG:colcon.colcon_core.shell:Skip shell extension 'dsv' for command environment
[0.281s] INFO:colcon.colcon_ros.task.ament_python.build:Building ROS package in '/home/parallels/Documents/ros2_ws/src/rosbot_ros/rosbot_utils' with build type 'ament_python'
[0.281s] Level 1:colcon.colcon_core.shell:create_environment_hook('rosbot_utils', 'ament_prefix_path')
[0.281s] INFO:colcon.colcon_core.shell:Creating environment hook '/home/parallels/Documents/ros2_ws/install/rosbot_utils/share/rosbot_utils/hook/ament_prefix_path.ps1'
[0.281s] INFO:colcon.colcon_core.shell:Creating environment descriptor '/home/parallels/Documents/ros2_ws/install/rosbot_utils/share/rosbot_utils/hook/ament_prefix_path.dsv'
[0.282s] INFO:colcon.colcon_core.shell:Creating environment hook '/home/parallels/Documents/ros2_ws/install/rosbot_utils/share/rosbot_utils/hook/ament_prefix_path.sh'
[0.282s] INFO:colcon.colcon_core.shell:Skip shell extension 'powershell' for command environment: Not usable outside of PowerShell
[0.282s] DEBUG:colcon.colcon_core.shell:Skip shell extension 'dsv' for command environment
[0.284s] DEBUG:colcon.colcon_core.event_handler.log_command:Invoking command in '/home/parallels/Documents/ros2_ws/build/rosbot_description': CMAKE_PREFIX_PATH=/opt/ros/humble /usr/bin/cmake /home/parallels/Documents/ros2_ws/src/rosbot_ros/rosbot_description -DCMAKE_INSTALL_PREFIX=/home/parallels/Documents/ros2_ws/install/rosbot_description
[0.421s] INFO:colcon.colcon_core.task.python.build:Building Python package in '/home/parallels/Documents/ros2_ws/src/rosbot_ros/rosbot_utils'
[0.421s] INFO:colcon.colcon_core.shell:Skip shell extension 'powershell' for command environment: Not usable outside of PowerShell
[0.421s] DEBUG:colcon.colcon_core.shell:Skip shell extension 'dsv' for command environment
[0.651s] DEBUG:colcon.colcon_core.event_handler.log_command:Invoking command in '/home/parallels/Documents/ros2_ws/src/rosbot_ros/rosbot_utils': PYTHONPATH=/home/parallels/Documents/ros2_ws/build/rosbot_utils/prefix_override:/home/parallels/Documents/ros2_ws/install/rosbot_utils/lib/python3.10/site-packages:${PYTHONPATH} /usr/bin/python3 -W ignore:setup.py install is deprecated setup.py egg_info --egg-base ../../../build/rosbot_utils build --build-base /home/parallels/Documents/ros2_ws/build/rosbot_utils/build install --record /home/parallels/Documents/ros2_ws/build/rosbot_utils/install.log --single-version-externally-managed install_data
[0.723s] DEBUG:colcon.colcon_core.event_handler.log_command:Invoked command in '/home/parallels/Documents/ros2_ws/build/rosbot_description' returned '0': CMAKE_PREFIX_PATH=/opt/ros/humble /usr/bin/cmake /home/parallels/Documents/ros2_ws/src/rosbot_ros/rosbot_description -DCMAKE_INSTALL_PREFIX=/home/parallels/Documents/ros2_ws/install/rosbot_description
[0.723s] DEBUG:colcon.colcon_core.event_handler.log_command:Invoking command in '/home/parallels/Documents/ros2_ws/build/rosbot_description': CMAKE_PREFIX_PATH=/opt/ros/humble /usr/bin/cmake --build /home/parallels/Documents/ros2_ws/build/rosbot_description -- -j4 -l4
[0.740s] DEBUG:colcon.colcon_core.event_handler.log_command:Invoked command in '/home/parallels/Documents/ros2_ws/build/rosbot_description' returned '0': CMAKE_PREFIX_PATH=/opt/ros/humble /usr/bin/cmake --build /home/parallels/Documents/ros2_ws/build/rosbot_description -- -j4 -l4
[0.752s] DEBUG:colcon.colcon_core.event_handler.log_command:Invoking command in '/home/parallels/Documents/ros2_ws/build/rosbot_description': CMAKE_PREFIX_PATH=/opt/ros/humble /usr/bin/cmake --install /home/parallels/Documents/ros2_ws/build/rosbot_description
[0.768s] Level 1:colcon.colcon_core.environment:create_environment_scripts_only(rosbot_description)
[0.768s] DEBUG:colcon.colcon_core.event_handler.log_command:Invoked command in '/home/parallels/Documents/ros2_ws/build/rosbot_description' returned '0': CMAKE_PREFIX_PATH=/opt/ros/humble /usr/bin/cmake --install /home/parallels/Documents/ros2_ws/build/rosbot_description
[0.774s] Level 1:colcon.colcon_core.environment:checking '/home/parallels/Documents/ros2_ws/install/rosbot_description' for CMake module files
[0.774s] Level 1:colcon.colcon_core.environment:checking '/home/parallels/Documents/ros2_ws/install/rosbot_description' for CMake config files
[0.774s] Level 1:colcon.colcon_core.shell:create_environment_hook('rosbot_description', 'cmake_prefix_path')
[0.774s] INFO:colcon.colcon_core.shell:Creating environment hook '/home/parallels/Documents/ros2_ws/install/rosbot_description/share/rosbot_description/hook/cmake_prefix_path.ps1'
[0.775s] INFO:colcon.colcon_core.shell:Creating environment descriptor '/home/parallels/Documents/ros2_ws/install/rosbot_description/share/rosbot_description/hook/cmake_prefix_path.dsv'
[0.775s] INFO:colcon.colcon_core.shell:Creating environment hook '/home/parallels/Documents/ros2_ws/install/rosbot_description/share/rosbot_description/hook/cmake_prefix_path.sh'
[0.775s] Level 1:colcon.colcon_core.environment:checking '/home/parallels/Documents/ros2_ws/install/rosbot_description/bin'
[0.775s] Level 1:colcon.colcon_core.environment:checking '/home/parallels/Documents/ros2_ws/install/rosbot_description/lib/pkgconfig/rosbot_description.pc'
[0.775s] Level 1:colcon.colcon_core.environment:checking '/home/parallels/Documents/ros2_ws/install/rosbot_description/lib/python3.10/site-packages'
[0.775s] Level 1:colcon.colcon_core.environment:checking '/home/parallels/Documents/ros2_ws/install/rosbot_description/bin'
[0.775s] INFO:colcon.colcon_core.shell:Creating package script '/home/parallels/Documents/ros2_ws/install/rosbot_description/share/rosbot_description/package.ps1'
[0.776s] INFO:colcon.colcon_core.shell:Creating package descriptor '/home/parallels/Documents/ros2_ws/install/rosbot_description/share/rosbot_description/package.dsv'
[0.776s] INFO:colcon.colcon_core.shell:Creating package script '/home/parallels/Documents/ros2_ws/install/rosbot_description/share/rosbot_description/package.sh'
[0.777s] INFO:colcon.colcon_core.shell:Creating package script '/home/parallels/Documents/ros2_ws/install/rosbot_description/share/rosbot_description/package.bash'
[0.777s] INFO:colcon.colcon_core.shell:Creating package script '/home/parallels/Documents/ros2_ws/install/rosbot_description/share/rosbot_description/package.zsh'
[0.778s] Level 1:colcon.colcon_core.environment:create_file_with_runtime_dependencies(/home/parallels/Documents/ros2_ws/install/rosbot_description/share/colcon-core/packages/rosbot_description)
[0.787s] Level 1:colcon.colcon_core.environment:create_environment_scripts_only(rosbot_description)
[0.787s] Level 1:colcon.colcon_core.environment:checking '/home/parallels/Documents/ros2_ws/install/rosbot_description' for CMake module files
[0.788s] Level 1:colcon.colcon_core.environment:checking '/home/parallels/Documents/ros2_ws/install/rosbot_description' for CMake config files
[0.788s] Level 1:colcon.colcon_core.shell:create_environment_hook('rosbot_description', 'cmake_prefix_path')
[0.788s] INFO:colcon.colcon_core.shell:Creating environment hook '/home/parallels/Documents/ros2_ws/install/rosbot_description/share/rosbot_description/hook/cmake_prefix_path.ps1'
[0.788s] INFO:colcon.colcon_core.shell:Creating environment descriptor '/home/parallels/Documents/ros2_ws/install/rosbot_description/share/rosbot_description/hook/cmake_prefix_path.dsv'
[0.788s] INFO:colcon.colcon_core.shell:Creating environment hook '/home/parallels/Documents/ros2_ws/install/rosbot_description/share/rosbot_description/hook/cmake_prefix_path.sh'
[0.788s] Level 1:colcon.colcon_core.environment:checking '/home/parallels/Documents/ros2_ws/install/rosbot_description/bin'
[0.788s] Level 1:colcon.colcon_core.environment:checking '/home/parallels/Documents/ros2_ws/install/rosbot_description/lib/pkgconfig/rosbot_description.pc'
[0.789s] Level 1:colcon.colcon_core.environment:checking '/home/parallels/Documents/ros2_ws/install/rosbot_description/lib/python3.10/site-packages'
[0.789s] Level 1:colcon.colcon_core.environment:checking '/home/parallels/Documents/ros2_ws/install/rosbot_description/bin'
[0.789s] INFO:colcon.colcon_core.shell:Creating package script '/home/parallels/Documents/ros2_ws/install/rosbot_description/share/rosbot_description/package.ps1'
[0.789s] INFO:colcon.colcon_core.shell:Creating package descriptor '/home/parallels/Documents/ros2_ws/install/rosbot_description/share/rosbot_description/package.dsv'
[0.789s] INFO:colcon.colcon_core.shell:Creating package script '/home/parallels/Documents/ros2_ws/install/rosbot_description/share/rosbot_description/package.sh'
[0.789s] INFO:colcon.colcon_core.shell:Creating package script '/home/parallels/Documents/ros2_ws/install/rosbot_description/share/rosbot_description/package.bash'
[0.789s] INFO:colcon.colcon_core.shell:Creating package script '/home/parallels/Documents/ros2_ws/install/rosbot_description/share/rosbot_description/package.zsh'
[0.789s] Level 1:colcon.colcon_core.environment:create_file_with_runtime_dependencies(/home/parallels/Documents/ros2_ws/install/rosbot_description/share/colcon-core/packages/rosbot_description)
[0.790s] INFO:colcon.colcon_ros.task.ament_python.build:Building ROS package in '/home/parallels/Documents/ros2_ws/src/rosbot_ros/rosbot_controller' with build type 'ament_python'
[0.790s] Level 1:colcon.colcon_core.shell:create_environment_hook('rosbot_controller', 'ament_prefix_path')
[0.790s] INFO:colcon.colcon_core.shell:Creating environment hook '/home/parallels/Documents/ros2_ws/install/rosbot_controller/share/rosbot_controller/hook/ament_prefix_path.ps1'
[0.790s] INFO:colcon.colcon_core.shell:Creating environment descriptor '/home/parallels/Documents/ros2_ws/install/rosbot_controller/share/rosbot_controller/hook/ament_prefix_path.dsv'
[0.790s] INFO:colcon.colcon_core.shell:Creating environment hook '/home/parallels/Documents/ros2_ws/install/rosbot_controller/share/rosbot_controller/hook/ament_prefix_path.sh'
[0.790s] INFO:colcon.colcon_core.shell:Skip shell extension 'powershell' for command environment: Not usable outside of PowerShell
[0.790s] DEBUG:colcon.colcon_core.shell:Skip shell extension 'dsv' for command environment
[0.795s] Level 1:colcon.colcon_core.environment:checking '/home/parallels/Documents/ros2_ws/install/rosbot_utils' for CMake module files
[0.795s] DEBUG:colcon.colcon_core.event_handler.log_command:Invoked command in '/home/parallels/Documents/ros2_ws/src/rosbot_ros/rosbot_utils' returned '0': PYTHONPATH=/home/parallels/Documents/ros2_ws/build/rosbot_utils/prefix_override:/home/parallels/Documents/ros2_ws/install/rosbot_utils/lib/python3.10/site-packages:${PYTHONPATH} /usr/bin/python3 -W ignore:setup.py install is deprecated setup.py egg_info --egg-base ../../../build/rosbot_utils build --build-base /home/parallels/Documents/ros2_ws/build/rosbot_utils/build install --record /home/parallels/Documents/ros2_ws/build/rosbot_utils/install.log --single-version-externally-managed install_data
[0.796s] Level 1:colcon.colcon_core.environment:checking '/home/parallels/Documents/ros2_ws/install/rosbot_utils' for CMake config files
[0.796s] Level 1:colcon.colcon_core.environment:checking '/home/parallels/Documents/ros2_ws/install/rosbot_utils/lib'
[0.796s] Level 1:colcon.colcon_core.environment:checking '/home/parallels/Documents/ros2_ws/install/rosbot_utils/bin'
[0.796s] Level 1:colcon.colcon_core.environment:checking '/home/parallels/Documents/ros2_ws/install/rosbot_utils/lib/pkgconfig/rosbot_utils.pc'
[0.796s] Level 1:colcon.colcon_core.environment:checking '/home/parallels/Documents/ros2_ws/install/rosbot_utils/lib/python3.10/site-packages'
[0.796s] Level 1:colcon.colcon_core.shell:create_environment_hook('rosbot_utils', 'pythonpath')
[0.796s] INFO:colcon.colcon_core.shell:Creating environment hook '/home/parallels/Documents/ros2_ws/install/rosbot_utils/share/rosbot_utils/hook/pythonpath.ps1'
[0.797s] INFO:colcon.colcon_core.shell:Creating environment descriptor '/home/parallels/Documents/ros2_ws/install/rosbot_utils/share/rosbot_utils/hook/pythonpath.dsv'
[0.797s] INFO:colcon.colcon_core.shell:Creating environment hook '/home/parallels/Documents/ros2_ws/install/rosbot_utils/share/rosbot_utils/hook/pythonpath.sh'
[0.797s] Level 1:colcon.colcon_core.environment:checking '/home/parallels/Documents/ros2_ws/install/rosbot_utils/bin'
[0.797s] Level 1:colcon.colcon_core.environment:create_environment_scripts_only(rosbot_utils)
[0.797s] INFO:colcon.colcon_core.shell:Creating package script '/home/parallels/Documents/ros2_ws/install/rosbot_utils/share/rosbot_utils/package.ps1'
[0.797s] INFO:colcon.colcon_core.shell:Creating package descriptor '/home/parallels/Documents/ros2_ws/install/rosbot_utils/share/rosbot_utils/package.dsv'
[0.797s] INFO:colcon.colcon_core.shell:Creating package script '/home/parallels/Documents/ros2_ws/install/rosbot_utils/share/rosbot_utils/package.sh'
[0.798s] INFO:colcon.colcon_core.shell:Creating package script '/home/parallels/Documents/ros2_ws/install/rosbot_utils/share/rosbot_utils/package.bash'
[0.798s] INFO:colcon.colcon_core.shell:Creating package script '/home/parallels/Documents/ros2_ws/install/rosbot_utils/share/rosbot_utils/package.zsh'
[0.798s] Level 1:colcon.colcon_core.environment:create_file_with_runtime_dependencies(/home/parallels/Documents/ros2_ws/install/rosbot_utils/share/colcon-core/packages/rosbot_utils)
[0.910s] INFO:colcon.colcon_core.task.python.build:Building Python package in '/home/parallels/Documents/ros2_ws/src/rosbot_ros/rosbot_controller'
[0.910s] INFO:colcon.colcon_core.shell:Skip shell extension 'powershell' for command environment: Not usable outside of PowerShell
[0.910s] DEBUG:colcon.colcon_core.shell:Skip shell extension 'dsv' for command environment
[1.063s] DEBUG:colcon.colcon_core.event_handler.log_command:Invoking command in '/home/parallels/Documents/ros2_ws/src/rosbot_ros/rosbot_controller': AMENT_PREFIX_PATH=/home/parallels/Documents/ros2_ws/install/rosbot_description:${AMENT_PREFIX_PATH} CMAKE_PREFIX_PATH=/home/parallels/Documents/ros2_ws/install/rosbot_description GAZEBO_MODEL_PATH=/home/parallels/Documents/ros2_ws/install/rosbot_description/share GZ_SIM_RESOURCE_PATH=/home/parallels/Documents/ros2_ws/install/rosbot_description/share IGN_GAZEBO_RESOURCE_PATH=/home/parallels/Documents/ros2_ws/install/rosbot_description/share PYTHONPATH=/home/parallels/Documents/ros2_ws/build/rosbot_controller/prefix_override:/home/parallels/Documents/ros2_ws/install/rosbot_controller/lib/python3.10/site-packages:${PYTHONPATH} /usr/bin/python3 -W ignore:setup.py install is deprecated setup.py egg_info --egg-base ../../../build/rosbot_controller build --build-base /home/parallels/Documents/ros2_ws/build/rosbot_controller/build install --record /home/parallels/Documents/ros2_ws/build/rosbot_controller/install.log --single-version-externally-managed install_data
[1.187s] Level 1:colcon.colcon_core.environment:checking '/home/parallels/Documents/ros2_ws/install/rosbot_controller' for CMake module files
[1.187s] DEBUG:colcon.colcon_core.event_handler.log_command:Invoked command in '/home/parallels/Documents/ros2_ws/src/rosbot_ros/rosbot_controller' returned '0': AMENT_PREFIX_PATH=/home/parallels/Documents/ros2_ws/install/rosbot_description:${AMENT_PREFIX_PATH} CMAKE_PREFIX_PATH=/home/parallels/Documents/ros2_ws/install/rosbot_description GAZEBO_MODEL_PATH=/home/parallels/Documents/ros2_ws/install/rosbot_description/share GZ_SIM_RESOURCE_PATH=/home/parallels/Documents/ros2_ws/install/rosbot_description/share IGN_GAZEBO_RESOURCE_PATH=/home/parallels/Documents/ros2_ws/install/rosbot_description/share PYTHONPATH=/home/parallels/Documents/ros2_ws/build/rosbot_controller/prefix_override:/home/parallels/Documents/ros2_ws/install/rosbot_controller/lib/python3.10/site-packages:${PYTHONPATH} /usr/bin/python3 -W ignore:setup.py install is deprecated setup.py egg_info --egg-base ../../../build/rosbot_controller build --build-base /home/parallels/Documents/ros2_ws/build/rosbot_controller/build install --record /home/parallels/Documents/ros2_ws/build/rosbot_controller/install.log --single-version-externally-managed install_data
[1.187s] Level 1:colcon.colcon_core.environment:checking '/home/parallels/Documents/ros2_ws/install/rosbot_controller' for CMake config files
[1.187s] Level 1:colcon.colcon_core.environment:checking '/home/parallels/Documents/ros2_ws/install/rosbot_controller/lib'
[1.187s] Level 1:colcon.colcon_core.environment:checking '/home/parallels/Documents/ros2_ws/install/rosbot_controller/bin'
[1.187s] Level 1:colcon.colcon_core.environment:checking '/home/parallels/Documents/ros2_ws/install/rosbot_controller/lib/pkgconfig/rosbot_controller.pc'
[1.187s] Level 1:colcon.colcon_core.environment:checking '/home/parallels/Documents/ros2_ws/install/rosbot_controller/lib/python3.10/site-packages'
[1.187s] Level 1:colcon.colcon_core.shell:create_environment_hook('rosbot_controller', 'pythonpath')
[1.188s] INFO:colcon.colcon_core.shell:Creating environment hook '/home/parallels/Documents/ros2_ws/install/rosbot_controller/share/rosbot_controller/hook/pythonpath.ps1'
[1.188s] INFO:colcon.colcon_core.shell:Creating environment descriptor '/home/parallels/Documents/ros2_ws/install/rosbot_controller/share/rosbot_controller/hook/pythonpath.dsv'
[1.188s] INFO:colcon.colcon_core.shell:Creating environment hook '/home/parallels/Documents/ros2_ws/install/rosbot_controller/share/rosbot_controller/hook/pythonpath.sh'
[1.188s] Level 1:colcon.colcon_core.environment:checking '/home/parallels/Documents/ros2_ws/install/rosbot_controller/bin'
[1.188s] Level 1:colcon.colcon_core.environment:create_environment_scripts_only(rosbot_controller)
[1.188s] INFO:colcon.colcon_core.shell:Creating package script '/home/parallels/Documents/ros2_ws/install/rosbot_controller/share/rosbot_controller/package.ps1'
[1.188s] INFO:colcon.colcon_core.shell:Creating package descriptor '/home/parallels/Documents/ros2_ws/install/rosbot_controller/share/rosbot_controller/package.dsv'
[1.188s] INFO:colcon.colcon_core.shell:Creating package script '/home/parallels/Documents/ros2_ws/install/rosbot_controller/share/rosbot_controller/package.sh'
[1.189s] INFO:colcon.colcon_core.shell:Creating package script '/home/parallels/Documents/ros2_ws/install/rosbot_controller/share/rosbot_controller/package.bash'
[1.189s] INFO:colcon.colcon_core.shell:Creating package script '/home/parallels/Documents/ros2_ws/install/rosbot_controller/share/rosbot_controller/package.zsh'
[1.189s] Level 1:colcon.colcon_core.environment:create_file_with_runtime_dependencies(/home/parallels/Documents/ros2_ws/install/rosbot_controller/share/colcon-core/packages/rosbot_controller)
[1.189s] INFO:colcon.colcon_ros.task.ament_python.build:Building ROS package in '/home/parallels/Documents/ros2_ws/src/rosbot_ros/rosbot_bringup' with build type 'ament_python'
[1.189s] Level 1:colcon.colcon_core.shell:create_environment_hook('rosbot_bringup', 'ament_prefix_path')
[1.189s] INFO:colcon.colcon_core.shell:Creating environment hook '/home/parallels/Documents/ros2_ws/install/rosbot_bringup/share/rosbot_bringup/hook/ament_prefix_path.ps1'
[1.189s] INFO:colcon.colcon_core.shell:Creating environment descriptor '/home/parallels/Documents/ros2_ws/install/rosbot_bringup/share/rosbot_bringup/hook/ament_prefix_path.dsv'
[1.189s] INFO:colcon.colcon_core.shell:Creating environment hook '/home/parallels/Documents/ros2_ws/install/rosbot_bringup/share/rosbot_bringup/hook/ament_prefix_path.sh'
[1.189s] INFO:colcon.colcon_core.shell:Skip shell extension 'powershell' for command environment: Not usable outside of PowerShell
[1.189s] DEBUG:colcon.colcon_core.shell:Skip shell extension 'dsv' for command environment
[1.301s] INFO:colcon.colcon_core.task.python.build:Building Python package in '/home/parallels/Documents/ros2_ws/src/rosbot_ros/rosbot_bringup'
[1.301s] INFO:colcon.colcon_core.shell:Skip shell extension 'powershell' for command environment: Not usable outside of PowerShell
[1.301s] DEBUG:colcon.colcon_core.shell:Skip shell extension 'dsv' for command environment
[1.457s] DEBUG:colcon.colcon_core.event_handler.log_command:Invoking command in '/home/parallels/Documents/ros2_ws/src/rosbot_ros/rosbot_bringup': AMENT_PREFIX_PATH=/home/parallels/Documents/ros2_ws/install/rosbot_controller:/home/parallels/Documents/ros2_ws/install/rosbot_description:${AMENT_PREFIX_PATH} CMAKE_PREFIX_PATH=/home/parallels/Documents/ros2_ws/install/rosbot_description GAZEBO_MODEL_PATH=/home/parallels/Documents/ros2_ws/install/rosbot_description/share GZ_SIM_RESOURCE_PATH=/home/parallels/Documents/ros2_ws/install/rosbot_description/share IGN_GAZEBO_RESOURCE_PATH=/home/parallels/Documents/ros2_ws/install/rosbot_description/share PYTHONPATH=/home/parallels/Documents/ros2_ws/build/rosbot_bringup/prefix_override:/home/parallels/Documents/ros2_ws/install/rosbot_bringup/lib/python3.10/site-packages:/home/parallels/Documents/ros2_ws/install/rosbot_controller/lib/python3.10/site-packages:${PYTHONPATH} /usr/bin/python3 -W ignore:setup.py install is deprecated setup.py egg_info --egg-base ../../../build/rosbot_bringup build --build-base /home/parallels/Documents/ros2_ws/build/rosbot_bringup/build install --record /home/parallels/Documents/ros2_ws/build/rosbot_bringup/install.log --single-version-externally-managed install_data
[1.577s] Level 1:colcon.colcon_core.environment:checking '/home/parallels/Documents/ros2_ws/install/rosbot_bringup' for CMake module files
[1.578s] DEBUG:colcon.colcon_core.event_handler.log_command:Invoked command in '/home/parallels/Documents/ros2_ws/src/rosbot_ros/rosbot_bringup' returned '0': AMENT_PREFIX_PATH=/home/parallels/Documents/ros2_ws/install/rosbot_controller:/home/parallels/Documents/ros2_ws/install/rosbot_description:${AMENT_PREFIX_PATH} CMAKE_PREFIX_PATH=/home/parallels/Documents/ros2_ws/install/rosbot_description GAZEBO_MODEL_PATH=/home/parallels/Documents/ros2_ws/install/rosbot_description/share GZ_SIM_RESOURCE_PATH=/home/parallels/Documents/ros2_ws/install/rosbot_description/share IGN_GAZEBO_RESOURCE_PATH=/home/parallels/Documents/ros2_ws/install/rosbot_description/share PYTHONPATH=/home/parallels/Documents/ros2_ws/build/rosbot_bringup/prefix_override:/home/parallels/Documents/ros2_ws/install/rosbot_bringup/lib/python3.10/site-packages:/home/parallels/Documents/ros2_ws/install/rosbot_controller/lib/python3.10/site-packages:${PYTHONPATH} /usr/bin/python3 -W ignore:setup.py install is deprecated setup.py egg_info --egg-base ../../../build/rosbot_bringup build --build-base /home/parallels/Documents/ros2_ws/build/rosbot_bringup/build install --record /home/parallels/Documents/ros2_ws/build/rosbot_bringup/install.log --single-version-externally-managed install_data
[1.578s] Level 1:colcon.colcon_core.environment:checking '/home/parallels/Documents/ros2_ws/install/rosbot_bringup' for CMake config files
[1.578s] Level 1:colcon.colcon_core.environment:checking '/home/parallels/Documents/ros2_ws/install/rosbot_bringup/lib'
[1.578s] Level 1:colcon.colcon_core.environment:checking '/home/parallels/Documents/ros2_ws/install/rosbot_bringup/bin'
[1.578s] Level 1:colcon.colcon_core.environment:checking '/home/parallels/Documents/ros2_ws/install/rosbot_bringup/lib/pkgconfig/rosbot_bringup.pc'
[1.578s] Level 1:colcon.colcon_core.environment:checking '/home/parallels/Documents/ros2_ws/install/rosbot_bringup/lib/python3.10/site-packages'
[1.578s] Level 1:colcon.colcon_core.shell:create_environment_hook('rosbot_bringup', 'pythonpath')
[1.578s] INFO:colcon.colcon_core.shell:Creating environment hook '/home/parallels/Documents/ros2_ws/install/rosbot_bringup/share/rosbot_bringup/hook/pythonpath.ps1'
[1.578s] INFO:colcon.colcon_core.shell:Creating environment descriptor '/home/parallels/Documents/ros2_ws/install/rosbot_bringup/share/rosbot_bringup/hook/pythonpath.dsv'
[1.579s] INFO:colcon.colcon_core.shell:Creating environment hook '/home/parallels/Documents/ros2_ws/install/rosbot_bringup/share/rosbot_bringup/hook/pythonpath.sh'
[1.579s] Level 1:colcon.colcon_core.environment:checking '/home/parallels/Documents/ros2_ws/install/rosbot_bringup/bin'
[1.579s] Level 1:colcon.colcon_core.environment:create_environment_scripts_only(rosbot_bringup)
[1.579s] INFO:colcon.colcon_core.shell:Creating package script '/home/parallels/Documents/ros2_ws/install/rosbot_bringup/share/rosbot_bringup/package.ps1'
[1.579s] INFO:colcon.colcon_core.shell:Creating package descriptor '/home/parallels/Documents/ros2_ws/install/rosbot_bringup/share/rosbot_bringup/package.dsv'
[1.580s] INFO:colcon.colcon_core.shell:Creating package script '/home/parallels/Documents/ros2_ws/install/rosbot_bringup/share/rosbot_bringup/package.sh'
[1.580s] INFO:colcon.colcon_core.shell:Creating package script '/home/parallels/Documents/ros2_ws/install/rosbot_bringup/share/rosbot_bringup/package.bash'
[1.580s] INFO:colcon.colcon_core.shell:Creating package script '/home/parallels/Documents/ros2_ws/install/rosbot_bringup/share/rosbot_bringup/package.zsh'
[1.580s] Level 1:colcon.colcon_core.environment:create_file_with_runtime_dependencies(/home/parallels/Documents/ros2_ws/install/rosbot_bringup/share/colcon-core/packages/rosbot_bringup)
[1.580s] INFO:colcon.colcon_ros.task.ament_cmake.build:Building ROS package in '/home/parallels/Documents/ros2_ws/src/rosbot_ros/rosbot' with build type 'ament_cmake'
[1.580s] INFO:colcon.colcon_cmake.task.cmake.build:Building CMake package in '/home/parallels/Documents/ros2_ws/src/rosbot_ros/rosbot'
[1.580s] INFO:colcon.colcon_core.shell:Skip shell extension 'powershell' for command environment: Not usable outside of PowerShell
[1.580s] DEBUG:colcon.colcon_core.shell:Skip shell extension 'dsv' for command environment
[1.582s] INFO:colcon.colcon_ros.task.ament_python.build:Building ROS package in '/home/parallels/Documents/ros2_ws/src/rosbot_ros/rosbot_gazebo' with build type 'ament_python'
[1.582s] Level 1:colcon.colcon_core.shell:create_environment_hook('rosbot_gazebo', 'ament_prefix_path')
[1.582s] INFO:colcon.colcon_core.shell:Creating environment hook '/home/parallels/Documents/ros2_ws/install/rosbot_gazebo/share/rosbot_gazebo/hook/ament_prefix_path.ps1'
[1.582s] INFO:colcon.colcon_core.shell:Creating environment descriptor '/home/parallels/Documents/ros2_ws/install/rosbot_gazebo/share/rosbot_gazebo/hook/ament_prefix_path.dsv'
[1.583s] INFO:colcon.colcon_core.shell:Creating environment hook '/home/parallels/Documents/ros2_ws/install/rosbot_gazebo/share/rosbot_gazebo/hook/ament_prefix_path.sh'
[1.583s] INFO:colcon.colcon_core.shell:Skip shell extension 'powershell' for command environment: Not usable outside of PowerShell
[1.583s] DEBUG:colcon.colcon_core.shell:Skip shell extension 'dsv' for command environment
[1.586s] DEBUG:colcon.colcon_core.event_handler.log_command:Invoking command in '/home/parallels/Documents/ros2_ws/build/rosbot': AMENT_PREFIX_PATH=/home/parallels/Documents/ros2_ws/install/rosbot_bringup:/home/parallels/Documents/ros2_ws/install/rosbot_controller:/home/parallels/Documents/ros2_ws/install/rosbot_utils:/home/parallels/Documents/ros2_ws/install/rosbot_description:${AMENT_PREFIX_PATH} CMAKE_PREFIX_PATH=/home/parallels/Documents/ros2_ws/install/rosbot_description:/opt/ros/humble GAZEBO_MODEL_PATH=/home/parallels/Documents/ros2_ws/install/rosbot_description/share GZ_SIM_RESOURCE_PATH=/home/parallels/Documents/ros2_ws/install/rosbot_description/share IGN_GAZEBO_RESOURCE_PATH=/home/parallels/Documents/ros2_ws/install/rosbot_description/share PYTHONPATH=/home/parallels/Documents/ros2_ws/install/rosbot_bringup/lib/python3.10/site-packages:/home/parallels/Documents/ros2_ws/install/rosbot_controller/lib/python3.10/site-packages:/home/parallels/Documents/ros2_ws/install/rosbot_utils/lib/python3.10/site-packages:${PYTHONPATH} /usr/bin/cmake /home/parallels/Documents/ros2_ws/src/rosbot_ros/rosbot -DCMAKE_INSTALL_PREFIX=/home/parallels/Documents/ros2_ws/install/rosbot
[1.697s] INFO:colcon.colcon_core.task.python.build:Building Python package in '/home/parallels/Documents/ros2_ws/src/rosbot_ros/rosbot_gazebo'
[1.697s] INFO:colcon.colcon_core.shell:Skip shell extension 'powershell' for command environment: Not usable outside of PowerShell
[1.697s] DEBUG:colcon.colcon_core.shell:Skip shell extension 'dsv' for command environment
[1.859s] DEBUG:colcon.colcon_core.event_handler.log_command:Invoking command in '/home/parallels/Documents/ros2_ws/src/rosbot_ros/rosbot_gazebo': AMENT_PREFIX_PATH=/home/parallels/Documents/ros2_ws/install/rosbot_bringup:/home/parallels/Documents/ros2_ws/install/rosbot_controller:/home/parallels/Documents/ros2_ws/install/rosbot_description:${AMENT_PREFIX_PATH} CMAKE_PREFIX_PATH=/home/parallels/Documents/ros2_ws/install/rosbot_description GAZEBO_MODEL_PATH=/home/parallels/Documents/ros2_ws/install/rosbot_description/share GZ_SIM_RESOURCE_PATH=/home/parallels/Documents/ros2_ws/install/rosbot_description/share IGN_GAZEBO_RESOURCE_PATH=/home/parallels/Documents/ros2_ws/install/rosbot_description/share PYTHONPATH=/home/parallels/Documents/ros2_ws/build/rosbot_gazebo/prefix_override:/home/parallels/Documents/ros2_ws/install/rosbot_gazebo/lib/python3.10/site-packages:/home/parallels/Documents/ros2_ws/install/rosbot_bringup/lib/python3.10/site-packages:/home/parallels/Documents/ros2_ws/install/rosbot_controller/lib/python3.10/site-packages:${PYTHONPATH} /usr/bin/python3 -W ignore:setup.py install is deprecated setup.py egg_info --egg-base ../../../build/rosbot_gazebo build --build-base /home/parallels/Documents/ros2_ws/build/rosbot_gazebo/build install --record /home/parallels/Documents/ros2_ws/build/rosbot_gazebo/install.log --single-version-externally-managed install_data
[1.899s] DEBUG:colcon.colcon_core.event_handler.log_command:Invoked command in '/home/parallels/Documents/ros2_ws/build/rosbot' returned '0': AMENT_PREFIX_PATH=/home/parallels/Documents/ros2_ws/install/rosbot_bringup:/home/parallels/Documents/ros2_ws/install/rosbot_controller:/home/parallels/Documents/ros2_ws/install/rosbot_utils:/home/parallels/Documents/ros2_ws/install/rosbot_description:${AMENT_PREFIX_PATH} CMAKE_PREFIX_PATH=/home/parallels/Documents/ros2_ws/install/rosbot_description:/opt/ros/humble GAZEBO_MODEL_PATH=/home/parallels/Documents/ros2_ws/install/rosbot_description/share GZ_SIM_RESOURCE_PATH=/home/parallels/Documents/ros2_ws/install/rosbot_description/share IGN_GAZEBO_RESOURCE_PATH=/home/parallels/Documents/ros2_ws/install/rosbot_description/share PYTHONPATH=/home/parallels/Documents/ros2_ws/install/rosbot_bringup/lib/python3.10/site-packages:/home/parallels/Documents/ros2_ws/install/rosbot_controller/lib/python3.10/site-packages:/home/parallels/Documents/ros2_ws/install/rosbot_utils/lib/python3.10/site-packages:${PYTHONPATH} /usr/bin/cmake /home/parallels/Documents/ros2_ws/src/rosbot_ros/rosbot -DCMAKE_INSTALL_PREFIX=/home/parallels/Documents/ros2_ws/install/rosbot
[1.900s] DEBUG:colcon.colcon_core.event_handler.log_command:Invoking command in '/home/parallels/Documents/ros2_ws/build/rosbot': AMENT_PREFIX_PATH=/home/parallels/Documents/ros2_ws/install/rosbot_bringup:/home/parallels/Documents/ros2_ws/install/rosbot_controller:/home/parallels/Documents/ros2_ws/install/rosbot_utils:/home/parallels/Documents/ros2_ws/install/rosbot_description:${AMENT_PREFIX_PATH} CMAKE_PREFIX_PATH=/home/parallels/Documents/ros2_ws/install/rosbot_description:/opt/ros/humble GAZEBO_MODEL_PATH=/home/parallels/Documents/ros2_ws/install/rosbot_description/share GZ_SIM_RESOURCE_PATH=/home/parallels/Documents/ros2_ws/install/rosbot_description/share IGN_GAZEBO_RESOURCE_PATH=/home/parallels/Documents/ros2_ws/install/rosbot_description/share PYTHONPATH=/home/parallels/Documents/ros2_ws/install/rosbot_bringup/lib/python3.10/site-packages:/home/parallels/Documents/ros2_ws/install/rosbot_controller/lib/python3.10/site-packages:/home/parallels/Documents/ros2_ws/install/rosbot_utils/lib/python3.10/site-packages:${PYTHONPATH} /usr/bin/cmake --build /home/parallels/Documents/ros2_ws/build/rosbot -- -j4 -l4
[1.915s] DEBUG:colcon.colcon_core.event_handler.log_command:Invoked command in '/home/parallels/Documents/ros2_ws/build/rosbot' returned '0': AMENT_PREFIX_PATH=/home/parallels/Documents/ros2_ws/install/rosbot_bringup:/home/parallels/Documents/ros2_ws/install/rosbot_controller:/home/parallels/Documents/ros2_ws/install/rosbot_utils:/home/parallels/Documents/ros2_ws/install/rosbot_description:${AMENT_PREFIX_PATH} CMAKE_PREFIX_PATH=/home/parallels/Documents/ros2_ws/install/rosbot_description:/opt/ros/humble GAZEBO_MODEL_PATH=/home/parallels/Documents/ros2_ws/install/rosbot_description/share GZ_SIM_RESOURCE_PATH=/home/parallels/Documents/ros2_ws/install/rosbot_description/share IGN_GAZEBO_RESOURCE_PATH=/home/parallels/Documents/ros2_ws/install/rosbot_description/share PYTHONPATH=/home/parallels/Documents/ros2_ws/install/rosbot_bringup/lib/python3.10/site-packages:/home/parallels/Documents/ros2_ws/install/rosbot_controller/lib/python3.10/site-packages:/home/parallels/Documents/ros2_ws/install/rosbot_utils/lib/python3.10/site-packages:${PYTHONPATH} /usr/bin/cmake --build /home/parallels/Documents/ros2_ws/build/rosbot -- -j4 -l4
[1.926s] DEBUG:colcon.colcon_core.event_handler.log_command:Invoking command in '/home/parallels/Documents/ros2_ws/build/rosbot': AMENT_PREFIX_PATH=/home/parallels/Documents/ros2_ws/install/rosbot_bringup:/home/parallels/Documents/ros2_ws/install/rosbot_controller:/home/parallels/Documents/ros2_ws/install/rosbot_utils:/home/parallels/Documents/ros2_ws/install/rosbot_description:${AMENT_PREFIX_PATH} CMAKE_PREFIX_PATH=/home/parallels/Documents/ros2_ws/install/rosbot_description:/opt/ros/humble GAZEBO_MODEL_PATH=/home/parallels/Documents/ros2_ws/install/rosbot_description/share GZ_SIM_RESOURCE_PATH=/home/parallels/Documents/ros2_ws/install/rosbot_description/share IGN_GAZEBO_RESOURCE_PATH=/home/parallels/Documents/ros2_ws/install/rosbot_description/share PYTHONPATH=/home/parallels/Documents/ros2_ws/install/rosbot_bringup/lib/python3.10/site-packages:/home/parallels/Documents/ros2_ws/install/rosbot_controller/lib/python3.10/site-packages:/home/parallels/Documents/ros2_ws/install/rosbot_utils/lib/python3.10/site-packages:${PYTHONPATH} /usr/bin/cmake --install /home/parallels/Documents/ros2_ws/build/rosbot
[1.931s] Level 1:colcon.colcon_core.environment:create_environment_scripts_only(rosbot)
[1.931s] Level 1:colcon.colcon_core.environment:checking '/home/parallels/Documents/ros2_ws/install/rosbot' for CMake module files
[1.931s] DEBUG:colcon.colcon_core.event_handler.log_command:Invoked command in '/home/parallels/Documents/ros2_ws/build/rosbot' returned '0': AMENT_PREFIX_PATH=/home/parallels/Documents/ros2_ws/install/rosbot_bringup:/home/parallels/Documents/ros2_ws/install/rosbot_controller:/home/parallels/Documents/ros2_ws/install/rosbot_utils:/home/parallels/Documents/ros2_ws/install/rosbot_description:${AMENT_PREFIX_PATH} CMAKE_PREFIX_PATH=/home/parallels/Documents/ros2_ws/install/rosbot_description:/opt/ros/humble GAZEBO_MODEL_PATH=/home/parallels/Documents/ros2_ws/install/rosbot_description/share GZ_SIM_RESOURCE_PATH=/home/parallels/Documents/ros2_ws/install/rosbot_description/share IGN_GAZEBO_RESOURCE_PATH=/home/parallels/Documents/ros2_ws/install/rosbot_description/share PYTHONPATH=/home/parallels/Documents/ros2_ws/install/rosbot_bringup/lib/python3.10/site-packages:/home/parallels/Documents/ros2_ws/install/rosbot_controller/lib/python3.10/site-packages:/home/parallels/Documents/ros2_ws/install/rosbot_utils/lib/python3.10/site-packages:${PYTHONPATH} /usr/bin/cmake --install /home/parallels/Documents/ros2_ws/build/rosbot
[1.931s] Level 1:colcon.colcon_core.environment:checking '/home/parallels/Documents/ros2_ws/install/rosbot' for CMake config files
[1.931s] Level 1:colcon.colcon_core.shell:create_environment_hook('rosbot', 'cmake_prefix_path')
[1.931s] INFO:colcon.colcon_core.shell:Creating environment hook '/home/parallels/Documents/ros2_ws/install/rosbot/share/rosbot/hook/cmake_prefix_path.ps1'
[1.932s] INFO:colcon.colcon_core.shell:Creating environment descriptor '/home/parallels/Documents/ros2_ws/install/rosbot/share/rosbot/hook/cmake_prefix_path.dsv'
[1.932s] INFO:colcon.colcon_core.shell:Creating environment hook '/home/parallels/Documents/ros2_ws/install/rosbot/share/rosbot/hook/cmake_prefix_path.sh'
[1.932s] Level 1:colcon.colcon_core.environment:checking '/home/parallels/Documents/ros2_ws/install/rosbot/bin'
[1.932s] Level 1:colcon.colcon_core.environment:checking '/home/parallels/Documents/ros2_ws/install/rosbot/lib/pkgconfig/rosbot.pc'
[1.932s] Level 1:colcon.colcon_core.environment:checking '/home/parallels/Documents/ros2_ws/install/rosbot/lib/python3.10/site-packages'
[1.932s] Level 1:colcon.colcon_core.environment:checking '/home/parallels/Documents/ros2_ws/install/rosbot/bin'
[1.932s] INFO:colcon.colcon_core.shell:Creating package script '/home/parallels/Documents/ros2_ws/install/rosbot/share/rosbot/package.ps1'
[1.932s] INFO:colcon.colcon_core.shell:Creating package descriptor '/home/parallels/Documents/ros2_ws/install/rosbot/share/rosbot/package.dsv'
[1.934s] INFO:colcon.colcon_core.shell:Creating package script '/home/parallels/Documents/ros2_ws/install/rosbot/share/rosbot/package.sh'
[1.934s] INFO:colcon.colcon_core.shell:Creating package script '/home/parallels/Documents/ros2_ws/install/rosbot/share/rosbot/package.bash'
[1.934s] INFO:colcon.colcon_core.shell:Creating package script '/home/parallels/Documents/ros2_ws/install/rosbot/share/rosbot/package.zsh'
[1.934s] Level 1:colcon.colcon_core.environment:create_file_with_runtime_dependencies(/home/parallels/Documents/ros2_ws/install/rosbot/share/colcon-core/packages/rosbot)
[1.942s] Level 1:colcon.colcon_core.environment:create_environment_scripts_only(rosbot)
[1.942s] Level 1:colcon.colcon_core.environment:checking '/home/parallels/Documents/ros2_ws/install/rosbot' for CMake module files
[1.942s] Level 1:colcon.colcon_core.environment:checking '/home/parallels/Documents/ros2_ws/install/rosbot' for CMake config files
[1.942s] Level 1:colcon.colcon_core.shell:create_environment_hook('rosbot', 'cmake_prefix_path')
[1.943s] INFO:colcon.colcon_core.shell:Creating environment hook '/home/parallels/Documents/ros2_ws/install/rosbot/share/rosbot/hook/cmake_prefix_path.ps1'
[1.943s] INFO:colcon.colcon_core.shell:Creating environment descriptor '/home/parallels/Documents/ros2_ws/install/rosbot/share/rosbot/hook/cmake_prefix_path.dsv'
[1.943s] INFO:colcon.colcon_core.shell:Creating environment hook '/home/parallels/Documents/ros2_ws/install/rosbot/share/rosbot/hook/cmake_prefix_path.sh'
[1.943s] Level 1:colcon.colcon_core.environment:checking '/home/parallels/Documents/ros2_ws/install/rosbot/bin'
[1.943s] Level 1:colcon.colcon_core.environment:checking '/home/parallels/Documents/ros2_ws/install/rosbot/lib/pkgconfig/rosbot.pc'
[1.943s] Level 1:colcon.colcon_core.environment:checking '/home/parallels/Documents/ros2_ws/install/rosbot/lib/python3.10/site-packages'
[1.943s] Level 1:colcon.colcon_core.environment:checking '/home/parallels/Documents/ros2_ws/install/rosbot/bin'
[1.943s] INFO:colcon.colcon_core.shell:Creating package script '/home/parallels/Documents/ros2_ws/install/rosbot/share/rosbot/package.ps1'
[1.944s] INFO:colcon.colcon_core.shell:Creating package descriptor '/home/parallels/Documents/ros2_ws/install/rosbot/share/rosbot/package.dsv'
[1.944s] INFO:colcon.colcon_core.shell:Creating package script '/home/parallels/Documents/ros2_ws/install/rosbot/share/rosbot/package.sh'
[1.944s] INFO:colcon.colcon_core.shell:Creating package script '/home/parallels/Documents/ros2_ws/install/rosbot/share/rosbot/package.bash'
[1.944s] INFO:colcon.colcon_core.shell:Creating package script '/home/parallels/Documents/ros2_ws/install/rosbot/share/rosbot/package.zsh'
[1.944s] Level 1:colcon.colcon_core.environment:create_file_with_runtime_dependencies(/home/parallels/Documents/ros2_ws/install/rosbot/share/colcon-core/packages/rosbot)
[1.985s] Level 1:colcon.colcon_core.environment:checking '/home/parallels/Documents/ros2_ws/install/rosbot_gazebo' for CMake module files
[1.985s] Level 1:colcon.colcon_core.environment:checking '/home/parallels/Documents/ros2_ws/install/rosbot_gazebo' for CMake config files
[1.986s] Level 1:colcon.colcon_core.environment:checking '/home/parallels/Documents/ros2_ws/install/rosbot_gazebo/lib'
[1.986s] Level 1:colcon.colcon_core.environment:checking '/home/parallels/Documents/ros2_ws/install/rosbot_gazebo/bin'
[1.986s] Level 1:colcon.colcon_core.environment:checking '/home/parallels/Documents/ros2_ws/install/rosbot_gazebo/lib/pkgconfig/rosbot_gazebo.pc'
[1.986s] Level 1:colcon.colcon_core.environment:checking '/home/parallels/Documents/ros2_ws/install/rosbot_gazebo/lib/python3.10/site-packages'
[1.986s] Level 1:colcon.colcon_core.shell:create_environment_hook('rosbot_gazebo', 'pythonpath')
[1.986s] INFO:colcon.colcon_core.shell:Creating environment hook '/home/parallels/Documents/ros2_ws/install/rosbot_gazebo/share/rosbot_gazebo/hook/pythonpath.ps1'
[1.986s] INFO:colcon.colcon_core.shell:Creating environment descriptor '/home/parallels/Documents/ros2_ws/install/rosbot_gazebo/share/rosbot_gazebo/hook/pythonpath.dsv'
[1.986s] INFO:colcon.colcon_core.shell:Creating environment hook '/home/parallels/Documents/ros2_ws/install/rosbot_gazebo/share/rosbot_gazebo/hook/pythonpath.sh'
[1.986s] Level 1:colcon.colcon_core.environment:checking '/home/parallels/Documents/ros2_ws/install/rosbot_gazebo/bin'
[1.986s] Level 1:colcon.colcon_core.environment:create_environment_scripts_only(rosbot_gazebo)
[1.987s] INFO:colcon.colcon_core.shell:Creating package script '/home/parallels/Documents/ros2_ws/install/rosbot_gazebo/share/rosbot_gazebo/package.ps1'
[1.987s] INFO:colcon.colcon_core.shell:Creating package descriptor '/home/parallels/Documents/ros2_ws/install/rosbot_gazebo/share/rosbot_gazebo/package.dsv'
[1.987s] INFO:colcon.colcon_core.shell:Creating package script '/home/parallels/Documents/ros2_ws/install/rosbot_gazebo/share/rosbot_gazebo/package.sh'
[1.987s] INFO:colcon.colcon_core.shell:Creating package script '/home/parallels/Documents/ros2_ws/install/rosbot_gazebo/share/rosbot_gazebo/package.bash'
[1.987s] INFO:colcon.colcon_core.shell:Creating package script '/home/parallels/Documents/ros2_ws/install/rosbot_gazebo/share/rosbot_gazebo/package.zsh'
[1.987s] Level 1:colcon.colcon_core.environment:create_file_with_runtime_dependencies(/home/parallels/Documents/ros2_ws/install/rosbot_gazebo/share/colcon-core/packages/rosbot_gazebo)
[1.987s] DEBUG:colcon.colcon_parallel_executor.executor.parallel:closing loop
[1.987s] DEBUG:colcon.colcon_parallel_executor.executor.parallel:loop closed
[1.988s] DEBUG:colcon.colcon_core.event_handler.log_command:Invoked command in '/home/parallels/Documents/ros2_ws/src/rosbot_ros/rosbot_gazebo' returned '0': AMENT_PREFIX_PATH=/home/parallels/Documents/ros2_ws/install/rosbot_bringup:/home/parallels/Documents/ros2_ws/install/rosbot_controller:/home/parallels/Documents/ros2_ws/install/rosbot_description:${AMENT_PREFIX_PATH} CMAKE_PREFIX_PATH=/home/parallels/Documents/ros2_ws/install/rosbot_description GAZEBO_MODEL_PATH=/home/parallels/Documents/ros2_ws/install/rosbot_description/share GZ_SIM_RESOURCE_PATH=/home/parallels/Documents/ros2_ws/install/rosbot_description/share IGN_GAZEBO_RESOURCE_PATH=/home/parallels/Documents/ros2_ws/install/rosbot_description/share PYTHONPATH=/home/parallels/Documents/ros2_ws/build/rosbot_gazebo/prefix_override:/home/parallels/Documents/ros2_ws/install/rosbot_gazebo/lib/python3.10/site-packages:/home/parallels/Documents/ros2_ws/install/rosbot_bringup/lib/python3.10/site-packages:/home/parallels/Documents/ros2_ws/install/rosbot_controller/lib/python3.10/site-packages:${PYTHONPATH} /usr/bin/python3 -W ignore:setup.py install is deprecated setup.py egg_info --egg-base ../../../build/rosbot_gazebo build --build-base /home/parallels/Documents/ros2_ws/build/rosbot_gazebo/build install --record /home/parallels/Documents/ros2_ws/build/rosbot_gazebo/install.log --single-version-externally-managed install_data
[1.988s] DEBUG:colcon.colcon_parallel_executor.executor.parallel:run_until_complete finished with '0'
[1.988s] DEBUG:colcon.colcon_core.event_reactor:joining thread
[1.993s] INFO:colcon.colcon_core.plugin_system:Skipping extension 'colcon_notification.desktop_notification.terminal_notifier': Not used on non-Darwin systems
[1.993s] INFO:colcon.colcon_core.plugin_system:Skipping extension 'colcon_notification.desktop_notification.win32': Not used on non-Windows systems
[1.993s] INFO:colcon.colcon_notification.desktop_notification:Sending desktop notification using 'notify2'
[2.006s] DEBUG:colcon.colcon_core.event_reactor:joined thread
[2.006s] INFO:colcon.colcon_core.shell:Creating prefix script '/home/parallels/Documents/ros2_ws/install/local_setup.ps1'
[2.007s] INFO:colcon.colcon_core.shell:Creating prefix util module '/home/parallels/Documents/ros2_ws/install/_local_setup_util_ps1.py'
[2.008s] INFO:colcon.colcon_core.shell:Creating prefix chain script '/home/parallels/Documents/ros2_ws/install/setup.ps1'
[2.008s] INFO:colcon.colcon_core.shell:Creating prefix script '/home/parallels/Documents/ros2_ws/install/local_setup.sh'
[2.009s] INFO:colcon.colcon_core.shell:Creating prefix util module '/home/parallels/Documents/ros2_ws/install/_local_setup_util_sh.py'
[2.009s] INFO:colcon.colcon_core.shell:Creating prefix chain script '/home/parallels/Documents/ros2_ws/install/setup.sh'
[2.010s] INFO:colcon.colcon_core.shell:Creating prefix script '/home/parallels/Documents/ros2_ws/install/local_setup.bash'
[2.010s] INFO:colcon.colcon_core.shell:Creating prefix chain script '/home/parallels/Documents/ros2_ws/install/setup.bash'
[2.011s] INFO:colcon.colcon_core.shell:Creating prefix script '/home/parallels/Documents/ros2_ws/install/local_setup.zsh'
[2.011s] INFO:colcon.colcon_core.shell:Creating prefix chain script '/home/parallels/Documents/ros2_ws/install/setup.zsh'
